#! /c/Source/iverilog-install/bin/vvp
:ivl_version "12.0 (devel)" "(s20150603-1110-g18392a46)";
:ivl_delay_selection "TYPICAL";
:vpi_time_precision + 0;
:vpi_module "D:\iverilog\lib\ivl\system.vpi";
:vpi_module "D:\iverilog\lib\ivl\vhdl_sys.vpi";
:vpi_module "D:\iverilog\lib\ivl\vhdl_textio.vpi";
:vpi_module "D:\iverilog\lib\ivl\v2005_math.vpi";
:vpi_module "D:\iverilog\lib\ivl\va_math.vpi";
S_00000195cd87aba0 .scope module, "ExtUnit_LB_206" "ExtUnit_LB_206" 2 49;
 .timescale 0 0;
    .port_info 0 /INPUT 8 "in";
    .port_info 1 /INPUT 1 "ExtOp";
    .port_info 2 /OUTPUT 32 "out";
L_00000195cdc66e80 .functor BUFZ 32, v00000195cdc53840_0, C4<00000000000000000000000000000000>, C4<00000000000000000000000000000000>, C4<00000000000000000000000000000000>;
o00000195cdc676d8 .functor BUFZ 1, C4<z>; HiZ drive
v00000195cdc546a0_0 .net "ExtOp", 0 0, o00000195cdc676d8;  0 drivers
o00000195cdc67708 .functor BUFZ 8, C4<zzzzzzzz>; HiZ drive
v00000195cdc54420_0 .net "in", 7 0, o00000195cdc67708;  0 drivers
v00000195cdc54380_0 .net "out", 31 0, L_00000195cdc66e80;  1 drivers
v00000195cdc53840_0 .var "out_t", 31 0;
E_00000195cdc3d6f0 .event anyedge, v00000195cdc546a0_0, v00000195cdc54420_0;
S_00000195cd805370 .scope module, "ExtUnit_NPC_206" "ExtUnit_NPC_206" 2 1;
 .timescale 0 0;
    .port_info 0 /INPUT 16 "in";
    .port_info 1 /INPUT 1 "ExtOp";
    .port_info 2 /OUTPUT 30 "out";
L_00000195cdc664e0 .functor BUFZ 30, v00000195cdc547e0_0, C4<000000000000000000000000000000>, C4<000000000000000000000000000000>, C4<000000000000000000000000000000>;
o00000195cdc67828 .functor BUFZ 1, C4<z>; HiZ drive
v00000195cdc53ac0_0 .net "ExtOp", 0 0, o00000195cdc67828;  0 drivers
o00000195cdc67858 .functor BUFZ 16, C4<zzzzzzzzzzzzzzzz>; HiZ drive
v00000195cdc54e20_0 .net "in", 15 0, o00000195cdc67858;  0 drivers
v00000195cdc544c0_0 .net "out", 29 0, L_00000195cdc664e0;  1 drivers
v00000195cdc547e0_0 .var "out_t", 29 0;
E_00000195cdc3e070 .event anyedge, v00000195cdc53ac0_0, v00000195cdc54e20_0;
S_00000195cd805500 .scope module, "PipeLine_CPU" "PipeLine_CPU" 3 7;
 .timescale 0 0;
    .port_info 0 /INPUT 1 "clk";
    .port_info 1 /INPUT 1 "rst";
v00000195cdcbda40_0 .net "ALUCtr_Ex", 4 0, v00000195cdcbd290_0;  1 drivers
v00000195cdcbebc0_0 .net "ALUCtr_ID", 4 0, v00000195cdcb7f10_0;  1 drivers
v00000195cdcbdcc0_0 .net "ALUSrc_Ex", 0 0, v00000195cdcbbd50_0;  1 drivers
v00000195cdcbdd60_0 .net "ALUSrc_ID", 0 0, v00000195cdcb8690_0;  1 drivers
v00000195cdcbe1c0_0 .net "Branch_Ex", 0 0, v00000195cdcbbe90_0;  1 drivers
v00000195cdcc2220_0 .net "Branch_ID", 0 0, v00000195cdcb8230_0;  1 drivers
v00000195cdcc25e0_0 .net "ExtOp_Ex", 1 0, v00000195cdcbd470_0;  1 drivers
v00000195cdcc13c0_0 .net "ExtOp_ID", 1 0, v00000195cdcb8b90_0;  1 drivers
v00000195cdcc1500_0 .net "Instruction_ID", 31 0, v00000195cdcbf660_0;  1 drivers
v00000195cdcc1be0_0 .net "Instruction_IF", 31 0, L_00000195cdc66d30;  1 drivers
v00000195cdcc0920_0 .net "J_Addr_Ex", 31 0, v00000195cdcbc930_0;  1 drivers
v00000195cdcc1b40_0 .net "J_Addr_ID", 31 0, L_00000195cdd1c4d0;  1 drivers
v00000195cdcc0ba0_0 .net "Jal_Ex", 0 0, v00000195cdcbc430_0;  1 drivers
v00000195cdcc16e0_0 .net "Jal_ID", 0 0, v00000195cdcb7970_0;  1 drivers
v00000195cdcc0c40_0 .net "Jump_Ex", 0 0, v00000195cdcbd330_0;  1 drivers
v00000195cdcc09c0_0 .net "Jump_ID", 0 0, v00000195cdcb8550_0;  1 drivers
v00000195cdcc1aa0_0 .net "LoadByte_Ex", 1 0, v00000195cdcbc110_0;  1 drivers
v00000195cdcc1640_0 .net "LoadByte_ID", 1 0, v00000195cdcb8870_0;  1 drivers
v00000195cdcc10a0_0 .net "MemToReg_Ex", 0 0, v00000195cdcbc2f0_0;  1 drivers
v00000195cdcc1a00_0 .net "MemToReg_ID", 0 0, v00000195cdcb82d0_0;  1 drivers
v00000195cdcc1c80_0 .net "MemWr_Ex", 0 0, v00000195cdcbd5b0_0;  1 drivers
v00000195cdcc20e0_0 .net "MemWr_ID", 0 0, v00000195cdcb7ab0_0;  1 drivers
v00000195cdcc1820_0 .net "OP_ID", 5 0, L_00000195cdc66160;  1 drivers
v00000195cdcc0ec0_0 .net "OP_out_Ex", 5 0, v00000195cdcbcf70_0;  1 drivers
v00000195cdcc1140_0 .net "PC_Addr_ID", 31 0, v00000195cdcbdfe0_0;  1 drivers
v00000195cdcc2680_0 .net "PC_Addr_ID_Out", 31 0, L_00000195cdc66da0;  1 drivers
v00000195cdcc1280_0 .net "PC_Addr_IF", 31 0, L_00000195cdcc0a60;  1 drivers
v00000195cdcc11e0_0 .net "PC_Addr_out_Ex", 31 0, v00000195cdcbc6b0_0;  1 drivers
v00000195cdcc0ce0_0 .net "RegDst_Ex", 0 0, v00000195cdcbb990_0;  1 drivers
v00000195cdcc1d20_0 .net "RegDst_ID", 0 0, v00000195cdcb8370_0;  1 drivers
v00000195cdcc0d80_0 .net "RegWr_Ex", 0 0, v00000195cdcbd1f0_0;  1 drivers
v00000195cdcc1dc0_0 .net "RegWr_ID", 0 0, v00000195cdcb85f0_0;  1 drivers
v00000195cdcc1e60_0 .net "Rtype_Ex", 0 0, v00000195cdcbcc50_0;  1 drivers
v00000195cdcc24a0_0 .net "Rtype_ID", 0 0, v00000195cdcbb280_0;  1 drivers
v00000195cdcc22c0_0 .net "Rtype_J_Ex", 0 0, v00000195cdcbd010_0;  1 drivers
v00000195cdcc1f00_0 .net "Rtype_J_ID", 0 0, v00000195cdcba4c0_0;  1 drivers
v00000195cdcc1000_0 .net "Rtype_L_Ex", 0 0, v00000195cdcbd150_0;  1 drivers
v00000195cdcc1fa0_0 .net "Rtype_L_ID", 0 0, v00000195cdcb9c00_0;  1 drivers
v00000195cdcc1320_0 .net "WrByte_Ex", 0 0, v00000195cdcbd3d0_0;  1 drivers
v00000195cdcc1780_0 .net "WrByte_ID", 0 0, v00000195cdcb9980_0;  1 drivers
v00000195cdcc2540_0 .net "busA_Ex", 31 0, v00000195cdcbb7b0_0;  1 drivers
v00000195cdcc2040_0 .net "busA_ID", 31 0, L_00000195cdc66cc0;  1 drivers
v00000195cdcc18c0_0 .net "busB_Ex", 31 0, v00000195cdcbe3a0_0;  1 drivers
v00000195cdcc1460_0 .net "busB_ID", 31 0, L_00000195cdc66ef0;  1 drivers
o00000195cdc694d8 .functor BUFZ 1, C4<z>; HiZ drive
v00000195cdcc2180_0 .net "clk", 0 0, o00000195cdc694d8;  0 drivers
v00000195cdcc15a0_0 .net "imm16_Ex", 15 0, v00000195cdcbe580_0;  1 drivers
v00000195cdcc1960_0 .net "imm16_ID", 15 0, L_00000195cdc66710;  1 drivers
o00000195cdc6afd8 .functor BUFZ 1, C4<z>; HiZ drive
v00000195cdcc2360_0 .net "rst", 0 0, o00000195cdc6afd8;  0 drivers
v00000195cdcc2400_0 .net "shamt_Ex", 4 0, v00000195cdcbf0c0_0;  1 drivers
v00000195cdcc07e0_0 .net "shamt_ID", 4 0, L_00000195cdc661d0;  1 drivers
L_00000195cdd1c610 .part v00000195cdcbf660_0, 0, 6;
L_00000195cdd1c070 .part v00000195cdcbf660_0, 26, 6;
L_00000195cdd1bd50 .part v00000195cdcbf660_0, 21, 5;
L_00000195cdd1c1b0 .part v00000195cdcbf660_0, 16, 5;
L_00000195cdd1ab30 .part v00000195cdcbf660_0, 11, 5;
L_00000195cdd1b210 .part v00000195cdcbf660_0, 6, 5;
L_00000195cdd1c6b0 .part v00000195cdcbf660_0, 0, 16;
L_00000195cdd1c110 .part v00000195cdcbf660_0, 0, 26;
S_00000195cd805690 .scope module, "ExecUnit" "Exec_Unit_206" 3 198, 4 6 0, S_00000195cd805500;
 .timescale 0 0;
    .port_info 0 /INPUT 32 "busA_Ex";
    .port_info 1 /INPUT 32 "busB_Ex";
    .port_info 2 /INPUT 32 "PC_Addr_Ex";
    .port_info 3 /INPUT 32 "J_Addr_Ex";
    .port_info 4 /INPUT 16 "imm16_Ex";
    .port_info 5 /INPUT 6 "OP_Ex";
    .port_info 6 /INPUT 5 "shamt_Ex";
    .port_info 7 /INPUT 1 "Branch_Ex";
    .port_info 8 /INPUT 1 "Jump_Ex";
    .port_info 9 /INPUT 1 "RegDst_Ex";
    .port_info 10 /INPUT 1 "ALUSrc_Ex";
    .port_info 11 /INPUT 5 "ALUCtr_Ex";
    .port_info 12 /INPUT 1 "MemToReg_Ex";
    .port_info 13 /INPUT 1 "RegWr_Ex";
    .port_info 14 /INPUT 1 "MemWr_Ex";
    .port_info 15 /INPUT 2 "ExtOp_Ex";
    .port_info 16 /INPUT 1 "Jal_Ex";
    .port_info 17 /INPUT 1 "Rtype_J_Ex";
    .port_info 18 /INPUT 1 "Rtype_L_Ex";
    .port_info 19 /INPUT 1 "WrByte_Ex";
    .port_info 20 /INPUT 2 "LoadByte_Ex";
    .port_info 21 /INPUT 2 "ALUSrcA_ByPassing";
    .port_info 22 /INPUT 2 "ALUSrcB_ByPassing";
    .port_info 23 /INPUT 32 "Ex_Mem_ByPassing";
    .port_info 24 /INPUT 32 "Mem_Wr_ByPassing";
    .port_info 25 /OUTPUT 32 "ALU_ans_Ex";
    .port_info 26 /OUTPUT 32 "busB_Ex_out";
    .port_info 27 /OUTPUT 1 "ZF_Ex";
    .port_info 28 /OUTPUT 1 "OF_Ex";
    .port_info 29 /OUTPUT 1 "Sign_Ex";
L_00000195cdc66b00 .functor BUFZ 32, v00000195cdcbe3a0_0, C4<00000000000000000000000000000000>, C4<00000000000000000000000000000000>, C4<00000000000000000000000000000000>;
v00000195cdcb8cd0_0 .net "ALUCtr_Ex", 4 0, v00000195cdcbd290_0;  alias, 1 drivers
o00000195cdc68248 .functor BUFZ 2, C4<zz>; HiZ drive
v00000195cdcb8050_0 .net "ALUSrcA_ByPassing", 1 0, o00000195cdc68248;  0 drivers
o00000195cdc68278 .functor BUFZ 2, C4<zz>; HiZ drive
v00000195cdcb8e10_0 .net "ALUSrcB_ByPassing", 1 0, o00000195cdc68278;  0 drivers
v00000195cdcb91d0_0 .net "ALUSrc_Ex", 0 0, v00000195cdcbbd50_0;  alias, 1 drivers
v00000195cdcb8910_0 .net "ALU_ans_Ex", 31 0, v00000195cdc54b00_0;  1 drivers
v00000195cdcb9270_0 .net "ALU_input_A", 31 0, v00000195cd8a7240_0;  1 drivers
v00000195cdcb7c90_0 .net "ALU_input_B", 31 0, v00000195cdcb9130_0;  1 drivers
v00000195cdcb9310_0 .net "Branch_Ex", 0 0, v00000195cdcbbe90_0;  alias, 1 drivers
o00000195cdc68308 .functor BUFZ 32, C4<zzzzzzzzzzzzzzzzzzzzzzzzzzzzzzzz>; HiZ drive
v00000195cdcb8af0_0 .net "Ex_Mem_ByPassing", 31 0, o00000195cdc68308;  0 drivers
v00000195cdcb8c30_0 .net "ExtOp_Ex", 1 0, v00000195cdcbd470_0;  alias, 1 drivers
v00000195cdcb8eb0_0 .net "J_Addr_Ex", 31 0, v00000195cdcbc930_0;  alias, 1 drivers
v00000195cdcb7bf0_0 .net "Jal_Ex", 0 0, v00000195cdcbc430_0;  alias, 1 drivers
v00000195cdcb93b0_0 .net "Jump_Ex", 0 0, v00000195cdcbd330_0;  alias, 1 drivers
v00000195cdcb9450_0 .net "LoadByte_Ex", 1 0, v00000195cdcbc110_0;  alias, 1 drivers
v00000195cdcb8730_0 .net "MemToReg_Ex", 0 0, v00000195cdcbc2f0_0;  alias, 1 drivers
v00000195cdcb8f50_0 .net "MemWr_Ex", 0 0, v00000195cdcbd5b0_0;  alias, 1 drivers
o00000195cdc68458 .functor BUFZ 32, C4<zzzzzzzzzzzzzzzzzzzzzzzzzzzzzzzz>; HiZ drive
v00000195cdcb94f0_0 .net "Mem_Wr_ByPassing", 31 0, o00000195cdc68458;  0 drivers
v00000195cdcb9590_0 .net "OF_Ex", 0 0, v00000195cdc54920_0;  1 drivers
v00000195cdcb8a50_0 .net "OP_Ex", 5 0, v00000195cdcbcf70_0;  alias, 1 drivers
v00000195cdcb8d70_0 .net "PC_Addr_Ex", 31 0, v00000195cdcbc6b0_0;  alias, 1 drivers
v00000195cdcb9630_0 .net "RegDst_Ex", 0 0, v00000195cdcbb990_0;  alias, 1 drivers
v00000195cdcb80f0_0 .net "RegWr_Ex", 0 0, v00000195cdcbd1f0_0;  alias, 1 drivers
v00000195cdcb7a10_0 .net "Rtype_J_Ex", 0 0, v00000195cdcbd010_0;  alias, 1 drivers
v00000195cdcb89b0_0 .net "Rtype_L_Ex", 0 0, v00000195cdcbd150_0;  alias, 1 drivers
v00000195cdcb8190_0 .net "Sign_Ex", 0 0, v00000195cdc55320_0;  1 drivers
v00000195cdcb87d0_0 .net "WrByte_Ex", 0 0, v00000195cdcbd3d0_0;  alias, 1 drivers
v00000195cdcb7e70_0 .net "ZF_Ex", 0 0, v00000195cdc54a60_0;  1 drivers
L_00000195cdcc2be0 .functor BUFT 1, C4<0>, C4<0>, C4<0>, C4<0>;
v00000195cdcb8ff0_0 .net/2u *"_ivl_2", 0 0, L_00000195cdcc2be0;  1 drivers
v00000195cdcb7790_0 .net "busA_Ex", 31 0, v00000195cdcbb7b0_0;  alias, 1 drivers
v00000195cdcb78d0_0 .net "busB_Ex", 31 0, v00000195cdcbe3a0_0;  alias, 1 drivers
v00000195cdcb7b50_0 .net "busB_Ex_out", 31 0, L_00000195cdc66b00;  1 drivers
v00000195cdcb7fb0_0 .net "imm16_Ex", 15 0, v00000195cdcbe580_0;  alias, 1 drivers
v00000195cdcb9090_0 .net "imm_16_Ext", 31 0, L_00000195cdc66010;  1 drivers
v00000195cdcb84b0_0 .net "shamt_Ex", 4 0, v00000195cdcbf0c0_0;  alias, 1 drivers
L_00000195cdd1c250 .concat [ 1 1 0 0], v00000195cdcbbd50_0, L_00000195cdcc2be0;
S_00000195cd8a8410 .scope module, "ALU" "ALU206" 4 55, 5 1 0, S_00000195cd805690;
 .timescale 0 0;
    .port_info 0 /INPUT 5 "ALUCtr";
    .port_info 1 /INPUT 32 "A";
    .port_info 2 /INPUT 32 "B";
    .port_info 3 /INPUT 5 "shamt";
    .port_info 4 /OUTPUT 32 "result";
    .port_info 5 /OUTPUT 1 "OverFlow";
    .port_info 6 /OUTPUT 1 "Zero";
    .port_info 7 /OUTPUT 1 "Sign";
v00000195cdc53e80_0 .net "A", 31 0, v00000195cd8a7240_0;  alias, 1 drivers
v00000195cdc54ec0_0 .net "ALUCtr", 4 0, v00000195cdcbd290_0;  alias, 1 drivers
v00000195cdc53f20_0 .net "B", 31 0, v00000195cdcb9130_0;  alias, 1 drivers
v00000195cdc54920_0 .var "OverFlow", 0 0;
v00000195cdc55320_0 .var "Sign", 0 0;
v00000195cdc54a60_0 .var "Zero", 0 0;
v00000195cdc54b00_0 .var "result", 31 0;
v00000195cdc53a20_0 .net "shamt", 4 0, v00000195cdcbf0c0_0;  alias, 1 drivers
v00000195cdc54f60_0 .var/i "t1", 31 0;
v00000195cdc54ce0_0 .var/i "t2", 31 0;
v00000195cdc550a0_0 .var "temp", 32 0;
E_00000195cdc3df30/0 .event anyedge, v00000195cdc54ec0_0, v00000195cdc53e80_0, v00000195cdc53f20_0, v00000195cdc550a0_0;
E_00000195cdc3df30/1 .event anyedge, v00000195cdc54f60_0, v00000195cdc54ce0_0, v00000195cdc53a20_0, v00000195cdc54b00_0;
E_00000195cdc3df30 .event/or E_00000195cdc3df30/0, E_00000195cdc3df30/1;
S_00000195cd7a6880 .scope module, "ExtUnit_Ex" "ExtUnit_DataPath_206" 4 66, 2 23 0, S_00000195cd805690;
 .timescale 0 0;
    .port_info 0 /INPUT 16 "in";
    .port_info 1 /INPUT 2 "ExtOp";
    .port_info 2 /OUTPUT 32 "out";
L_00000195cdc66010 .functor BUFZ 32, v00000195cdc53700_0, C4<00000000000000000000000000000000>, C4<00000000000000000000000000000000>, C4<00000000000000000000000000000000>;
v00000195cdc55140_0 .net "ExtOp", 1 0, v00000195cdcbd470_0;  alias, 1 drivers
v00000195cdc551e0_0 .net "in", 15 0, v00000195cdcbe580_0;  alias, 1 drivers
v00000195cdc53fc0_0 .net "out", 31 0, L_00000195cdc66010;  alias, 1 drivers
v00000195cdc53700_0 .var "out_t", 31 0;
E_00000195cdc3daf0 .event anyedge, v00000195cdc55140_0, v00000195cdc551e0_0;
S_00000195cd7a6a10 .scope module, "MUX_ALUSrc_A" "MUX_4_206" 4 73, 6 13 0, S_00000195cd805690;
 .timescale 0 0;
    .port_info 0 /INPUT 32 "A";
    .port_info 1 /INPUT 32 "B";
    .port_info 2 /INPUT 32 "C";
    .port_info 3 /INPUT 32 "D";
    .port_info 4 /INPUT 2 "S";
    .port_info 5 /OUTPUT 32 "Y";
P_00000195cdc3e3f0 .param/l "WIDTH" 0 6 13, +C4<00000000000000000000000000100000>;
o00000195cdc67e58 .functor BUFZ 32, C4<zzzzzzzzzzzzzzzzzzzzzzzzzzzzzzzz>; HiZ drive
v00000195cdc537a0_0 .net "A", 31 0, o00000195cdc67e58;  0 drivers
o00000195cdc67e88 .functor BUFZ 32, C4<zzzzzzzzzzzzzzzzzzzzzzzzzzzzzzzz>; HiZ drive
v00000195cdc53980_0 .net "B", 31 0, o00000195cdc67e88;  0 drivers
v00000195cdc53b60_0 .net "C", 31 0, L_00000195cdc66010;  alias, 1 drivers
v00000195cdc53c00_0 .net "D", 31 0, v00000195cdcbb7b0_0;  alias, 1 drivers
v00000195cdc53ca0_0 .net "S", 1 0, L_00000195cdd1c250;  1 drivers
v00000195cd8a7240_0 .var "Y", 31 0;
E_00000195cdc3d8b0/0 .event anyedge, v00000195cdc53ca0_0, v00000195cdc53c00_0, v00000195cdc53fc0_0, v00000195cdc53980_0;
E_00000195cdc3d8b0/1 .event anyedge, v00000195cdc537a0_0;
E_00000195cdc3d8b0 .event/or E_00000195cdc3d8b0/0, E_00000195cdc3d8b0/1;
S_00000195cd7a6ba0 .scope module, "MUX_ALUSrc_B" "MUX_4_206" 4 83, 6 13 0, S_00000195cd805690;
 .timescale 0 0;
    .port_info 0 /INPUT 32 "A";
    .port_info 1 /INPUT 32 "B";
    .port_info 2 /INPUT 32 "C";
    .port_info 3 /INPUT 32 "D";
    .port_info 4 /INPUT 2 "S";
    .port_info 5 /OUTPUT 32 "Y";
P_00000195cdc3dcb0 .param/l "WIDTH" 0 6 13, +C4<00000000000000000000000000100000>;
o00000195cdc68038 .functor BUFZ 32, C4<zzzzzzzzzzzzzzzzzzzzzzzzzzzzzzzz>; HiZ drive
v00000195cd8a7880_0 .net "A", 31 0, o00000195cdc68038;  0 drivers
o00000195cdc68068 .functor BUFZ 32, C4<zzzzzzzzzzzzzzzzzzzzzzzzzzzzzzzz>; HiZ drive
v00000195cd8a7920_0 .net "B", 31 0, o00000195cdc68068;  0 drivers
o00000195cdc68098 .functor BUFZ 32, C4<zzzzzzzzzzzzzzzzzzzzzzzzzzzzzzzz>; HiZ drive
v00000195cdcb7dd0_0 .net "C", 31 0, o00000195cdc68098;  0 drivers
v00000195cdcb7830_0 .net "D", 31 0, v00000195cdcbe3a0_0;  alias, 1 drivers
L_00000195cdcc2c28 .functor BUFT 1, C4<00>, C4<0>, C4<0>, C4<0>;
v00000195cdcb8410_0 .net "S", 1 0, L_00000195cdcc2c28;  1 drivers
v00000195cdcb9130_0 .var "Y", 31 0;
E_00000195cdc3dcf0/0 .event anyedge, v00000195cdcb8410_0, v00000195cdcb7830_0, v00000195cdcb7dd0_0, v00000195cd8a7920_0;
E_00000195cdc3dcf0/1 .event anyedge, v00000195cd8a7880_0;
E_00000195cdc3dcf0 .event/or E_00000195cdc3dcf0/0, E_00000195cdc3dcf0/1;
S_00000195cd7aea10 .scope module, "IDUnit" "IDUnit_206" 3 98, 7 5 0, S_00000195cd805500;
 .timescale 0 0;
    .port_info 0 /INPUT 1 "clk";
    .port_info 1 /INPUT 32 "busW";
    .port_info 2 /INPUT 5 "Rw_Wr";
    .port_info 3 /INPUT 1 "RegWr_Wr";
    .port_info 4 /INPUT 1 "OverFlow_Wr";
    .port_info 5 /INPUT 1 "Jal_Wr";
    .port_info 6 /INPUT 6 "func";
    .port_info 7 /INPUT 6 "OP";
    .port_info 8 /INPUT 5 "Rs";
    .port_info 9 /INPUT 5 "Rt";
    .port_info 10 /INPUT 5 "Rd";
    .port_info 11 /INPUT 5 "shamt";
    .port_info 12 /INPUT 16 "imm16";
    .port_info 13 /INPUT 26 "J_Target";
    .port_info 14 /INPUT 32 "PC_Addr";
    .port_info 15 /OUTPUT 32 "busA";
    .port_info 16 /OUTPUT 32 "busB";
    .port_info 17 /OUTPUT 32 "PC_Addr_out";
    .port_info 18 /OUTPUT 32 "J_Addr";
    .port_info 19 /OUTPUT 6 "func_out";
    .port_info 20 /OUTPUT 6 "OP_out";
    .port_info 21 /OUTPUT 16 "imm16_out";
    .port_info 22 /OUTPUT 5 "shamt_out";
    .port_info 23 /OUTPUT 1 "Branch";
    .port_info 24 /OUTPUT 1 "Jump";
    .port_info 25 /OUTPUT 1 "RegDst";
    .port_info 26 /OUTPUT 1 "ALUSrc";
    .port_info 27 /OUTPUT 5 "ALUCtr";
    .port_info 28 /OUTPUT 1 "MemToReg";
    .port_info 29 /OUTPUT 1 "RegWr";
    .port_info 30 /OUTPUT 1 "MemWr";
    .port_info 31 /OUTPUT 2 "ExtOp";
    .port_info 32 /OUTPUT 1 "Rtype";
    .port_info 33 /OUTPUT 1 "Jal";
    .port_info 34 /OUTPUT 1 "Rtype_J";
    .port_info 35 /OUTPUT 1 "Rtype_L";
    .port_info 36 /OUTPUT 1 "WrByte";
    .port_info 37 /OUTPUT 2 "LoadByte";
L_00000195cdc66da0 .functor BUFZ 32, v00000195cdcbdfe0_0, C4<00000000000000000000000000000000>, C4<00000000000000000000000000000000>, C4<00000000000000000000000000000000>;
L_00000195cdc66860 .functor BUFZ 6, L_00000195cdd1c610, C4<000000>, C4<000000>, C4<000000>;
L_00000195cdc66160 .functor BUFZ 6, L_00000195cdd1c070, C4<000000>, C4<000000>, C4<000000>;
L_00000195cdc66710 .functor BUFZ 16, L_00000195cdd1c6b0, C4<0000000000000000>, C4<0000000000000000>, C4<0000000000000000>;
L_00000195cdc661d0 .functor BUFZ 5, L_00000195cdd1b210, C4<00000>, C4<00000>, C4<00000>;
L_00000195cdcc2b08 .functor BUFT 1, C4<0>, C4<0>, C4<0>, C4<0>;
L_00000195cdc665c0 .functor NOT 1, L_00000195cdcc2b08, C4<0>, C4<0>, C4<0>;
L_00000195cdcc2ac0 .functor BUFT 1, C4<0>, C4<0>, C4<0>, C4<0>;
L_00000195cdc66940 .functor AND 1, L_00000195cdc665c0, L_00000195cdcc2ac0, C4<1>, C4<1>;
v00000195cdcbb500_0 .net "ALUCtr", 4 0, v00000195cdcb7f10_0;  alias, 1 drivers
v00000195cdcbb1e0_0 .net "ALUSrc", 0 0, v00000195cdcb8690_0;  alias, 1 drivers
v00000195cdcbb640_0 .net "Branch", 0 0, v00000195cdcb8230_0;  alias, 1 drivers
v00000195cdcbb320_0 .net "ExtOp", 1 0, v00000195cdcb8b90_0;  alias, 1 drivers
v00000195cdcbaec0_0 .net "J_Addr", 31 0, L_00000195cdd1c4d0;  alias, 1 drivers
v00000195cdcbac40_0 .net "J_Target", 25 0, L_00000195cdd1c110;  1 drivers
v00000195cdcbb3c0_0 .net "Jal", 0 0, v00000195cdcb7970_0;  alias, 1 drivers
L_00000195cdcc2b50 .functor BUFT 1, C4<0>, C4<0>, C4<0>, C4<0>;
v00000195cdcb9b60_0 .net "Jal_Wr", 0 0, L_00000195cdcc2b50;  1 drivers
v00000195cdcbaf60_0 .net "Jump", 0 0, v00000195cdcb8550_0;  alias, 1 drivers
v00000195cdcba060_0 .net "LoadByte", 1 0, v00000195cdcb8870_0;  alias, 1 drivers
v00000195cdcbaa60_0 .net "MemToReg", 0 0, v00000195cdcb82d0_0;  alias, 1 drivers
v00000195cdcba100_0 .net "MemWr", 0 0, v00000195cdcb7ab0_0;  alias, 1 drivers
v00000195cdcbace0_0 .net "OP", 5 0, L_00000195cdd1c070;  1 drivers
v00000195cdcba9c0_0 .net "OP_out", 5 0, L_00000195cdc66160;  alias, 1 drivers
v00000195cdcbb0a0_0 .net "OverFlow_Wr", 0 0, L_00000195cdcc2b08;  1 drivers
v00000195cdcb97a0_0 .net "PC_Addr", 31 0, v00000195cdcbdfe0_0;  alias, 1 drivers
v00000195cdcba2e0_0 .net "PC_Addr_out", 31 0, L_00000195cdc66da0;  alias, 1 drivers
v00000195cdcba240_0 .net "Rd", 4 0, L_00000195cdd1ab30;  1 drivers
v00000195cdcbad80_0 .net "RegDst", 0 0, v00000195cdcb8370_0;  alias, 1 drivers
v00000195cdcba380_0 .net "RegWr", 0 0, v00000195cdcb85f0_0;  alias, 1 drivers
v00000195cdcb9840_0 .net "RegWr_Wr", 0 0, L_00000195cdcc2ac0;  1 drivers
v00000195cdcba420_0 .net "Rs", 4 0, L_00000195cdd1bd50;  1 drivers
v00000195cdcb98e0_0 .net "Rt", 4 0, L_00000195cdd1c1b0;  1 drivers
v00000195cdcbb000_0 .net "Rtype", 0 0, v00000195cdcbb280_0;  alias, 1 drivers
v00000195cdcb9a20_0 .net "Rtype_J", 0 0, v00000195cdcba4c0_0;  alias, 1 drivers
v00000195cdcba560_0 .net "Rtype_L", 0 0, v00000195cdcb9c00_0;  alias, 1 drivers
L_00000195cdcc2a78 .functor BUFT 1, C4<00000>, C4<0>, C4<0>, C4<0>;
v00000195cdcba6a0_0 .net "Rw_Wr", 4 0, L_00000195cdcc2a78;  1 drivers
v00000195cdcba740_0 .net "WrByte", 0 0, v00000195cdcb9980_0;  alias, 1 drivers
v00000195cdcbccf0_0 .net *"_ivl_16", 0 0, L_00000195cdc665c0;  1 drivers
v00000195cdcbbcb0_0 .net *"_ivl_3", 3 0, L_00000195cdd1abd0;  1 drivers
L_00000195cdcc2958 .functor BUFT 1, C4<00>, C4<0>, C4<0>, C4<0>;
v00000195cdcbc7f0_0 .net/2u *"_ivl_4", 1 0, L_00000195cdcc2958;  1 drivers
v00000195cdcbbad0_0 .net "busA", 31 0, L_00000195cdc66cc0;  alias, 1 drivers
v00000195cdcbbc10_0 .net "busB", 31 0, L_00000195cdc66ef0;  alias, 1 drivers
L_00000195cdcc2a30 .functor BUFT 1, C4<00000000000000000000000000000000>, C4<0>, C4<0>, C4<0>;
v00000195cdcbc1b0_0 .net "busW", 31 0, L_00000195cdcc2a30;  1 drivers
v00000195cdcbbfd0_0 .net "clk", 0 0, o00000195cdc694d8;  alias, 0 drivers
v00000195cdcbca70_0 .net "func", 5 0, L_00000195cdd1c610;  1 drivers
v00000195cdcbc070_0 .net "func_out", 5 0, L_00000195cdc66860;  1 drivers
v00000195cdcbd510_0 .net "imm16", 15 0, L_00000195cdd1c6b0;  1 drivers
v00000195cdcbb8f0_0 .net "imm16_out", 15 0, L_00000195cdc66710;  alias, 1 drivers
v00000195cdcbcb10_0 .net "shamt", 4 0, L_00000195cdd1b210;  1 drivers
v00000195cdcbbb70_0 .net "shamt_out", 4 0, L_00000195cdc661d0;  alias, 1 drivers
L_00000195cdd1abd0 .part v00000195cdcbdfe0_0, 28, 4;
L_00000195cdd1c4d0 .concat [ 2 26 4 0], L_00000195cdcc2958, L_00000195cdd1c110, L_00000195cdd1abd0;
S_00000195cd7f6cf0 .scope module, "ControlUnit" "Control_Unit206" 7 72, 8 1 0, S_00000195cd7aea10;
 .timescale 0 0;
    .port_info 0 /INPUT 6 "OP";
    .port_info 1 /INPUT 6 "func";
    .port_info 2 /OUTPUT 1 "Branch";
    .port_info 3 /OUTPUT 1 "Jump";
    .port_info 4 /OUTPUT 1 "RegDst";
    .port_info 5 /OUTPUT 1 "ALUSrc";
    .port_info 6 /OUTPUT 5 "ALUCtr";
    .port_info 7 /OUTPUT 1 "MemToReg";
    .port_info 8 /OUTPUT 1 "RegWr";
    .port_info 9 /OUTPUT 1 "MemWr";
    .port_info 10 /OUTPUT 2 "ExtOp";
    .port_info 11 /OUTPUT 1 "Rtype";
    .port_info 12 /OUTPUT 1 "Jal";
    .port_info 13 /OUTPUT 1 "Rtype_J";
    .port_info 14 /OUTPUT 1 "Rtype_L";
    .port_info 15 /OUTPUT 1 "WrByte";
    .port_info 16 /OUTPUT 2 "LoadByte";
v00000195cdcb7f10_0 .var "ALUCtr", 4 0;
v00000195cdcb8690_0 .var "ALUSrc", 0 0;
v00000195cdcb8230_0 .var "Branch", 0 0;
v00000195cdcb8b90_0 .var "ExtOp", 1 0;
v00000195cdcb7970_0 .var "Jal", 0 0;
v00000195cdcb8550_0 .var "Jump", 0 0;
v00000195cdcb8870_0 .var "LoadByte", 1 0;
v00000195cdcb82d0_0 .var "MemToReg", 0 0;
v00000195cdcb7ab0_0 .var "MemWr", 0 0;
v00000195cdcb7d30_0 .net "OP", 5 0, L_00000195cdd1c070;  alias, 1 drivers
v00000195cdcb8370_0 .var "RegDst", 0 0;
v00000195cdcb85f0_0 .var "RegWr", 0 0;
v00000195cdcbb280_0 .var "Rtype", 0 0;
v00000195cdcba4c0_0 .var "Rtype_J", 0 0;
v00000195cdcb9c00_0 .var "Rtype_L", 0 0;
v00000195cdcb9980_0 .var "WrByte", 0 0;
v00000195cdcbb460_0 .net "func", 5 0, L_00000195cdd1c610;  alias, 1 drivers
E_00000195cdc3de70 .event anyedge, v00000195cdcb7d30_0, v00000195cdcbb460_0;
S_00000195cd7fd8c0 .scope module, "Regfile" "Regfile206" 7 59, 9 1 0, S_00000195cd7aea10;
 .timescale 0 0;
    .port_info 0 /INPUT 1 "clk";
    .port_info 1 /INPUT 5 "Rw";
    .port_info 2 /INPUT 5 "Ra";
    .port_info 3 /INPUT 5 "Rb";
    .port_info 4 /INPUT 1 "WrEn";
    .port_info 5 /INPUT 1 "Jal";
    .port_info 6 /INPUT 32 "busW";
    .port_info 7 /OUTPUT 32 "busA";
    .port_info 8 /OUTPUT 32 "busB";
L_00000195cdc66cc0 .functor BUFZ 32, L_00000195cdd1a9f0, C4<00000000000000000000000000000000>, C4<00000000000000000000000000000000>, C4<00000000000000000000000000000000>;
L_00000195cdc66ef0 .functor BUFZ 32, L_00000195cdd1aa90, C4<00000000000000000000000000000000>, C4<00000000000000000000000000000000>, C4<00000000000000000000000000000000>;
v00000195cdcb9ca0_0 .net "Jal", 0 0, L_00000195cdcc2b50;  alias, 1 drivers
v00000195cdcb9d40_0 .net "Ra", 4 0, L_00000195cdd1bd50;  alias, 1 drivers
v00000195cdcbae20_0 .net "Rb", 4 0, L_00000195cdd1c1b0;  alias, 1 drivers
v00000195cdcbaba0 .array "Register", 0 31, 31 0;
v00000195cdcb9de0_0 .net "Rw", 4 0, L_00000195cdcc2a78;  alias, 1 drivers
v00000195cdcba600_0 .net "WrEn", 0 0, L_00000195cdc66940;  1 drivers
v00000195cdcb9e80_0 .net *"_ivl_0", 31 0, L_00000195cdd1a9f0;  1 drivers
v00000195cdcba7e0_0 .net *"_ivl_10", 6 0, L_00000195cdd1bcb0;  1 drivers
L_00000195cdcc29e8 .functor BUFT 1, C4<00>, C4<0>, C4<0>, C4<0>;
v00000195cdcb9ac0_0 .net *"_ivl_13", 1 0, L_00000195cdcc29e8;  1 drivers
v00000195cdcba880_0 .net *"_ivl_2", 6 0, L_00000195cdd1b2b0;  1 drivers
L_00000195cdcc29a0 .functor BUFT 1, C4<00>, C4<0>, C4<0>, C4<0>;
v00000195cdcb9fc0_0 .net *"_ivl_5", 1 0, L_00000195cdcc29a0;  1 drivers
v00000195cdcba920_0 .net *"_ivl_8", 31 0, L_00000195cdd1aa90;  1 drivers
v00000195cdcbb140_0 .net "busA", 31 0, L_00000195cdc66cc0;  alias, 1 drivers
v00000195cdcb9f20_0 .net "busB", 31 0, L_00000195cdc66ef0;  alias, 1 drivers
v00000195cdcbab00_0 .net "busW", 31 0, L_00000195cdcc2a30;  alias, 1 drivers
v00000195cdcba1a0_0 .net "clk", 0 0, o00000195cdc694d8;  alias, 0 drivers
E_00000195cdc3e2f0 .event posedge, v00000195cdcba1a0_0;
L_00000195cdd1a9f0 .array/port v00000195cdcbaba0, L_00000195cdd1b2b0;
L_00000195cdd1b2b0 .concat [ 5 2 0 0], L_00000195cdd1bd50, L_00000195cdcc29a0;
L_00000195cdd1aa90 .array/port v00000195cdcbaba0, L_00000195cdd1bcb0;
L_00000195cdd1bcb0 .concat [ 5 2 0 0], L_00000195cdd1c1b0, L_00000195cdcc29e8;
S_00000195cd7fa930 .scope module, "ID_EX" "ID_EX_206" 3 142, 10 1 0, S_00000195cd805500;
 .timescale 0 0;
    .port_info 0 /INPUT 1 "clk";
    .port_info 1 /INPUT 1 "stall";
    .port_info 2 /INPUT 1 "Branch_ID";
    .port_info 3 /INPUT 1 "Jump_ID";
    .port_info 4 /INPUT 1 "RegDst_ID";
    .port_info 5 /INPUT 1 "ALUSrc_ID";
    .port_info 6 /INPUT 5 "ALUCtr_ID";
    .port_info 7 /INPUT 1 "MemToReg_ID";
    .port_info 8 /INPUT 1 "RegWr_ID";
    .port_info 9 /INPUT 1 "MemWr_ID";
    .port_info 10 /INPUT 2 "ExtOp_ID";
    .port_info 11 /INPUT 1 "Rtype_ID";
    .port_info 12 /INPUT 1 "Jal_ID";
    .port_info 13 /INPUT 1 "Rtype_J_ID";
    .port_info 14 /INPUT 1 "Rtype_L_ID";
    .port_info 15 /INPUT 1 "WrByte_ID";
    .port_info 16 /INPUT 2 "LoadByte_ID";
    .port_info 17 /INPUT 32 "busA_ID";
    .port_info 18 /INPUT 32 "busB_ID";
    .port_info 19 /INPUT 32 "PC_Addr_out_ID";
    .port_info 20 /INPUT 32 "J_Addr_ID";
    .port_info 21 /INPUT 6 "func_out_ID";
    .port_info 22 /INPUT 6 "OP_out_ID";
    .port_info 23 /INPUT 16 "imm16_ID";
    .port_info 24 /INPUT 5 "shamt_ID";
    .port_info 25 /OUTPUT 1 "Branch_Ex";
    .port_info 26 /OUTPUT 1 "Jump_Ex";
    .port_info 27 /OUTPUT 1 "RegDst_Ex";
    .port_info 28 /OUTPUT 1 "ALUSrc_Ex";
    .port_info 29 /OUTPUT 5 "ALUCtr_Ex";
    .port_info 30 /OUTPUT 1 "MemToReg_Ex";
    .port_info 31 /OUTPUT 1 "RegWr_Ex";
    .port_info 32 /OUTPUT 1 "MemWr_Ex";
    .port_info 33 /OUTPUT 2 "ExtOp_Ex";
    .port_info 34 /OUTPUT 1 "Rtype_Ex";
    .port_info 35 /OUTPUT 1 "Jal_Ex";
    .port_info 36 /OUTPUT 1 "Rtype_J_Ex";
    .port_info 37 /OUTPUT 1 "Rtype_L_Ex";
    .port_info 38 /OUTPUT 1 "WrByte_Ex";
    .port_info 39 /OUTPUT 2 "LoadByte_Ex";
    .port_info 40 /OUTPUT 32 "busA_Ex";
    .port_info 41 /OUTPUT 32 "busB_Ex";
    .port_info 42 /OUTPUT 32 "PC_Addr_out_Ex";
    .port_info 43 /OUTPUT 32 "J_Addr_Ex";
    .port_info 44 /OUTPUT 6 "func_out_Ex";
    .port_info 45 /OUTPUT 6 "OP_out_Ex";
    .port_info 46 /OUTPUT 16 "imm16_Ex";
    .port_info 47 /OUTPUT 5 "shamt_Ex";
v00000195cdcbd290_0 .var "ALUCtr_Ex", 4 0;
v00000195cdcbcd90_0 .net "ALUCtr_ID", 4 0, v00000195cdcb7f10_0;  alias, 1 drivers
v00000195cdcbbd50_0 .var "ALUSrc_Ex", 0 0;
v00000195cdcbbdf0_0 .net "ALUSrc_ID", 0 0, v00000195cdcb8690_0;  alias, 1 drivers
v00000195cdcbbe90_0 .var "Branch_Ex", 0 0;
v00000195cdcbc4d0_0 .net "Branch_ID", 0 0, v00000195cdcb8230_0;  alias, 1 drivers
v00000195cdcbd470_0 .var "ExtOp_Ex", 1 0;
v00000195cdcbc570_0 .net "ExtOp_ID", 1 0, v00000195cdcb8b90_0;  alias, 1 drivers
v00000195cdcbc930_0 .var "J_Addr_Ex", 31 0;
v00000195cdcbc890_0 .net "J_Addr_ID", 31 0, L_00000195cdd1c4d0;  alias, 1 drivers
v00000195cdcbc430_0 .var "Jal_Ex", 0 0;
v00000195cdcbc610_0 .net "Jal_ID", 0 0, v00000195cdcb7970_0;  alias, 1 drivers
v00000195cdcbd330_0 .var "Jump_Ex", 0 0;
v00000195cdcbbf30_0 .net "Jump_ID", 0 0, v00000195cdcb8550_0;  alias, 1 drivers
v00000195cdcbc110_0 .var "LoadByte_Ex", 1 0;
v00000195cdcbc250_0 .net "LoadByte_ID", 1 0, v00000195cdcb8870_0;  alias, 1 drivers
v00000195cdcbc2f0_0 .var "MemToReg_Ex", 0 0;
v00000195cdcbcbb0_0 .net "MemToReg_ID", 0 0, v00000195cdcb82d0_0;  alias, 1 drivers
v00000195cdcbd5b0_0 .var "MemWr_Ex", 0 0;
v00000195cdcbb850_0 .net "MemWr_ID", 0 0, v00000195cdcb7ab0_0;  alias, 1 drivers
v00000195cdcbcf70_0 .var "OP_out_Ex", 5 0;
v00000195cdcbc390_0 .net "OP_out_ID", 5 0, L_00000195cdc66160;  alias, 1 drivers
v00000195cdcbc6b0_0 .var "PC_Addr_out_Ex", 31 0;
v00000195cdcbc750_0 .net "PC_Addr_out_ID", 31 0, L_00000195cdc66da0;  alias, 1 drivers
v00000195cdcbb990_0 .var "RegDst_Ex", 0 0;
v00000195cdcbced0_0 .net "RegDst_ID", 0 0, v00000195cdcb8370_0;  alias, 1 drivers
v00000195cdcbd1f0_0 .var "RegWr_Ex", 0 0;
v00000195cdcbc9d0_0 .net "RegWr_ID", 0 0, v00000195cdcb85f0_0;  alias, 1 drivers
v00000195cdcbcc50_0 .var "Rtype_Ex", 0 0;
v00000195cdcbce30_0 .net "Rtype_ID", 0 0, v00000195cdcbb280_0;  alias, 1 drivers
v00000195cdcbd010_0 .var "Rtype_J_Ex", 0 0;
v00000195cdcbd0b0_0 .net "Rtype_J_ID", 0 0, v00000195cdcba4c0_0;  alias, 1 drivers
v00000195cdcbd150_0 .var "Rtype_L_Ex", 0 0;
v00000195cdcbba30_0 .net "Rtype_L_ID", 0 0, v00000195cdcb9c00_0;  alias, 1 drivers
v00000195cdcbd3d0_0 .var "WrByte_Ex", 0 0;
v00000195cdcbd650_0 .net "WrByte_ID", 0 0, v00000195cdcb9980_0;  alias, 1 drivers
v00000195cdcbb7b0_0 .var "busA_Ex", 31 0;
v00000195cdcbf020_0 .net "busA_ID", 31 0, L_00000195cdc66cc0;  alias, 1 drivers
v00000195cdcbe3a0_0 .var "busB_Ex", 31 0;
v00000195cdcbdf40_0 .net "busB_ID", 31 0, L_00000195cdc66ef0;  alias, 1 drivers
v00000195cdcbe8a0_0 .net "clk", 0 0, o00000195cdc694d8;  alias, 0 drivers
v00000195cdcbe300_0 .var "func_out_Ex", 5 0;
o00000195cdc6a138 .functor BUFZ 6, C4<zzzzzz>; HiZ drive
v00000195cdcbf160_0 .net "func_out_ID", 5 0, o00000195cdc6a138;  0 drivers
v00000195cdcbe580_0 .var "imm16_Ex", 15 0;
v00000195cdcbdae0_0 .net "imm16_ID", 15 0, L_00000195cdc66710;  alias, 1 drivers
v00000195cdcbf0c0_0 .var "shamt_Ex", 4 0;
v00000195cdcbea80_0 .net "shamt_ID", 4 0, L_00000195cdc661d0;  alias, 1 drivers
L_00000195cdcc2b98 .functor BUFT 1, C4<0>, C4<0>, C4<0>, C4<0>;
v00000195cdcbf200_0 .net "stall", 0 0, L_00000195cdcc2b98;  1 drivers
S_00000195cd7faac0 .scope module, "IF_ID" "IF_ID_206" 3 86, 11 2 0, S_00000195cd805500;
 .timescale 0 0;
    .port_info 0 /INPUT 1 "clk";
    .port_info 1 /INPUT 1 "stall";
    .port_info 2 /INPUT 32 "Instruction_IF";
    .port_info 3 /INPUT 32 "PC_Addr_IF";
    .port_info 4 /OUTPUT 32 "Instruction_ID";
    .port_info 5 /OUTPUT 32 "PC_Addr_ID";
v00000195cdcbf660_0 .var "Instruction_ID", 31 0;
v00000195cdcbd7c0_0 .net "Instruction_IF", 31 0, L_00000195cdc66d30;  alias, 1 drivers
v00000195cdcbdfe0_0 .var "PC_Addr_ID", 31 0;
v00000195cdcbe4e0_0 .net "PC_Addr_IF", 31 0, L_00000195cdcc0a60;  alias, 1 drivers
v00000195cdcbde00_0 .net "clk", 0 0, o00000195cdc694d8;  alias, 0 drivers
L_00000195cdcc2910 .functor BUFT 1, C4<0>, C4<0>, C4<0>, C4<0>;
v00000195cdcbeb20_0 .net "stall", 0 0, L_00000195cdcc2910;  1 drivers
S_00000195cd86bd60 .scope module, "IUnit" "IUnit206" 3 77, 12 5 0, S_00000195cd805500;
 .timescale 0 0;
    .port_info 0 /INPUT 1 "clk";
    .port_info 1 /INPUT 1 "rst";
    .port_info 2 /INPUT 1 "PC_Src";
    .port_info 3 /INPUT 30 "Target_PC_Addr";
    .port_info 4 /OUTPUT 32 "PC_Addr";
    .port_info 5 /OUTPUT 32 "Instruction";
v00000195cdcbee40_0 .net "Instruction", 31 0, L_00000195cdc66d30;  alias, 1 drivers
v00000195cdcbd900_0 .net "PCSrc_MUX_out", 31 2, L_00000195cdcc0e20;  1 drivers
v00000195cdcbe800_0 .net "PC_Addr", 31 0, L_00000195cdcc0a60;  alias, 1 drivers
v00000195cdcbd9a0_0 .net "PC_Plus_4", 31 2, L_00000195cdcc0880;  1 drivers
L_00000195cdcc28c8 .functor BUFT 1, C4<0>, C4<0>, C4<0>, C4<0>;
v00000195cdcbe6c0_0 .net "PC_Src", 0 0, L_00000195cdcc28c8;  1 drivers
v00000195cdcbe940_0 .net "PC_out", 31 2, v00000195cdcbf3e0_0;  1 drivers
o00000195cdc6ad98 .functor BUFZ 30, C4<zzzzzzzzzzzzzzzzzzzzzzzzzzzzzz>; HiZ drive
v00000195cdcbe120_0 .net "Target_PC_Addr", 31 2, o00000195cdc6ad98;  0 drivers
L_00000195cdcc27a8 .functor BUFT 1, C4<000000000000000000000000000001>, C4<0>, C4<0>, C4<0>;
v00000195cdcbdea0_0 .net/2u *"_ivl_0", 29 0, L_00000195cdcc27a8;  1 drivers
L_00000195cdcc27f0 .functor BUFT 1, C4<00>, C4<0>, C4<0>, C4<0>;
v00000195cdcbec60_0 .net/2u *"_ivl_4", 1 0, L_00000195cdcc27f0;  1 drivers
v00000195cdcbeee0_0 .net "clk", 0 0, o00000195cdc694d8;  alias, 0 drivers
v00000195cdcbf520_0 .net "rst", 0 0, o00000195cdc6afd8;  alias, 0 drivers
L_00000195cdcc0880 .arith/sum 30, v00000195cdcbf3e0_0, L_00000195cdcc27a8;
L_00000195cdcc0a60 .concat [ 2 30 0 0], L_00000195cdcc27f0, v00000195cdcbf3e0_0;
L_00000195cdd1b7b0 .part v00000195cdcbf3e0_0, 0, 10;
S_00000195cd85ba40 .scope module, "IM" "IM_4K_206" 12 36, 13 1 0, S_00000195cd86bd60;
 .timescale 0 0;
    .port_info 0 /INPUT 10 "Addr";
    .port_info 1 /OUTPUT 32 "Dout";
L_00000195cdc66d30 .functor BUFZ 32, L_00000195cdcc0f60, C4<00000000000000000000000000000000>, C4<00000000000000000000000000000000>, C4<00000000000000000000000000000000>;
v00000195cdcbf2a0_0 .net "Addr", 11 2, L_00000195cdd1b7b0;  1 drivers
v00000195cdcbdb80_0 .net "Dout", 31 0, L_00000195cdc66d30;  alias, 1 drivers
v00000195cdcbed00 .array "IM", 0 1023, 31 0;
v00000195cdcbdc20_0 .net *"_ivl_0", 31 0, L_00000195cdcc0f60;  1 drivers
v00000195cdcbef80_0 .net *"_ivl_2", 11 0, L_00000195cdd1b990;  1 drivers
L_00000195cdcc2880 .functor BUFT 1, C4<00>, C4<0>, C4<0>, C4<0>;
v00000195cdcbe620_0 .net *"_ivl_5", 1 0, L_00000195cdcc2880;  1 drivers
L_00000195cdcc0f60 .array/port v00000195cdcbed00, L_00000195cdd1b990;
L_00000195cdd1b990 .concat [ 10 2 0 0], L_00000195cdd1b7b0, L_00000195cdcc2880;
S_00000195cd85bbd0 .scope module, "MUX_PCSrc" "MUX206" 12 20, 6 3 0, S_00000195cd86bd60;
 .timescale 0 0;
    .port_info 0 /INPUT 30 "A";
    .port_info 1 /INPUT 30 "B";
    .port_info 2 /INPUT 1 "S";
    .port_info 3 /OUTPUT 30 "Y";
P_00000195cdc3fdf0 .param/l "WIDTH" 0 6 3, +C4<00000000000000000000000000011110>;
v00000195cdcbe9e0_0 .net "A", 29 0, o00000195cdc6ad98;  alias, 0 drivers
v00000195cdcbe760_0 .net "B", 29 0, L_00000195cdcc0880;  alias, 1 drivers
v00000195cdcbf340_0 .net "S", 0 0, L_00000195cdcc28c8;  alias, 1 drivers
v00000195cdcbe440_0 .net "Y", 29 0, L_00000195cdcc0e20;  alias, 1 drivers
L_00000195cdcc2c70 .functor BUFT 1, C4<00000000000000000000000000000000>, C4<0>, C4<0>, C4<0>;
v00000195cdcbe080_0 .net *"_ivl_0", 31 0, L_00000195cdcc2c70;  1 drivers
L_00000195cdcc2838 .functor BUFT 1, C4<00000000000000000000000000000001>, C4<0>, C4<0>, C4<0>;
v00000195cdcbe260_0 .net/2u *"_ivl_4", 31 0, L_00000195cdcc2838;  1 drivers
v00000195cdcbd860_0 .net *"_ivl_6", 0 0, L_00000195cdcc0b00;  1 drivers
L_00000195cdcc0b00 .cmp/eq 32, L_00000195cdcc2c70, L_00000195cdcc2838;
L_00000195cdcc0e20 .functor MUXZ 30, L_00000195cdcc0880, o00000195cdc6ad98, L_00000195cdcc0b00, C4<>;
S_00000195cdcbf7d0 .scope module, "PC" "PC206" 12 28, 14 1 0, S_00000195cd86bd60;
 .timescale 0 0;
    .port_info 0 /INPUT 1 "clk";
    .port_info 1 /INPUT 1 "rst";
    .port_info 2 /INPUT 30 "Next_I_Addr";
    .port_info 3 /OUTPUT 30 "I_Addr";
P_00000195cdc3f6f0 .param/l "Init_Addr" 0 14 6, C4<00000000000000000000000000000000>;
v00000195cdcbf3e0_0 .var "I_Addr", 31 2;
v00000195cdcbf480_0 .net "Next_I_Addr", 31 2, L_00000195cdcc0e20;  alias, 1 drivers
v00000195cdcbeda0_0 .net "clk", 0 0, o00000195cdc694d8;  alias, 0 drivers
v00000195cdcbf5c0_0 .net "rst", 0 0, o00000195cdc6afd8;  alias, 0 drivers
    .scope S_00000195cd87aba0;
T_0 ;
    %wait E_00000195cdc3d6f0;
    %load/vec4 v00000195cdc546a0_0;
    %pad/u 32;
    %cmpi/e 1, 0, 32;
    %jmp/0xz  T_0.0, 4;
    %load/vec4 v00000195cdc54420_0;
    %ix/load 4, 0, 0;
    %flag_set/imm 4, 0;
    %store/vec4 v00000195cdc53840_0, 4, 8;
    %load/vec4 v00000195cdc54420_0;
    %parti/s 1, 7, 4;
    %cmpi/e 1, 0, 1;
    %jmp/0xz  T_0.2, 4;
    %pushi/vec4 16777215, 0, 24;
    %ix/load 4, 8, 0;
    %flag_set/imm 4, 0;
    %store/vec4 v00000195cdc53840_0, 4, 24;
    %jmp T_0.3;
T_0.2 ;
    %load/vec4 v00000195cdc54420_0;
    %parti/s 1, 7, 4;
    %cmpi/e 0, 0, 1;
    %jmp/0xz  T_0.4, 4;
    %pushi/vec4 0, 0, 24;
    %ix/load 4, 8, 0;
    %flag_set/imm 4, 0;
    %store/vec4 v00000195cdc53840_0, 4, 24;
T_0.4 ;
T_0.3 ;
    %jmp T_0.1;
T_0.0 ;
    %load/vec4 v00000195cdc546a0_0;
    %pad/u 32;
    %cmpi/e 0, 0, 32;
    %jmp/0xz  T_0.6, 4;
    %load/vec4 v00000195cdc54420_0;
    %ix/load 4, 0, 0;
    %flag_set/imm 4, 0;
    %store/vec4 v00000195cdc53840_0, 4, 8;
    %pushi/vec4 0, 0, 24;
    %ix/load 4, 8, 0;
    %flag_set/imm 4, 0;
    %store/vec4 v00000195cdc53840_0, 4, 24;
T_0.6 ;
T_0.1 ;
    %jmp T_0;
    .thread T_0, $push;
    .scope S_00000195cd805370;
T_1 ;
    %wait E_00000195cdc3e070;
    %load/vec4 v00000195cdc53ac0_0;
    %pad/u 32;
    %cmpi/e 1, 0, 32;
    %jmp/0xz  T_1.0, 4;
    %load/vec4 v00000195cdc54e20_0;
    %ix/load 4, 0, 0;
    %flag_set/imm 4, 0;
    %store/vec4 v00000195cdc547e0_0, 4, 16;
    %load/vec4 v00000195cdc54e20_0;
    %parti/s 1, 15, 5;
    %cmpi/e 1, 0, 1;
    %jmp/0xz  T_1.2, 4;
    %pushi/vec4 16383, 0, 14;
    %ix/load 4, 16, 0;
    %flag_set/imm 4, 0;
    %store/vec4 v00000195cdc547e0_0, 4, 14;
    %jmp T_1.3;
T_1.2 ;
    %load/vec4 v00000195cdc54e20_0;
    %parti/s 1, 15, 5;
    %cmpi/e 0, 0, 1;
    %jmp/0xz  T_1.4, 4;
    %pushi/vec4 0, 0, 14;
    %ix/load 4, 16, 0;
    %flag_set/imm 4, 0;
    %store/vec4 v00000195cdc547e0_0, 4, 14;
T_1.4 ;
T_1.3 ;
    %jmp T_1.1;
T_1.0 ;
    %load/vec4 v00000195cdc53ac0_0;
    %pad/u 32;
    %cmpi/e 0, 0, 32;
    %jmp/0xz  T_1.6, 4;
    %load/vec4 v00000195cdc54e20_0;
    %ix/load 4, 0, 0;
    %flag_set/imm 4, 0;
    %store/vec4 v00000195cdc547e0_0, 4, 16;
    %pushi/vec4 0, 0, 14;
    %ix/load 4, 16, 0;
    %flag_set/imm 4, 0;
    %store/vec4 v00000195cdc547e0_0, 4, 14;
T_1.6 ;
T_1.1 ;
    %jmp T_1;
    .thread T_1, $push;
    .scope S_00000195cdcbf7d0;
T_2 ;
    %wait E_00000195cdc3e2f0;
    %load/vec4 v00000195cdcbf5c0_0;
    %pad/u 32;
    %cmpi/e 1, 0, 32;
    %jmp/0xz  T_2.0, 4;
    %pushi/vec4 0, 0, 30;
    %assign/vec4 v00000195cdcbf3e0_0, 0;
    %jmp T_2.1;
T_2.0 ;
    %load/vec4 v00000195cdcbf480_0;
    %assign/vec4 v00000195cdcbf3e0_0, 0;
T_2.1 ;
    %jmp T_2;
    .thread T_2;
    .scope S_00000195cd85ba40;
T_3 ;
    %vpi_call 13 7 "$readmemb", "Code_36.txt", v00000195cdcbed00 {0 0 0};
    %end;
    .thread T_3;
    .scope S_00000195cd7faac0;
T_4 ;
    %wait E_00000195cdc3e2f0;
    %load/vec4 v00000195cdcbeb20_0;
    %nor/r;
    %flag_set/vec4 8;
    %jmp/0xz  T_4.0, 8;
    %load/vec4 v00000195cdcbd7c0_0;
    %assign/vec4 v00000195cdcbf660_0, 0;
    %load/vec4 v00000195cdcbe4e0_0;
    %assign/vec4 v00000195cdcbdfe0_0, 0;
T_4.0 ;
    %jmp T_4;
    .thread T_4;
    .scope S_00000195cd7fd8c0;
T_5 ;
    %wait E_00000195cdc3e2f0;
    %load/vec4 v00000195cdcba600_0;
    %pad/u 32;
    %cmpi/e 1, 0, 32;
    %jmp/0xz  T_5.0, 4;
    %load/vec4 v00000195cdcb9ca0_0;
    %pad/u 32;
    %cmpi/e 1, 0, 32;
    %jmp/0xz  T_5.2, 4;
    %load/vec4 v00000195cdcbab00_0;
    %ix/load 3, 31, 0;
    %flag_set/imm 4, 0;
    %ix/load 4, 0, 0; Constant delay
    %assign/vec4/a/d v00000195cdcbaba0, 0, 4;
    %jmp T_5.3;
T_5.2 ;
    %load/vec4 v00000195cdcbab00_0;
    %load/vec4 v00000195cdcb9de0_0;
    %pad/u 7;
    %ix/vec4 3;
    %ix/load 4, 0, 0; Constant delay
    %assign/vec4/a/d v00000195cdcbaba0, 0, 4;
T_5.3 ;
T_5.0 ;
    %jmp T_5;
    .thread T_5;
    .scope S_00000195cd7fd8c0;
T_6 ;
    %vpi_call 9 29 "$readmemh", "RegInit.txt", v00000195cdcbaba0 {0 0 0};
    %end;
    .thread T_6;
    .scope S_00000195cd7f6cf0;
T_7 ;
    %wait E_00000195cdc3de70;
    %load/vec4 v00000195cdcb7d30_0;
    %cmpi/e 0, 0, 6;
    %jmp/0xz  T_7.0, 4;
    %load/vec4 v00000195cdcbb460_0;
    %dup/vec4;
    %pushi/vec4 32, 0, 6;
    %cmp/u;
    %jmp/1 T_7.2, 6;
    %dup/vec4;
    %pushi/vec4 33, 0, 6;
    %cmp/u;
    %jmp/1 T_7.3, 6;
    %dup/vec4;
    %pushi/vec4 34, 0, 6;
    %cmp/u;
    %jmp/1 T_7.4, 6;
    %dup/vec4;
    %pushi/vec4 35, 0, 6;
    %cmp/u;
    %jmp/1 T_7.5, 6;
    %dup/vec4;
    %pushi/vec4 36, 0, 6;
    %cmp/u;
    %jmp/1 T_7.6, 6;
    %dup/vec4;
    %pushi/vec4 37, 0, 6;
    %cmp/u;
    %jmp/1 T_7.7, 6;
    %dup/vec4;
    %pushi/vec4 39, 0, 6;
    %cmp/u;
    %jmp/1 T_7.8, 6;
    %dup/vec4;
    %pushi/vec4 38, 0, 6;
    %cmp/u;
    %jmp/1 T_7.9, 6;
    %dup/vec4;
    %pushi/vec4 42, 0, 6;
    %cmp/u;
    %jmp/1 T_7.10, 6;
    %dup/vec4;
    %pushi/vec4 43, 0, 6;
    %cmp/u;
    %jmp/1 T_7.11, 6;
    %dup/vec4;
    %pushi/vec4 0, 0, 6;
    %cmp/u;
    %jmp/1 T_7.12, 6;
    %dup/vec4;
    %pushi/vec4 2, 0, 6;
    %cmp/u;
    %jmp/1 T_7.13, 6;
    %dup/vec4;
    %pushi/vec4 3, 0, 6;
    %cmp/u;
    %jmp/1 T_7.14, 6;
    %dup/vec4;
    %pushi/vec4 4, 0, 6;
    %cmp/u;
    %jmp/1 T_7.15, 6;
    %dup/vec4;
    %pushi/vec4 6, 0, 6;
    %cmp/u;
    %jmp/1 T_7.16, 6;
    %dup/vec4;
    %pushi/vec4 7, 0, 6;
    %cmp/u;
    %jmp/1 T_7.17, 6;
    %dup/vec4;
    %pushi/vec4 9, 0, 6;
    %cmp/u;
    %jmp/1 T_7.18, 6;
    %dup/vec4;
    %pushi/vec4 8, 0, 6;
    %cmp/u;
    %jmp/1 T_7.19, 6;
    %jmp T_7.20;
T_7.2 ;
    %pushi/vec4 0, 0, 1;
    %store/vec4 v00000195cdcb8230_0, 0, 1;
    %pushi/vec4 0, 0, 1;
    %store/vec4 v00000195cdcb8550_0, 0, 1;
    %pushi/vec4 1, 0, 1;
    %store/vec4 v00000195cdcb8370_0, 0, 1;
    %pushi/vec4 0, 0, 1;
    %store/vec4 v00000195cdcb8690_0, 0, 1;
    %pushi/vec4 0, 0, 5;
    %store/vec4 v00000195cdcb7f10_0, 0, 5;
    %pushi/vec4 0, 0, 1;
    %store/vec4 v00000195cdcb82d0_0, 0, 1;
    %pushi/vec4 1, 0, 1;
    %store/vec4 v00000195cdcb85f0_0, 0, 1;
    %pushi/vec4 0, 0, 1;
    %store/vec4 v00000195cdcb7ab0_0, 0, 1;
    %pushi/vec4 1, 1, 2;
    %store/vec4 v00000195cdcb8b90_0, 0, 2;
    %pushi/vec4 1, 0, 1;
    %store/vec4 v00000195cdcbb280_0, 0, 1;
    %pushi/vec4 0, 0, 1;
    %store/vec4 v00000195cdcb7970_0, 0, 1;
    %pushi/vec4 0, 0, 1;
    %store/vec4 v00000195cdcba4c0_0, 0, 1;
    %pushi/vec4 0, 0, 1;
    %store/vec4 v00000195cdcb9c00_0, 0, 1;
    %pushi/vec4 0, 0, 1;
    %store/vec4 v00000195cdcb9980_0, 0, 1;
    %pushi/vec4 0, 0, 2;
    %store/vec4 v00000195cdcb8870_0, 0, 2;
    %jmp T_7.20;
T_7.3 ;
    %pushi/vec4 0, 0, 1;
    %store/vec4 v00000195cdcb8230_0, 0, 1;
    %pushi/vec4 0, 0, 1;
    %store/vec4 v00000195cdcb8550_0, 0, 1;
    %pushi/vec4 1, 0, 1;
    %store/vec4 v00000195cdcb8370_0, 0, 1;
    %pushi/vec4 0, 0, 1;
    %store/vec4 v00000195cdcb8690_0, 0, 1;
    %pushi/vec4 1, 0, 5;
    %store/vec4 v00000195cdcb7f10_0, 0, 5;
    %pushi/vec4 0, 0, 1;
    %store/vec4 v00000195cdcb82d0_0, 0, 1;
    %pushi/vec4 1, 0, 1;
    %store/vec4 v00000195cdcb85f0_0, 0, 1;
    %pushi/vec4 0, 0, 1;
    %store/vec4 v00000195cdcb7ab0_0, 0, 1;
    %pushi/vec4 1, 1, 2;
    %store/vec4 v00000195cdcb8b90_0, 0, 2;
    %pushi/vec4 1, 0, 1;
    %store/vec4 v00000195cdcbb280_0, 0, 1;
    %pushi/vec4 0, 0, 1;
    %store/vec4 v00000195cdcb7970_0, 0, 1;
    %pushi/vec4 0, 0, 1;
    %store/vec4 v00000195cdcba4c0_0, 0, 1;
    %pushi/vec4 0, 0, 1;
    %store/vec4 v00000195cdcb9c00_0, 0, 1;
    %pushi/vec4 0, 0, 1;
    %store/vec4 v00000195cdcb9980_0, 0, 1;
    %pushi/vec4 0, 0, 2;
    %store/vec4 v00000195cdcb8870_0, 0, 2;
    %jmp T_7.20;
T_7.4 ;
    %pushi/vec4 0, 0, 1;
    %store/vec4 v00000195cdcb8230_0, 0, 1;
    %pushi/vec4 0, 0, 1;
    %store/vec4 v00000195cdcb8550_0, 0, 1;
    %pushi/vec4 1, 0, 1;
    %store/vec4 v00000195cdcb8370_0, 0, 1;
    %pushi/vec4 0, 0, 1;
    %store/vec4 v00000195cdcb8690_0, 0, 1;
    %pushi/vec4 2, 0, 5;
    %store/vec4 v00000195cdcb7f10_0, 0, 5;
    %pushi/vec4 0, 0, 1;
    %store/vec4 v00000195cdcb82d0_0, 0, 1;
    %pushi/vec4 1, 0, 1;
    %store/vec4 v00000195cdcb85f0_0, 0, 1;
    %pushi/vec4 0, 0, 1;
    %store/vec4 v00000195cdcb7ab0_0, 0, 1;
    %pushi/vec4 1, 1, 2;
    %store/vec4 v00000195cdcb8b90_0, 0, 2;
    %pushi/vec4 1, 0, 1;
    %store/vec4 v00000195cdcbb280_0, 0, 1;
    %pushi/vec4 0, 0, 1;
    %store/vec4 v00000195cdcb7970_0, 0, 1;
    %pushi/vec4 0, 0, 1;
    %store/vec4 v00000195cdcba4c0_0, 0, 1;
    %pushi/vec4 0, 0, 1;
    %store/vec4 v00000195cdcb9c00_0, 0, 1;
    %pushi/vec4 0, 0, 1;
    %store/vec4 v00000195cdcb9980_0, 0, 1;
    %pushi/vec4 0, 0, 2;
    %store/vec4 v00000195cdcb8870_0, 0, 2;
    %jmp T_7.20;
T_7.5 ;
    %pushi/vec4 0, 0, 1;
    %store/vec4 v00000195cdcb8230_0, 0, 1;
    %pushi/vec4 0, 0, 1;
    %store/vec4 v00000195cdcb8550_0, 0, 1;
    %pushi/vec4 1, 0, 1;
    %store/vec4 v00000195cdcb8370_0, 0, 1;
    %pushi/vec4 0, 0, 1;
    %store/vec4 v00000195cdcb8690_0, 0, 1;
    %pushi/vec4 3, 0, 5;
    %store/vec4 v00000195cdcb7f10_0, 0, 5;
    %pushi/vec4 0, 0, 1;
    %store/vec4 v00000195cdcb82d0_0, 0, 1;
    %pushi/vec4 1, 0, 1;
    %store/vec4 v00000195cdcb85f0_0, 0, 1;
    %pushi/vec4 0, 0, 1;
    %store/vec4 v00000195cdcb7ab0_0, 0, 1;
    %pushi/vec4 1, 1, 2;
    %store/vec4 v00000195cdcb8b90_0, 0, 2;
    %pushi/vec4 1, 0, 1;
    %store/vec4 v00000195cdcbb280_0, 0, 1;
    %pushi/vec4 0, 0, 1;
    %store/vec4 v00000195cdcb7970_0, 0, 1;
    %pushi/vec4 0, 0, 1;
    %store/vec4 v00000195cdcba4c0_0, 0, 1;
    %pushi/vec4 0, 0, 1;
    %store/vec4 v00000195cdcb9c00_0, 0, 1;
    %pushi/vec4 0, 0, 1;
    %store/vec4 v00000195cdcb9980_0, 0, 1;
    %pushi/vec4 0, 0, 2;
    %store/vec4 v00000195cdcb8870_0, 0, 2;
    %jmp T_7.20;
T_7.6 ;
    %pushi/vec4 0, 0, 1;
    %store/vec4 v00000195cdcb8230_0, 0, 1;
    %pushi/vec4 0, 0, 1;
    %store/vec4 v00000195cdcb8550_0, 0, 1;
    %pushi/vec4 1, 0, 1;
    %store/vec4 v00000195cdcb8370_0, 0, 1;
    %pushi/vec4 0, 0, 1;
    %store/vec4 v00000195cdcb8690_0, 0, 1;
    %pushi/vec4 4, 0, 5;
    %store/vec4 v00000195cdcb7f10_0, 0, 5;
    %pushi/vec4 0, 0, 1;
    %store/vec4 v00000195cdcb82d0_0, 0, 1;
    %pushi/vec4 1, 0, 1;
    %store/vec4 v00000195cdcb85f0_0, 0, 1;
    %pushi/vec4 0, 0, 1;
    %store/vec4 v00000195cdcb7ab0_0, 0, 1;
    %pushi/vec4 1, 1, 2;
    %store/vec4 v00000195cdcb8b90_0, 0, 2;
    %pushi/vec4 1, 0, 1;
    %store/vec4 v00000195cdcbb280_0, 0, 1;
    %pushi/vec4 0, 0, 1;
    %store/vec4 v00000195cdcb7970_0, 0, 1;
    %pushi/vec4 0, 0, 1;
    %store/vec4 v00000195cdcba4c0_0, 0, 1;
    %pushi/vec4 0, 0, 1;
    %store/vec4 v00000195cdcb9c00_0, 0, 1;
    %pushi/vec4 0, 0, 1;
    %store/vec4 v00000195cdcb9980_0, 0, 1;
    %pushi/vec4 0, 0, 2;
    %store/vec4 v00000195cdcb8870_0, 0, 2;
    %jmp T_7.20;
T_7.7 ;
    %pushi/vec4 0, 0, 1;
    %store/vec4 v00000195cdcb8230_0, 0, 1;
    %pushi/vec4 0, 0, 1;
    %store/vec4 v00000195cdcb8550_0, 0, 1;
    %pushi/vec4 1, 0, 1;
    %store/vec4 v00000195cdcb8370_0, 0, 1;
    %pushi/vec4 0, 0, 1;
    %store/vec4 v00000195cdcb8690_0, 0, 1;
    %pushi/vec4 5, 0, 5;
    %store/vec4 v00000195cdcb7f10_0, 0, 5;
    %pushi/vec4 0, 0, 1;
    %store/vec4 v00000195cdcb82d0_0, 0, 1;
    %pushi/vec4 1, 0, 1;
    %store/vec4 v00000195cdcb85f0_0, 0, 1;
    %pushi/vec4 0, 0, 1;
    %store/vec4 v00000195cdcb7ab0_0, 0, 1;
    %pushi/vec4 1, 1, 2;
    %store/vec4 v00000195cdcb8b90_0, 0, 2;
    %pushi/vec4 1, 0, 1;
    %store/vec4 v00000195cdcbb280_0, 0, 1;
    %pushi/vec4 0, 0, 1;
    %store/vec4 v00000195cdcb7970_0, 0, 1;
    %pushi/vec4 0, 0, 1;
    %store/vec4 v00000195cdcba4c0_0, 0, 1;
    %pushi/vec4 0, 0, 1;
    %store/vec4 v00000195cdcb9c00_0, 0, 1;
    %pushi/vec4 0, 0, 1;
    %store/vec4 v00000195cdcb9980_0, 0, 1;
    %pushi/vec4 0, 0, 2;
    %store/vec4 v00000195cdcb8870_0, 0, 2;
    %jmp T_7.20;
T_7.8 ;
    %pushi/vec4 0, 0, 1;
    %store/vec4 v00000195cdcb8230_0, 0, 1;
    %pushi/vec4 0, 0, 1;
    %store/vec4 v00000195cdcb8550_0, 0, 1;
    %pushi/vec4 1, 0, 1;
    %store/vec4 v00000195cdcb8370_0, 0, 1;
    %pushi/vec4 0, 0, 1;
    %store/vec4 v00000195cdcb8690_0, 0, 1;
    %pushi/vec4 14, 0, 5;
    %store/vec4 v00000195cdcb7f10_0, 0, 5;
    %pushi/vec4 0, 0, 1;
    %store/vec4 v00000195cdcb82d0_0, 0, 1;
    %pushi/vec4 1, 0, 1;
    %store/vec4 v00000195cdcb85f0_0, 0, 1;
    %pushi/vec4 0, 0, 1;
    %store/vec4 v00000195cdcb7ab0_0, 0, 1;
    %pushi/vec4 1, 1, 2;
    %store/vec4 v00000195cdcb8b90_0, 0, 2;
    %pushi/vec4 1, 0, 1;
    %store/vec4 v00000195cdcbb280_0, 0, 1;
    %pushi/vec4 0, 0, 1;
    %store/vec4 v00000195cdcb7970_0, 0, 1;
    %pushi/vec4 0, 0, 1;
    %store/vec4 v00000195cdcba4c0_0, 0, 1;
    %pushi/vec4 0, 0, 1;
    %store/vec4 v00000195cdcb9c00_0, 0, 1;
    %pushi/vec4 0, 0, 1;
    %store/vec4 v00000195cdcb9980_0, 0, 1;
    %pushi/vec4 0, 0, 2;
    %store/vec4 v00000195cdcb8870_0, 0, 2;
    %jmp T_7.20;
T_7.9 ;
    %pushi/vec4 0, 0, 1;
    %store/vec4 v00000195cdcb8230_0, 0, 1;
    %pushi/vec4 0, 0, 1;
    %store/vec4 v00000195cdcb8550_0, 0, 1;
    %pushi/vec4 1, 0, 1;
    %store/vec4 v00000195cdcb8370_0, 0, 1;
    %pushi/vec4 0, 0, 1;
    %store/vec4 v00000195cdcb8690_0, 0, 1;
    %pushi/vec4 6, 0, 5;
    %store/vec4 v00000195cdcb7f10_0, 0, 5;
    %pushi/vec4 0, 0, 1;
    %store/vec4 v00000195cdcb82d0_0, 0, 1;
    %pushi/vec4 1, 0, 1;
    %store/vec4 v00000195cdcb85f0_0, 0, 1;
    %pushi/vec4 0, 0, 1;
    %store/vec4 v00000195cdcb7ab0_0, 0, 1;
    %pushi/vec4 1, 1, 2;
    %store/vec4 v00000195cdcb8b90_0, 0, 2;
    %pushi/vec4 1, 0, 1;
    %store/vec4 v00000195cdcbb280_0, 0, 1;
    %pushi/vec4 0, 0, 1;
    %store/vec4 v00000195cdcb7970_0, 0, 1;
    %pushi/vec4 0, 0, 1;
    %store/vec4 v00000195cdcba4c0_0, 0, 1;
    %pushi/vec4 0, 0, 1;
    %store/vec4 v00000195cdcb9c00_0, 0, 1;
    %pushi/vec4 0, 0, 1;
    %store/vec4 v00000195cdcb9980_0, 0, 1;
    %pushi/vec4 0, 0, 2;
    %store/vec4 v00000195cdcb8870_0, 0, 2;
    %jmp T_7.20;
T_7.10 ;
    %pushi/vec4 0, 0, 1;
    %store/vec4 v00000195cdcb8230_0, 0, 1;
    %pushi/vec4 0, 0, 1;
    %store/vec4 v00000195cdcb8550_0, 0, 1;
    %pushi/vec4 1, 0, 1;
    %store/vec4 v00000195cdcb8370_0, 0, 1;
    %pushi/vec4 0, 0, 1;
    %store/vec4 v00000195cdcb8690_0, 0, 1;
    %pushi/vec4 12, 0, 5;
    %store/vec4 v00000195cdcb7f10_0, 0, 5;
    %pushi/vec4 0, 0, 1;
    %store/vec4 v00000195cdcb82d0_0, 0, 1;
    %pushi/vec4 1, 0, 1;
    %store/vec4 v00000195cdcb85f0_0, 0, 1;
    %pushi/vec4 0, 0, 1;
    %store/vec4 v00000195cdcb7ab0_0, 0, 1;
    %pushi/vec4 1, 1, 2;
    %store/vec4 v00000195cdcb8b90_0, 0, 2;
    %pushi/vec4 1, 0, 1;
    %store/vec4 v00000195cdcbb280_0, 0, 1;
    %pushi/vec4 0, 0, 1;
    %store/vec4 v00000195cdcb7970_0, 0, 1;
    %pushi/vec4 0, 0, 1;
    %store/vec4 v00000195cdcba4c0_0, 0, 1;
    %pushi/vec4 0, 0, 1;
    %store/vec4 v00000195cdcb9c00_0, 0, 1;
    %pushi/vec4 0, 0, 1;
    %store/vec4 v00000195cdcb9980_0, 0, 1;
    %pushi/vec4 0, 0, 2;
    %store/vec4 v00000195cdcb8870_0, 0, 2;
    %jmp T_7.20;
T_7.11 ;
    %pushi/vec4 0, 0, 1;
    %store/vec4 v00000195cdcb8230_0, 0, 1;
    %pushi/vec4 0, 0, 1;
    %store/vec4 v00000195cdcb8550_0, 0, 1;
    %pushi/vec4 1, 0, 1;
    %store/vec4 v00000195cdcb8370_0, 0, 1;
    %pushi/vec4 0, 0, 1;
    %store/vec4 v00000195cdcb8690_0, 0, 1;
    %pushi/vec4 13, 0, 5;
    %store/vec4 v00000195cdcb7f10_0, 0, 5;
    %pushi/vec4 0, 0, 1;
    %store/vec4 v00000195cdcb82d0_0, 0, 1;
    %pushi/vec4 1, 0, 1;
    %store/vec4 v00000195cdcb85f0_0, 0, 1;
    %pushi/vec4 0, 0, 1;
    %store/vec4 v00000195cdcb7ab0_0, 0, 1;
    %pushi/vec4 1, 1, 2;
    %store/vec4 v00000195cdcb8b90_0, 0, 2;
    %pushi/vec4 1, 0, 1;
    %store/vec4 v00000195cdcbb280_0, 0, 1;
    %pushi/vec4 0, 0, 1;
    %store/vec4 v00000195cdcb7970_0, 0, 1;
    %pushi/vec4 0, 0, 1;
    %store/vec4 v00000195cdcba4c0_0, 0, 1;
    %pushi/vec4 0, 0, 1;
    %store/vec4 v00000195cdcb9c00_0, 0, 1;
    %pushi/vec4 0, 0, 1;
    %store/vec4 v00000195cdcb9980_0, 0, 1;
    %pushi/vec4 0, 0, 2;
    %store/vec4 v00000195cdcb8870_0, 0, 2;
    %jmp T_7.20;
T_7.12 ;
    %pushi/vec4 0, 0, 1;
    %store/vec4 v00000195cdcb8230_0, 0, 1;
    %pushi/vec4 0, 0, 1;
    %store/vec4 v00000195cdcb8550_0, 0, 1;
    %pushi/vec4 1, 0, 1;
    %store/vec4 v00000195cdcb8370_0, 0, 1;
    %pushi/vec4 0, 0, 1;
    %store/vec4 v00000195cdcb8690_0, 0, 1;
    %pushi/vec4 8, 0, 5;
    %store/vec4 v00000195cdcb7f10_0, 0, 5;
    %pushi/vec4 0, 0, 1;
    %store/vec4 v00000195cdcb82d0_0, 0, 1;
    %pushi/vec4 1, 0, 1;
    %store/vec4 v00000195cdcb85f0_0, 0, 1;
    %pushi/vec4 0, 0, 1;
    %store/vec4 v00000195cdcb7ab0_0, 0, 1;
    %pushi/vec4 1, 1, 2;
    %store/vec4 v00000195cdcb8b90_0, 0, 2;
    %pushi/vec4 1, 0, 1;
    %store/vec4 v00000195cdcbb280_0, 0, 1;
    %pushi/vec4 0, 0, 1;
    %store/vec4 v00000195cdcb7970_0, 0, 1;
    %pushi/vec4 0, 0, 1;
    %store/vec4 v00000195cdcba4c0_0, 0, 1;
    %pushi/vec4 0, 0, 1;
    %store/vec4 v00000195cdcb9c00_0, 0, 1;
    %pushi/vec4 0, 0, 1;
    %store/vec4 v00000195cdcb9980_0, 0, 1;
    %pushi/vec4 0, 0, 2;
    %store/vec4 v00000195cdcb8870_0, 0, 2;
    %jmp T_7.20;
T_7.13 ;
    %pushi/vec4 0, 0, 1;
    %store/vec4 v00000195cdcb8230_0, 0, 1;
    %pushi/vec4 0, 0, 1;
    %store/vec4 v00000195cdcb8550_0, 0, 1;
    %pushi/vec4 1, 0, 1;
    %store/vec4 v00000195cdcb8370_0, 0, 1;
    %pushi/vec4 0, 0, 1;
    %store/vec4 v00000195cdcb8690_0, 0, 1;
    %pushi/vec4 9, 0, 5;
    %store/vec4 v00000195cdcb7f10_0, 0, 5;
    %pushi/vec4 0, 0, 1;
    %store/vec4 v00000195cdcb82d0_0, 0, 1;
    %pushi/vec4 1, 0, 1;
    %store/vec4 v00000195cdcb85f0_0, 0, 1;
    %pushi/vec4 0, 0, 1;
    %store/vec4 v00000195cdcb7ab0_0, 0, 1;
    %pushi/vec4 1, 1, 2;
    %store/vec4 v00000195cdcb8b90_0, 0, 2;
    %pushi/vec4 1, 0, 1;
    %store/vec4 v00000195cdcbb280_0, 0, 1;
    %pushi/vec4 0, 0, 1;
    %store/vec4 v00000195cdcb7970_0, 0, 1;
    %pushi/vec4 0, 0, 1;
    %store/vec4 v00000195cdcba4c0_0, 0, 1;
    %pushi/vec4 0, 0, 1;
    %store/vec4 v00000195cdcb9c00_0, 0, 1;
    %pushi/vec4 0, 0, 1;
    %store/vec4 v00000195cdcb9980_0, 0, 1;
    %pushi/vec4 0, 0, 2;
    %store/vec4 v00000195cdcb8870_0, 0, 2;
    %jmp T_7.20;
T_7.14 ;
    %pushi/vec4 0, 0, 1;
    %store/vec4 v00000195cdcb8230_0, 0, 1;
    %pushi/vec4 0, 0, 1;
    %store/vec4 v00000195cdcb8550_0, 0, 1;
    %pushi/vec4 1, 0, 1;
    %store/vec4 v00000195cdcb8370_0, 0, 1;
    %pushi/vec4 0, 0, 1;
    %store/vec4 v00000195cdcb8690_0, 0, 1;
    %pushi/vec4 11, 0, 5;
    %store/vec4 v00000195cdcb7f10_0, 0, 5;
    %pushi/vec4 0, 0, 1;
    %store/vec4 v00000195cdcb82d0_0, 0, 1;
    %pushi/vec4 1, 0, 1;
    %store/vec4 v00000195cdcb85f0_0, 0, 1;
    %pushi/vec4 0, 0, 1;
    %store/vec4 v00000195cdcb7ab0_0, 0, 1;
    %pushi/vec4 1, 1, 2;
    %store/vec4 v00000195cdcb8b90_0, 0, 2;
    %pushi/vec4 1, 0, 1;
    %store/vec4 v00000195cdcbb280_0, 0, 1;
    %pushi/vec4 0, 0, 1;
    %store/vec4 v00000195cdcb7970_0, 0, 1;
    %pushi/vec4 0, 0, 1;
    %store/vec4 v00000195cdcba4c0_0, 0, 1;
    %pushi/vec4 0, 0, 1;
    %store/vec4 v00000195cdcb9c00_0, 0, 1;
    %pushi/vec4 0, 0, 1;
    %store/vec4 v00000195cdcb9980_0, 0, 1;
    %pushi/vec4 0, 0, 2;
    %store/vec4 v00000195cdcb8870_0, 0, 2;
    %jmp T_7.20;
T_7.15 ;
    %pushi/vec4 0, 0, 1;
    %store/vec4 v00000195cdcb8230_0, 0, 1;
    %pushi/vec4 0, 0, 1;
    %store/vec4 v00000195cdcb8550_0, 0, 1;
    %pushi/vec4 1, 0, 1;
    %store/vec4 v00000195cdcb8370_0, 0, 1;
    %pushi/vec4 0, 0, 1;
    %store/vec4 v00000195cdcb8690_0, 0, 1;
    %pushi/vec4 15, 0, 5;
    %store/vec4 v00000195cdcb7f10_0, 0, 5;
    %pushi/vec4 0, 0, 1;
    %store/vec4 v00000195cdcb82d0_0, 0, 1;
    %pushi/vec4 1, 0, 1;
    %store/vec4 v00000195cdcb85f0_0, 0, 1;
    %pushi/vec4 0, 0, 1;
    %store/vec4 v00000195cdcb7ab0_0, 0, 1;
    %pushi/vec4 1, 1, 2;
    %store/vec4 v00000195cdcb8b90_0, 0, 2;
    %pushi/vec4 1, 0, 1;
    %store/vec4 v00000195cdcbb280_0, 0, 1;
    %pushi/vec4 0, 0, 1;
    %store/vec4 v00000195cdcb7970_0, 0, 1;
    %pushi/vec4 0, 0, 1;
    %store/vec4 v00000195cdcba4c0_0, 0, 1;
    %pushi/vec4 0, 0, 1;
    %store/vec4 v00000195cdcb9c00_0, 0, 1;
    %pushi/vec4 0, 0, 1;
    %store/vec4 v00000195cdcb9980_0, 0, 1;
    %pushi/vec4 0, 0, 2;
    %store/vec4 v00000195cdcb8870_0, 0, 2;
    %jmp T_7.20;
T_7.16 ;
    %pushi/vec4 0, 0, 1;
    %store/vec4 v00000195cdcb8230_0, 0, 1;
    %pushi/vec4 0, 0, 1;
    %store/vec4 v00000195cdcb8550_0, 0, 1;
    %pushi/vec4 1, 0, 1;
    %store/vec4 v00000195cdcb8370_0, 0, 1;
    %pushi/vec4 0, 0, 1;
    %store/vec4 v00000195cdcb8690_0, 0, 1;
    %pushi/vec4 16, 0, 5;
    %store/vec4 v00000195cdcb7f10_0, 0, 5;
    %pushi/vec4 0, 0, 1;
    %store/vec4 v00000195cdcb82d0_0, 0, 1;
    %pushi/vec4 1, 0, 1;
    %store/vec4 v00000195cdcb85f0_0, 0, 1;
    %pushi/vec4 0, 0, 1;
    %store/vec4 v00000195cdcb7ab0_0, 0, 1;
    %pushi/vec4 1, 1, 2;
    %store/vec4 v00000195cdcb8b90_0, 0, 2;
    %pushi/vec4 1, 0, 1;
    %store/vec4 v00000195cdcbb280_0, 0, 1;
    %pushi/vec4 0, 0, 1;
    %store/vec4 v00000195cdcb7970_0, 0, 1;
    %pushi/vec4 0, 0, 1;
    %store/vec4 v00000195cdcba4c0_0, 0, 1;
    %pushi/vec4 0, 0, 1;
    %store/vec4 v00000195cdcb9c00_0, 0, 1;
    %pushi/vec4 0, 0, 1;
    %store/vec4 v00000195cdcb9980_0, 0, 1;
    %pushi/vec4 0, 0, 2;
    %store/vec4 v00000195cdcb8870_0, 0, 2;
    %jmp T_7.20;
T_7.17 ;
    %pushi/vec4 0, 0, 1;
    %store/vec4 v00000195cdcb8230_0, 0, 1;
    %pushi/vec4 0, 0, 1;
    %store/vec4 v00000195cdcb8550_0, 0, 1;
    %pushi/vec4 1, 0, 1;
    %store/vec4 v00000195cdcb8370_0, 0, 1;
    %pushi/vec4 0, 0, 1;
    %store/vec4 v00000195cdcb8690_0, 0, 1;
    %pushi/vec4 18, 0, 5;
    %store/vec4 v00000195cdcb7f10_0, 0, 5;
    %pushi/vec4 0, 0, 1;
    %store/vec4 v00000195cdcb82d0_0, 0, 1;
    %pushi/vec4 1, 0, 1;
    %store/vec4 v00000195cdcb85f0_0, 0, 1;
    %pushi/vec4 0, 0, 1;
    %store/vec4 v00000195cdcb7ab0_0, 0, 1;
    %pushi/vec4 1, 1, 2;
    %store/vec4 v00000195cdcb8b90_0, 0, 2;
    %pushi/vec4 1, 0, 1;
    %store/vec4 v00000195cdcbb280_0, 0, 1;
    %pushi/vec4 0, 0, 1;
    %store/vec4 v00000195cdcb7970_0, 0, 1;
    %pushi/vec4 0, 0, 1;
    %store/vec4 v00000195cdcba4c0_0, 0, 1;
    %pushi/vec4 0, 0, 1;
    %store/vec4 v00000195cdcb9c00_0, 0, 1;
    %pushi/vec4 0, 0, 1;
    %store/vec4 v00000195cdcb9980_0, 0, 1;
    %pushi/vec4 0, 0, 2;
    %store/vec4 v00000195cdcb8870_0, 0, 2;
    %jmp T_7.20;
T_7.18 ;
    %pushi/vec4 0, 0, 1;
    %store/vec4 v00000195cdcb8230_0, 0, 1;
    %pushi/vec4 0, 0, 1;
    %store/vec4 v00000195cdcb8550_0, 0, 1;
    %pushi/vec4 1, 0, 1;
    %store/vec4 v00000195cdcb8370_0, 0, 1;
    %pushi/vec4 0, 0, 1;
    %store/vec4 v00000195cdcb8690_0, 0, 1;
    %pushi/vec4 31, 0, 5;
    %store/vec4 v00000195cdcb7f10_0, 0, 5;
    %pushi/vec4 0, 0, 1;
    %store/vec4 v00000195cdcb82d0_0, 0, 1;
    %pushi/vec4 1, 0, 1;
    %store/vec4 v00000195cdcb85f0_0, 0, 1;
    %pushi/vec4 0, 0, 1;
    %store/vec4 v00000195cdcb7ab0_0, 0, 1;
    %pushi/vec4 1, 1, 2;
    %store/vec4 v00000195cdcb8b90_0, 0, 2;
    %pushi/vec4 1, 0, 1;
    %store/vec4 v00000195cdcbb280_0, 0, 1;
    %pushi/vec4 0, 0, 1;
    %store/vec4 v00000195cdcb7970_0, 0, 1;
    %pushi/vec4 1, 0, 1;
    %store/vec4 v00000195cdcba4c0_0, 0, 1;
    %pushi/vec4 1, 0, 1;
    %store/vec4 v00000195cdcb9c00_0, 0, 1;
    %pushi/vec4 0, 0, 1;
    %store/vec4 v00000195cdcb9980_0, 0, 1;
    %pushi/vec4 0, 0, 2;
    %store/vec4 v00000195cdcb8870_0, 0, 2;
    %jmp T_7.20;
T_7.19 ;
    %pushi/vec4 0, 0, 1;
    %store/vec4 v00000195cdcb8230_0, 0, 1;
    %pushi/vec4 0, 0, 1;
    %store/vec4 v00000195cdcb8550_0, 0, 1;
    %pushi/vec4 1, 0, 1;
    %store/vec4 v00000195cdcb8370_0, 0, 1;
    %pushi/vec4 0, 0, 1;
    %store/vec4 v00000195cdcb8690_0, 0, 1;
    %pushi/vec4 31, 0, 5;
    %store/vec4 v00000195cdcb7f10_0, 0, 5;
    %pushi/vec4 0, 0, 1;
    %store/vec4 v00000195cdcb82d0_0, 0, 1;
    %pushi/vec4 0, 0, 1;
    %store/vec4 v00000195cdcb85f0_0, 0, 1;
    %pushi/vec4 0, 0, 1;
    %store/vec4 v00000195cdcb7ab0_0, 0, 1;
    %pushi/vec4 1, 1, 2;
    %store/vec4 v00000195cdcb8b90_0, 0, 2;
    %pushi/vec4 1, 0, 1;
    %store/vec4 v00000195cdcbb280_0, 0, 1;
    %pushi/vec4 0, 0, 1;
    %store/vec4 v00000195cdcb7970_0, 0, 1;
    %pushi/vec4 1, 0, 1;
    %store/vec4 v00000195cdcba4c0_0, 0, 1;
    %pushi/vec4 0, 0, 1;
    %store/vec4 v00000195cdcb9c00_0, 0, 1;
    %pushi/vec4 0, 0, 1;
    %store/vec4 v00000195cdcb9980_0, 0, 1;
    %pushi/vec4 0, 0, 2;
    %store/vec4 v00000195cdcb8870_0, 0, 2;
    %jmp T_7.20;
T_7.20 ;
    %pop/vec4 1;
    %jmp T_7.1;
T_7.0 ;
    %load/vec4 v00000195cdcb7d30_0;
    %dup/vec4;
    %pushi/vec4 8, 0, 6;
    %cmp/u;
    %jmp/1 T_7.21, 6;
    %dup/vec4;
    %pushi/vec4 9, 0, 6;
    %cmp/u;
    %jmp/1 T_7.22, 6;
    %dup/vec4;
    %pushi/vec4 13, 0, 6;
    %cmp/u;
    %jmp/1 T_7.23, 6;
    %dup/vec4;
    %pushi/vec4 12, 0, 6;
    %cmp/u;
    %jmp/1 T_7.24, 6;
    %dup/vec4;
    %pushi/vec4 14, 0, 6;
    %cmp/u;
    %jmp/1 T_7.25, 6;
    %dup/vec4;
    %pushi/vec4 10, 0, 6;
    %cmp/u;
    %jmp/1 T_7.26, 6;
    %dup/vec4;
    %pushi/vec4 11, 0, 6;
    %cmp/u;
    %jmp/1 T_7.27, 6;
    %dup/vec4;
    %pushi/vec4 4, 0, 6;
    %cmp/u;
    %jmp/1 T_7.28, 6;
    %dup/vec4;
    %pushi/vec4 5, 0, 6;
    %cmp/u;
    %jmp/1 T_7.29, 6;
    %dup/vec4;
    %pushi/vec4 1, 0, 6;
    %cmp/u;
    %jmp/1 T_7.30, 6;
    %dup/vec4;
    %pushi/vec4 6, 0, 6;
    %cmp/u;
    %jmp/1 T_7.31, 6;
    %dup/vec4;
    %pushi/vec4 7, 0, 6;
    %cmp/u;
    %jmp/1 T_7.32, 6;
    %dup/vec4;
    %pushi/vec4 35, 0, 6;
    %cmp/u;
    %jmp/1 T_7.33, 6;
    %dup/vec4;
    %pushi/vec4 43, 0, 6;
    %cmp/u;
    %jmp/1 T_7.34, 6;
    %dup/vec4;
    %pushi/vec4 40, 0, 6;
    %cmp/u;
    %jmp/1 T_7.35, 6;
    %dup/vec4;
    %pushi/vec4 32, 0, 6;
    %cmp/u;
    %jmp/1 T_7.36, 6;
    %dup/vec4;
    %pushi/vec4 36, 0, 6;
    %cmp/u;
    %jmp/1 T_7.37, 6;
    %dup/vec4;
    %pushi/vec4 15, 0, 6;
    %cmp/u;
    %jmp/1 T_7.38, 6;
    %dup/vec4;
    %pushi/vec4 2, 0, 6;
    %cmp/u;
    %jmp/1 T_7.39, 6;
    %dup/vec4;
    %pushi/vec4 3, 0, 6;
    %cmp/u;
    %jmp/1 T_7.40, 6;
    %jmp T_7.41;
T_7.21 ;
    %pushi/vec4 0, 0, 1;
    %store/vec4 v00000195cdcb8230_0, 0, 1;
    %pushi/vec4 0, 0, 1;
    %store/vec4 v00000195cdcb8550_0, 0, 1;
    %pushi/vec4 0, 0, 1;
    %store/vec4 v00000195cdcb8370_0, 0, 1;
    %pushi/vec4 1, 0, 1;
    %store/vec4 v00000195cdcb8690_0, 0, 1;
    %pushi/vec4 0, 0, 5;
    %store/vec4 v00000195cdcb7f10_0, 0, 5;
    %pushi/vec4 0, 0, 1;
    %store/vec4 v00000195cdcb82d0_0, 0, 1;
    %pushi/vec4 1, 0, 1;
    %store/vec4 v00000195cdcb85f0_0, 0, 1;
    %pushi/vec4 0, 0, 1;
    %store/vec4 v00000195cdcb7ab0_0, 0, 1;
    %pushi/vec4 1, 0, 2;
    %store/vec4 v00000195cdcb8b90_0, 0, 2;
    %pushi/vec4 0, 0, 1;
    %store/vec4 v00000195cdcbb280_0, 0, 1;
    %pushi/vec4 0, 0, 1;
    %store/vec4 v00000195cdcb7970_0, 0, 1;
    %pushi/vec4 0, 0, 1;
    %store/vec4 v00000195cdcba4c0_0, 0, 1;
    %pushi/vec4 0, 0, 1;
    %store/vec4 v00000195cdcb9c00_0, 0, 1;
    %pushi/vec4 0, 0, 1;
    %store/vec4 v00000195cdcb9980_0, 0, 1;
    %pushi/vec4 0, 0, 2;
    %store/vec4 v00000195cdcb8870_0, 0, 2;
    %jmp T_7.41;
T_7.22 ;
    %pushi/vec4 0, 0, 1;
    %store/vec4 v00000195cdcb8230_0, 0, 1;
    %pushi/vec4 0, 0, 1;
    %store/vec4 v00000195cdcb8550_0, 0, 1;
    %pushi/vec4 0, 0, 1;
    %store/vec4 v00000195cdcb8370_0, 0, 1;
    %pushi/vec4 1, 0, 1;
    %store/vec4 v00000195cdcb8690_0, 0, 1;
    %pushi/vec4 1, 0, 5;
    %store/vec4 v00000195cdcb7f10_0, 0, 5;
    %pushi/vec4 0, 0, 1;
    %store/vec4 v00000195cdcb82d0_0, 0, 1;
    %pushi/vec4 1, 0, 1;
    %store/vec4 v00000195cdcb85f0_0, 0, 1;
    %pushi/vec4 0, 0, 1;
    %store/vec4 v00000195cdcb7ab0_0, 0, 1;
    %pushi/vec4 1, 0, 2;
    %store/vec4 v00000195cdcb8b90_0, 0, 2;
    %pushi/vec4 0, 0, 1;
    %store/vec4 v00000195cdcbb280_0, 0, 1;
    %pushi/vec4 0, 0, 1;
    %store/vec4 v00000195cdcb7970_0, 0, 1;
    %pushi/vec4 0, 0, 1;
    %store/vec4 v00000195cdcba4c0_0, 0, 1;
    %pushi/vec4 0, 0, 1;
    %store/vec4 v00000195cdcb9c00_0, 0, 1;
    %pushi/vec4 0, 0, 1;
    %store/vec4 v00000195cdcb9980_0, 0, 1;
    %pushi/vec4 0, 0, 2;
    %store/vec4 v00000195cdcb8870_0, 0, 2;
    %jmp T_7.41;
T_7.23 ;
    %pushi/vec4 0, 0, 1;
    %store/vec4 v00000195cdcb8230_0, 0, 1;
    %pushi/vec4 0, 0, 1;
    %store/vec4 v00000195cdcb8550_0, 0, 1;
    %pushi/vec4 0, 0, 1;
    %store/vec4 v00000195cdcb8370_0, 0, 1;
    %pushi/vec4 1, 0, 1;
    %store/vec4 v00000195cdcb8690_0, 0, 1;
    %pushi/vec4 5, 0, 5;
    %store/vec4 v00000195cdcb7f10_0, 0, 5;
    %pushi/vec4 0, 0, 1;
    %store/vec4 v00000195cdcb82d0_0, 0, 1;
    %pushi/vec4 1, 0, 1;
    %store/vec4 v00000195cdcb85f0_0, 0, 1;
    %pushi/vec4 0, 0, 1;
    %store/vec4 v00000195cdcb7ab0_0, 0, 1;
    %pushi/vec4 0, 0, 2;
    %store/vec4 v00000195cdcb8b90_0, 0, 2;
    %pushi/vec4 0, 0, 1;
    %store/vec4 v00000195cdcbb280_0, 0, 1;
    %pushi/vec4 0, 0, 1;
    %store/vec4 v00000195cdcb7970_0, 0, 1;
    %pushi/vec4 0, 0, 1;
    %store/vec4 v00000195cdcba4c0_0, 0, 1;
    %pushi/vec4 0, 0, 1;
    %store/vec4 v00000195cdcb9c00_0, 0, 1;
    %pushi/vec4 0, 0, 1;
    %store/vec4 v00000195cdcb9980_0, 0, 1;
    %pushi/vec4 0, 0, 2;
    %store/vec4 v00000195cdcb8870_0, 0, 2;
    %jmp T_7.41;
T_7.24 ;
    %pushi/vec4 0, 0, 1;
    %store/vec4 v00000195cdcb8230_0, 0, 1;
    %pushi/vec4 0, 0, 1;
    %store/vec4 v00000195cdcb8550_0, 0, 1;
    %pushi/vec4 0, 0, 1;
    %store/vec4 v00000195cdcb8370_0, 0, 1;
    %pushi/vec4 1, 0, 1;
    %store/vec4 v00000195cdcb8690_0, 0, 1;
    %pushi/vec4 4, 0, 5;
    %store/vec4 v00000195cdcb7f10_0, 0, 5;
    %pushi/vec4 0, 0, 1;
    %store/vec4 v00000195cdcb82d0_0, 0, 1;
    %pushi/vec4 1, 0, 1;
    %store/vec4 v00000195cdcb85f0_0, 0, 1;
    %pushi/vec4 0, 0, 1;
    %store/vec4 v00000195cdcb7ab0_0, 0, 1;
    %pushi/vec4 0, 0, 2;
    %store/vec4 v00000195cdcb8b90_0, 0, 2;
    %pushi/vec4 0, 0, 1;
    %store/vec4 v00000195cdcbb280_0, 0, 1;
    %pushi/vec4 0, 0, 1;
    %store/vec4 v00000195cdcb7970_0, 0, 1;
    %pushi/vec4 0, 0, 1;
    %store/vec4 v00000195cdcba4c0_0, 0, 1;
    %pushi/vec4 0, 0, 1;
    %store/vec4 v00000195cdcb9c00_0, 0, 1;
    %pushi/vec4 0, 0, 1;
    %store/vec4 v00000195cdcb9980_0, 0, 1;
    %pushi/vec4 0, 0, 2;
    %store/vec4 v00000195cdcb8870_0, 0, 2;
    %jmp T_7.41;
T_7.25 ;
    %pushi/vec4 0, 0, 1;
    %store/vec4 v00000195cdcb8230_0, 0, 1;
    %pushi/vec4 0, 0, 1;
    %store/vec4 v00000195cdcb8550_0, 0, 1;
    %pushi/vec4 0, 0, 1;
    %store/vec4 v00000195cdcb8370_0, 0, 1;
    %pushi/vec4 1, 0, 1;
    %store/vec4 v00000195cdcb8690_0, 0, 1;
    %pushi/vec4 6, 0, 5;
    %store/vec4 v00000195cdcb7f10_0, 0, 5;
    %pushi/vec4 0, 0, 1;
    %store/vec4 v00000195cdcb82d0_0, 0, 1;
    %pushi/vec4 1, 0, 1;
    %store/vec4 v00000195cdcb85f0_0, 0, 1;
    %pushi/vec4 0, 0, 1;
    %store/vec4 v00000195cdcb7ab0_0, 0, 1;
    %pushi/vec4 0, 0, 2;
    %store/vec4 v00000195cdcb8b90_0, 0, 2;
    %pushi/vec4 0, 0, 1;
    %store/vec4 v00000195cdcbb280_0, 0, 1;
    %pushi/vec4 0, 0, 1;
    %store/vec4 v00000195cdcb7970_0, 0, 1;
    %pushi/vec4 0, 0, 1;
    %store/vec4 v00000195cdcba4c0_0, 0, 1;
    %pushi/vec4 0, 0, 1;
    %store/vec4 v00000195cdcb9c00_0, 0, 1;
    %pushi/vec4 0, 0, 1;
    %store/vec4 v00000195cdcb9980_0, 0, 1;
    %pushi/vec4 0, 0, 2;
    %store/vec4 v00000195cdcb8870_0, 0, 2;
    %jmp T_7.41;
T_7.26 ;
    %pushi/vec4 0, 0, 1;
    %store/vec4 v00000195cdcb8230_0, 0, 1;
    %pushi/vec4 0, 0, 1;
    %store/vec4 v00000195cdcb8550_0, 0, 1;
    %pushi/vec4 0, 0, 1;
    %store/vec4 v00000195cdcb8370_0, 0, 1;
    %pushi/vec4 1, 0, 1;
    %store/vec4 v00000195cdcb8690_0, 0, 1;
    %pushi/vec4 12, 0, 5;
    %store/vec4 v00000195cdcb7f10_0, 0, 5;
    %pushi/vec4 0, 0, 1;
    %store/vec4 v00000195cdcb82d0_0, 0, 1;
    %pushi/vec4 1, 0, 1;
    %store/vec4 v00000195cdcb85f0_0, 0, 1;
    %pushi/vec4 0, 0, 1;
    %store/vec4 v00000195cdcb7ab0_0, 0, 1;
    %pushi/vec4 1, 0, 2;
    %store/vec4 v00000195cdcb8b90_0, 0, 2;
    %pushi/vec4 0, 0, 1;
    %store/vec4 v00000195cdcbb280_0, 0, 1;
    %pushi/vec4 0, 0, 1;
    %store/vec4 v00000195cdcb7970_0, 0, 1;
    %pushi/vec4 0, 0, 1;
    %store/vec4 v00000195cdcba4c0_0, 0, 1;
    %pushi/vec4 0, 0, 1;
    %store/vec4 v00000195cdcb9c00_0, 0, 1;
    %pushi/vec4 0, 0, 1;
    %store/vec4 v00000195cdcb9980_0, 0, 1;
    %pushi/vec4 0, 0, 2;
    %store/vec4 v00000195cdcb8870_0, 0, 2;
    %jmp T_7.41;
T_7.27 ;
    %pushi/vec4 0, 0, 1;
    %store/vec4 v00000195cdcb8230_0, 0, 1;
    %pushi/vec4 0, 0, 1;
    %store/vec4 v00000195cdcb8550_0, 0, 1;
    %pushi/vec4 0, 0, 1;
    %store/vec4 v00000195cdcb8370_0, 0, 1;
    %pushi/vec4 1, 0, 1;
    %store/vec4 v00000195cdcb8690_0, 0, 1;
    %pushi/vec4 13, 0, 5;
    %store/vec4 v00000195cdcb7f10_0, 0, 5;
    %pushi/vec4 0, 0, 1;
    %store/vec4 v00000195cdcb82d0_0, 0, 1;
    %pushi/vec4 1, 0, 1;
    %store/vec4 v00000195cdcb85f0_0, 0, 1;
    %pushi/vec4 0, 0, 1;
    %store/vec4 v00000195cdcb7ab0_0, 0, 1;
    %pushi/vec4 1, 0, 2;
    %store/vec4 v00000195cdcb8b90_0, 0, 2;
    %pushi/vec4 0, 0, 1;
    %store/vec4 v00000195cdcbb280_0, 0, 1;
    %pushi/vec4 0, 0, 1;
    %store/vec4 v00000195cdcb7970_0, 0, 1;
    %pushi/vec4 0, 0, 1;
    %store/vec4 v00000195cdcba4c0_0, 0, 1;
    %pushi/vec4 0, 0, 1;
    %store/vec4 v00000195cdcb9c00_0, 0, 1;
    %pushi/vec4 0, 0, 1;
    %store/vec4 v00000195cdcb9980_0, 0, 1;
    %pushi/vec4 0, 0, 2;
    %store/vec4 v00000195cdcb8870_0, 0, 2;
    %jmp T_7.41;
T_7.28 ;
    %pushi/vec4 1, 0, 1;
    %store/vec4 v00000195cdcb8230_0, 0, 1;
    %pushi/vec4 0, 0, 1;
    %store/vec4 v00000195cdcb8550_0, 0, 1;
    %pushi/vec4 1, 1, 1;
    %store/vec4 v00000195cdcb8370_0, 0, 1;
    %pushi/vec4 0, 0, 1;
    %store/vec4 v00000195cdcb8690_0, 0, 1;
    %pushi/vec4 2, 0, 5;
    %store/vec4 v00000195cdcb7f10_0, 0, 5;
    %pushi/vec4 1, 1, 1;
    %store/vec4 v00000195cdcb82d0_0, 0, 1;
    %pushi/vec4 0, 0, 1;
    %store/vec4 v00000195cdcb85f0_0, 0, 1;
    %pushi/vec4 0, 0, 1;
    %store/vec4 v00000195cdcb7ab0_0, 0, 1;
    %pushi/vec4 1, 1, 2;
    %store/vec4 v00000195cdcb8b90_0, 0, 2;
    %pushi/vec4 0, 0, 1;
    %store/vec4 v00000195cdcbb280_0, 0, 1;
    %pushi/vec4 0, 0, 1;
    %store/vec4 v00000195cdcb7970_0, 0, 1;
    %pushi/vec4 0, 0, 1;
    %store/vec4 v00000195cdcba4c0_0, 0, 1;
    %pushi/vec4 0, 0, 1;
    %store/vec4 v00000195cdcb9c00_0, 0, 1;
    %pushi/vec4 0, 0, 1;
    %store/vec4 v00000195cdcb9980_0, 0, 1;
    %pushi/vec4 0, 0, 2;
    %store/vec4 v00000195cdcb8870_0, 0, 2;
    %jmp T_7.41;
T_7.29 ;
    %pushi/vec4 1, 0, 1;
    %store/vec4 v00000195cdcb8230_0, 0, 1;
    %pushi/vec4 0, 0, 1;
    %store/vec4 v00000195cdcb8550_0, 0, 1;
    %pushi/vec4 1, 1, 1;
    %store/vec4 v00000195cdcb8370_0, 0, 1;
    %pushi/vec4 0, 0, 1;
    %store/vec4 v00000195cdcb8690_0, 0, 1;
    %pushi/vec4 2, 0, 5;
    %store/vec4 v00000195cdcb7f10_0, 0, 5;
    %pushi/vec4 1, 1, 1;
    %store/vec4 v00000195cdcb82d0_0, 0, 1;
    %pushi/vec4 0, 0, 1;
    %store/vec4 v00000195cdcb85f0_0, 0, 1;
    %pushi/vec4 0, 0, 1;
    %store/vec4 v00000195cdcb7ab0_0, 0, 1;
    %pushi/vec4 1, 1, 2;
    %store/vec4 v00000195cdcb8b90_0, 0, 2;
    %pushi/vec4 0, 0, 1;
    %store/vec4 v00000195cdcbb280_0, 0, 1;
    %pushi/vec4 0, 0, 1;
    %store/vec4 v00000195cdcb7970_0, 0, 1;
    %pushi/vec4 0, 0, 1;
    %store/vec4 v00000195cdcba4c0_0, 0, 1;
    %pushi/vec4 0, 0, 1;
    %store/vec4 v00000195cdcb9c00_0, 0, 1;
    %pushi/vec4 0, 0, 1;
    %store/vec4 v00000195cdcb9980_0, 0, 1;
    %pushi/vec4 0, 0, 2;
    %store/vec4 v00000195cdcb8870_0, 0, 2;
    %jmp T_7.41;
T_7.30 ;
    %pushi/vec4 1, 0, 1;
    %store/vec4 v00000195cdcb8230_0, 0, 1;
    %pushi/vec4 0, 0, 1;
    %store/vec4 v00000195cdcb8550_0, 0, 1;
    %pushi/vec4 1, 1, 1;
    %store/vec4 v00000195cdcb8370_0, 0, 1;
    %pushi/vec4 0, 0, 1;
    %store/vec4 v00000195cdcb8690_0, 0, 1;
    %pushi/vec4 31, 0, 5;
    %store/vec4 v00000195cdcb7f10_0, 0, 5;
    %pushi/vec4 1, 1, 1;
    %store/vec4 v00000195cdcb82d0_0, 0, 1;
    %pushi/vec4 0, 0, 1;
    %store/vec4 v00000195cdcb85f0_0, 0, 1;
    %pushi/vec4 0, 0, 1;
    %store/vec4 v00000195cdcb7ab0_0, 0, 1;
    %pushi/vec4 1, 1, 2;
    %store/vec4 v00000195cdcb8b90_0, 0, 2;
    %pushi/vec4 0, 0, 1;
    %store/vec4 v00000195cdcbb280_0, 0, 1;
    %pushi/vec4 0, 0, 1;
    %store/vec4 v00000195cdcb7970_0, 0, 1;
    %pushi/vec4 0, 0, 1;
    %store/vec4 v00000195cdcba4c0_0, 0, 1;
    %pushi/vec4 0, 0, 1;
    %store/vec4 v00000195cdcb9c00_0, 0, 1;
    %pushi/vec4 0, 0, 1;
    %store/vec4 v00000195cdcb9980_0, 0, 1;
    %pushi/vec4 0, 0, 2;
    %store/vec4 v00000195cdcb8870_0, 0, 2;
    %jmp T_7.41;
T_7.31 ;
    %pushi/vec4 1, 0, 1;
    %store/vec4 v00000195cdcb8230_0, 0, 1;
    %pushi/vec4 0, 0, 1;
    %store/vec4 v00000195cdcb8550_0, 0, 1;
    %pushi/vec4 1, 1, 1;
    %store/vec4 v00000195cdcb8370_0, 0, 1;
    %pushi/vec4 0, 0, 1;
    %store/vec4 v00000195cdcb8690_0, 0, 1;
    %pushi/vec4 31, 0, 5;
    %store/vec4 v00000195cdcb7f10_0, 0, 5;
    %pushi/vec4 1, 1, 1;
    %store/vec4 v00000195cdcb82d0_0, 0, 1;
    %pushi/vec4 0, 0, 1;
    %store/vec4 v00000195cdcb85f0_0, 0, 1;
    %pushi/vec4 0, 0, 1;
    %store/vec4 v00000195cdcb7ab0_0, 0, 1;
    %pushi/vec4 1, 1, 2;
    %store/vec4 v00000195cdcb8b90_0, 0, 2;
    %pushi/vec4 0, 0, 1;
    %store/vec4 v00000195cdcbb280_0, 0, 1;
    %pushi/vec4 0, 0, 1;
    %store/vec4 v00000195cdcb7970_0, 0, 1;
    %pushi/vec4 0, 0, 1;
    %store/vec4 v00000195cdcba4c0_0, 0, 1;
    %pushi/vec4 0, 0, 1;
    %store/vec4 v00000195cdcb9c00_0, 0, 1;
    %pushi/vec4 0, 0, 1;
    %store/vec4 v00000195cdcb9980_0, 0, 1;
    %pushi/vec4 0, 0, 2;
    %store/vec4 v00000195cdcb8870_0, 0, 2;
    %jmp T_7.41;
T_7.32 ;
    %pushi/vec4 1, 0, 1;
    %store/vec4 v00000195cdcb8230_0, 0, 1;
    %pushi/vec4 0, 0, 1;
    %store/vec4 v00000195cdcb8550_0, 0, 1;
    %pushi/vec4 1, 1, 1;
    %store/vec4 v00000195cdcb8370_0, 0, 1;
    %pushi/vec4 0, 0, 1;
    %store/vec4 v00000195cdcb8690_0, 0, 1;
    %pushi/vec4 31, 0, 5;
    %store/vec4 v00000195cdcb7f10_0, 0, 5;
    %pushi/vec4 1, 1, 1;
    %store/vec4 v00000195cdcb82d0_0, 0, 1;
    %pushi/vec4 0, 0, 1;
    %store/vec4 v00000195cdcb85f0_0, 0, 1;
    %pushi/vec4 0, 0, 1;
    %store/vec4 v00000195cdcb7ab0_0, 0, 1;
    %pushi/vec4 1, 1, 2;
    %store/vec4 v00000195cdcb8b90_0, 0, 2;
    %pushi/vec4 0, 0, 1;
    %store/vec4 v00000195cdcbb280_0, 0, 1;
    %pushi/vec4 0, 0, 1;
    %store/vec4 v00000195cdcb7970_0, 0, 1;
    %pushi/vec4 0, 0, 1;
    %store/vec4 v00000195cdcba4c0_0, 0, 1;
    %pushi/vec4 0, 0, 1;
    %store/vec4 v00000195cdcb9c00_0, 0, 1;
    %pushi/vec4 0, 0, 1;
    %store/vec4 v00000195cdcb9980_0, 0, 1;
    %pushi/vec4 0, 0, 2;
    %store/vec4 v00000195cdcb8870_0, 0, 2;
    %jmp T_7.41;
T_7.33 ;
    %pushi/vec4 0, 0, 1;
    %store/vec4 v00000195cdcb8230_0, 0, 1;
    %pushi/vec4 0, 0, 1;
    %store/vec4 v00000195cdcb8550_0, 0, 1;
    %pushi/vec4 0, 0, 1;
    %store/vec4 v00000195cdcb8370_0, 0, 1;
    %pushi/vec4 1, 0, 1;
    %store/vec4 v00000195cdcb8690_0, 0, 1;
    %pushi/vec4 1, 0, 5;
    %store/vec4 v00000195cdcb7f10_0, 0, 5;
    %pushi/vec4 1, 0, 1;
    %store/vec4 v00000195cdcb82d0_0, 0, 1;
    %pushi/vec4 1, 0, 1;
    %store/vec4 v00000195cdcb85f0_0, 0, 1;
    %pushi/vec4 0, 0, 1;
    %store/vec4 v00000195cdcb7ab0_0, 0, 1;
    %pushi/vec4 1, 0, 2;
    %store/vec4 v00000195cdcb8b90_0, 0, 2;
    %pushi/vec4 0, 0, 1;
    %store/vec4 v00000195cdcbb280_0, 0, 1;
    %pushi/vec4 0, 0, 1;
    %store/vec4 v00000195cdcb7970_0, 0, 1;
    %pushi/vec4 0, 0, 1;
    %store/vec4 v00000195cdcba4c0_0, 0, 1;
    %pushi/vec4 0, 0, 1;
    %store/vec4 v00000195cdcb9c00_0, 0, 1;
    %pushi/vec4 0, 0, 1;
    %store/vec4 v00000195cdcb9980_0, 0, 1;
    %pushi/vec4 0, 0, 2;
    %store/vec4 v00000195cdcb8870_0, 0, 2;
    %jmp T_7.41;
T_7.34 ;
    %pushi/vec4 0, 0, 1;
    %store/vec4 v00000195cdcb8230_0, 0, 1;
    %pushi/vec4 0, 0, 1;
    %store/vec4 v00000195cdcb8550_0, 0, 1;
    %pushi/vec4 1, 1, 1;
    %store/vec4 v00000195cdcb8370_0, 0, 1;
    %pushi/vec4 1, 0, 1;
    %store/vec4 v00000195cdcb8690_0, 0, 1;
    %pushi/vec4 1, 0, 5;
    %store/vec4 v00000195cdcb7f10_0, 0, 5;
    %pushi/vec4 0, 0, 1;
    %store/vec4 v00000195cdcb82d0_0, 0, 1;
    %pushi/vec4 0, 0, 1;
    %store/vec4 v00000195cdcb85f0_0, 0, 1;
    %pushi/vec4 1, 0, 1;
    %store/vec4 v00000195cdcb7ab0_0, 0, 1;
    %pushi/vec4 1, 0, 2;
    %store/vec4 v00000195cdcb8b90_0, 0, 2;
    %pushi/vec4 0, 0, 1;
    %store/vec4 v00000195cdcbb280_0, 0, 1;
    %pushi/vec4 0, 0, 1;
    %store/vec4 v00000195cdcb7970_0, 0, 1;
    %pushi/vec4 0, 0, 1;
    %store/vec4 v00000195cdcba4c0_0, 0, 1;
    %pushi/vec4 0, 0, 1;
    %store/vec4 v00000195cdcb9c00_0, 0, 1;
    %pushi/vec4 0, 0, 1;
    %store/vec4 v00000195cdcb9980_0, 0, 1;
    %pushi/vec4 0, 0, 2;
    %store/vec4 v00000195cdcb8870_0, 0, 2;
    %jmp T_7.41;
T_7.35 ;
    %pushi/vec4 0, 0, 1;
    %store/vec4 v00000195cdcb8230_0, 0, 1;
    %pushi/vec4 0, 0, 1;
    %store/vec4 v00000195cdcb8550_0, 0, 1;
    %pushi/vec4 0, 0, 1;
    %store/vec4 v00000195cdcb8370_0, 0, 1;
    %pushi/vec4 1, 0, 1;
    %store/vec4 v00000195cdcb8690_0, 0, 1;
    %pushi/vec4 1, 0, 5;
    %store/vec4 v00000195cdcb7f10_0, 0, 5;
    %pushi/vec4 1, 1, 1;
    %store/vec4 v00000195cdcb82d0_0, 0, 1;
    %pushi/vec4 0, 0, 1;
    %store/vec4 v00000195cdcb85f0_0, 0, 1;
    %pushi/vec4 1, 0, 1;
    %store/vec4 v00000195cdcb7ab0_0, 0, 1;
    %pushi/vec4 1, 0, 2;
    %store/vec4 v00000195cdcb8b90_0, 0, 2;
    %pushi/vec4 0, 0, 1;
    %store/vec4 v00000195cdcbb280_0, 0, 1;
    %pushi/vec4 0, 0, 1;
    %store/vec4 v00000195cdcb7970_0, 0, 1;
    %pushi/vec4 0, 0, 1;
    %store/vec4 v00000195cdcba4c0_0, 0, 1;
    %pushi/vec4 0, 0, 1;
    %store/vec4 v00000195cdcb9c00_0, 0, 1;
    %pushi/vec4 1, 0, 1;
    %store/vec4 v00000195cdcb9980_0, 0, 1;
    %pushi/vec4 0, 0, 2;
    %store/vec4 v00000195cdcb8870_0, 0, 2;
    %jmp T_7.41;
T_7.36 ;
    %pushi/vec4 0, 0, 1;
    %store/vec4 v00000195cdcb8230_0, 0, 1;
    %pushi/vec4 0, 0, 1;
    %store/vec4 v00000195cdcb8550_0, 0, 1;
    %pushi/vec4 0, 0, 1;
    %store/vec4 v00000195cdcb8370_0, 0, 1;
    %pushi/vec4 1, 0, 1;
    %store/vec4 v00000195cdcb8690_0, 0, 1;
    %pushi/vec4 1, 0, 5;
    %store/vec4 v00000195cdcb7f10_0, 0, 5;
    %pushi/vec4 1, 0, 1;
    %store/vec4 v00000195cdcb82d0_0, 0, 1;
    %pushi/vec4 1, 0, 1;
    %store/vec4 v00000195cdcb85f0_0, 0, 1;
    %pushi/vec4 0, 0, 1;
    %store/vec4 v00000195cdcb7ab0_0, 0, 1;
    %pushi/vec4 1, 0, 2;
    %store/vec4 v00000195cdcb8b90_0, 0, 2;
    %pushi/vec4 0, 0, 1;
    %store/vec4 v00000195cdcbb280_0, 0, 1;
    %pushi/vec4 0, 0, 1;
    %store/vec4 v00000195cdcb7970_0, 0, 1;
    %pushi/vec4 0, 0, 1;
    %store/vec4 v00000195cdcba4c0_0, 0, 1;
    %pushi/vec4 0, 0, 1;
    %store/vec4 v00000195cdcb9c00_0, 0, 1;
    %pushi/vec4 0, 0, 1;
    %store/vec4 v00000195cdcb9980_0, 0, 1;
    %pushi/vec4 3, 0, 2;
    %store/vec4 v00000195cdcb8870_0, 0, 2;
    %jmp T_7.41;
T_7.37 ;
    %pushi/vec4 0, 0, 1;
    %store/vec4 v00000195cdcb8230_0, 0, 1;
    %pushi/vec4 0, 0, 1;
    %store/vec4 v00000195cdcb8550_0, 0, 1;
    %pushi/vec4 0, 0, 1;
    %store/vec4 v00000195cdcb8370_0, 0, 1;
    %pushi/vec4 1, 0, 1;
    %store/vec4 v00000195cdcb8690_0, 0, 1;
    %pushi/vec4 1, 0, 5;
    %store/vec4 v00000195cdcb7f10_0, 0, 5;
    %pushi/vec4 1, 0, 1;
    %store/vec4 v00000195cdcb82d0_0, 0, 1;
    %pushi/vec4 1, 0, 1;
    %store/vec4 v00000195cdcb85f0_0, 0, 1;
    %pushi/vec4 0, 0, 1;
    %store/vec4 v00000195cdcb7ab0_0, 0, 1;
    %pushi/vec4 1, 0, 2;
    %store/vec4 v00000195cdcb8b90_0, 0, 2;
    %pushi/vec4 0, 0, 1;
    %store/vec4 v00000195cdcbb280_0, 0, 1;
    %pushi/vec4 0, 0, 1;
    %store/vec4 v00000195cdcb7970_0, 0, 1;
    %pushi/vec4 0, 0, 1;
    %store/vec4 v00000195cdcba4c0_0, 0, 1;
    %pushi/vec4 0, 0, 1;
    %store/vec4 v00000195cdcb9c00_0, 0, 1;
    %pushi/vec4 0, 0, 1;
    %store/vec4 v00000195cdcb9980_0, 0, 1;
    %pushi/vec4 2, 0, 2;
    %store/vec4 v00000195cdcb8870_0, 0, 2;
    %jmp T_7.41;
T_7.38 ;
    %pushi/vec4 0, 0, 1;
    %store/vec4 v00000195cdcb8230_0, 0, 1;
    %pushi/vec4 0, 0, 1;
    %store/vec4 v00000195cdcb8550_0, 0, 1;
    %pushi/vec4 0, 0, 1;
    %store/vec4 v00000195cdcb8370_0, 0, 1;
    %pushi/vec4 1, 0, 1;
    %store/vec4 v00000195cdcb8690_0, 0, 1;
    %pushi/vec4 30, 0, 5;
    %store/vec4 v00000195cdcb7f10_0, 0, 5;
    %pushi/vec4 0, 0, 1;
    %store/vec4 v00000195cdcb82d0_0, 0, 1;
    %pushi/vec4 1, 0, 1;
    %store/vec4 v00000195cdcb85f0_0, 0, 1;
    %pushi/vec4 0, 0, 1;
    %store/vec4 v00000195cdcb7ab0_0, 0, 1;
    %pushi/vec4 2, 0, 2;
    %store/vec4 v00000195cdcb8b90_0, 0, 2;
    %pushi/vec4 0, 0, 1;
    %store/vec4 v00000195cdcbb280_0, 0, 1;
    %pushi/vec4 0, 0, 1;
    %store/vec4 v00000195cdcb7970_0, 0, 1;
    %pushi/vec4 0, 0, 1;
    %store/vec4 v00000195cdcba4c0_0, 0, 1;
    %pushi/vec4 0, 0, 1;
    %store/vec4 v00000195cdcb9c00_0, 0, 1;
    %pushi/vec4 0, 0, 1;
    %store/vec4 v00000195cdcb9980_0, 0, 1;
    %pushi/vec4 0, 0, 2;
    %store/vec4 v00000195cdcb8870_0, 0, 2;
    %jmp T_7.41;
T_7.39 ;
    %pushi/vec4 0, 0, 1;
    %store/vec4 v00000195cdcb8230_0, 0, 1;
    %pushi/vec4 1, 0, 1;
    %store/vec4 v00000195cdcb8550_0, 0, 1;
    %pushi/vec4 1, 1, 1;
    %store/vec4 v00000195cdcb8370_0, 0, 1;
    %pushi/vec4 1, 1, 1;
    %store/vec4 v00000195cdcb8690_0, 0, 1;
    %pushi/vec4 31, 31, 5;
    %store/vec4 v00000195cdcb7f10_0, 0, 5;
    %pushi/vec4 1, 1, 1;
    %store/vec4 v00000195cdcb82d0_0, 0, 1;
    %pushi/vec4 0, 0, 1;
    %store/vec4 v00000195cdcb85f0_0, 0, 1;
    %pushi/vec4 0, 0, 1;
    %store/vec4 v00000195cdcb7ab0_0, 0, 1;
    %pushi/vec4 1, 1, 2;
    %store/vec4 v00000195cdcb8b90_0, 0, 2;
    %pushi/vec4 0, 0, 1;
    %store/vec4 v00000195cdcbb280_0, 0, 1;
    %pushi/vec4 0, 0, 1;
    %store/vec4 v00000195cdcb7970_0, 0, 1;
    %pushi/vec4 0, 0, 1;
    %store/vec4 v00000195cdcba4c0_0, 0, 1;
    %pushi/vec4 0, 0, 1;
    %store/vec4 v00000195cdcb9c00_0, 0, 1;
    %pushi/vec4 0, 0, 1;
    %store/vec4 v00000195cdcb9980_0, 0, 1;
    %pushi/vec4 0, 0, 2;
    %store/vec4 v00000195cdcb8870_0, 0, 2;
    %jmp T_7.41;
T_7.40 ;
    %pushi/vec4 0, 0, 1;
    %store/vec4 v00000195cdcb8230_0, 0, 1;
    %pushi/vec4 1, 0, 1;
    %store/vec4 v00000195cdcb8550_0, 0, 1;
    %pushi/vec4 1, 1, 1;
    %store/vec4 v00000195cdcb8370_0, 0, 1;
    %pushi/vec4 1, 1, 1;
    %store/vec4 v00000195cdcb8690_0, 0, 1;
    %pushi/vec4 31, 31, 5;
    %store/vec4 v00000195cdcb7f10_0, 0, 5;
    %pushi/vec4 1, 1, 1;
    %store/vec4 v00000195cdcb82d0_0, 0, 1;
    %pushi/vec4 1, 0, 1;
    %store/vec4 v00000195cdcb85f0_0, 0, 1;
    %pushi/vec4 0, 0, 1;
    %store/vec4 v00000195cdcb7ab0_0, 0, 1;
    %pushi/vec4 1, 1, 2;
    %store/vec4 v00000195cdcb8b90_0, 0, 2;
    %pushi/vec4 0, 0, 1;
    %store/vec4 v00000195cdcbb280_0, 0, 1;
    %pushi/vec4 1, 0, 1;
    %store/vec4 v00000195cdcb7970_0, 0, 1;
    %pushi/vec4 0, 0, 1;
    %store/vec4 v00000195cdcba4c0_0, 0, 1;
    %pushi/vec4 0, 0, 1;
    %store/vec4 v00000195cdcb9c00_0, 0, 1;
    %pushi/vec4 0, 0, 1;
    %store/vec4 v00000195cdcb9980_0, 0, 1;
    %pushi/vec4 0, 0, 2;
    %store/vec4 v00000195cdcb8870_0, 0, 2;
    %jmp T_7.41;
T_7.41 ;
    %pop/vec4 1;
T_7.1 ;
    %jmp T_7;
    .thread T_7, $push;
    .scope S_00000195cd7fa930;
T_8 ;
    %wait E_00000195cdc3e2f0;
    %load/vec4 v00000195cdcbf200_0;
    %nor/r;
    %flag_set/vec4 8;
    %jmp/0xz  T_8.0, 8;
    %load/vec4 v00000195cdcbc4d0_0;
    %assign/vec4 v00000195cdcbbe90_0, 0;
    %load/vec4 v00000195cdcbbf30_0;
    %assign/vec4 v00000195cdcbd330_0, 0;
    %load/vec4 v00000195cdcbced0_0;
    %assign/vec4 v00000195cdcbb990_0, 0;
    %load/vec4 v00000195cdcbbdf0_0;
    %assign/vec4 v00000195cdcbbd50_0, 0;
    %load/vec4 v00000195cdcbcd90_0;
    %assign/vec4 v00000195cdcbd290_0, 0;
    %load/vec4 v00000195cdcbcbb0_0;
    %assign/vec4 v00000195cdcbc2f0_0, 0;
    %load/vec4 v00000195cdcbced0_0;
    %assign/vec4 v00000195cdcbd1f0_0, 0;
    %load/vec4 v00000195cdcbb850_0;
    %assign/vec4 v00000195cdcbd5b0_0, 0;
    %load/vec4 v00000195cdcbc570_0;
    %assign/vec4 v00000195cdcbd470_0, 0;
    %load/vec4 v00000195cdcbce30_0;
    %assign/vec4 v00000195cdcbcc50_0, 0;
    %load/vec4 v00000195cdcbc610_0;
    %assign/vec4 v00000195cdcbc430_0, 0;
    %load/vec4 v00000195cdcbd0b0_0;
    %assign/vec4 v00000195cdcbd010_0, 0;
    %load/vec4 v00000195cdcbba30_0;
    %assign/vec4 v00000195cdcbd150_0, 0;
    %load/vec4 v00000195cdcbd650_0;
    %assign/vec4 v00000195cdcbd3d0_0, 0;
    %load/vec4 v00000195cdcbc250_0;
    %assign/vec4 v00000195cdcbc110_0, 0;
    %load/vec4 v00000195cdcbea80_0;
    %assign/vec4 v00000195cdcbf0c0_0, 0;
    %load/vec4 v00000195cdcbf020_0;
    %assign/vec4 v00000195cdcbb7b0_0, 0;
    %load/vec4 v00000195cdcbdf40_0;
    %assign/vec4 v00000195cdcbe3a0_0, 0;
    %load/vec4 v00000195cdcbc750_0;
    %assign/vec4 v00000195cdcbc6b0_0, 0;
    %load/vec4 v00000195cdcbc890_0;
    %assign/vec4 v00000195cdcbc930_0, 0;
    %load/vec4 v00000195cdcbf160_0;
    %assign/vec4 v00000195cdcbe300_0, 0;
    %load/vec4 v00000195cdcbc390_0;
    %assign/vec4 v00000195cdcbcf70_0, 0;
    %load/vec4 v00000195cdcbdae0_0;
    %assign/vec4 v00000195cdcbe580_0, 0;
T_8.0 ;
    %jmp T_8;
    .thread T_8;
    .scope S_00000195cd8a8410;
T_9 ;
    %pushi/vec4 0, 0, 1;
    %store/vec4 v00000195cdc54920_0, 0, 1;
    %pushi/vec4 0, 0, 1;
    %store/vec4 v00000195cdc54a60_0, 0, 1;
    %end;
    .thread T_9;
    .scope S_00000195cd8a8410;
T_10 ;
    %wait E_00000195cdc3df30;
    %load/vec4 v00000195cdc54ec0_0;
    %dup/vec4;
    %pushi/vec4 0, 0, 5;
    %cmp/u;
    %jmp/1 T_10.0, 6;
    %dup/vec4;
    %pushi/vec4 1, 0, 5;
    %cmp/u;
    %jmp/1 T_10.1, 6;
    %dup/vec4;
    %pushi/vec4 2, 0, 5;
    %cmp/u;
    %jmp/1 T_10.2, 6;
    %dup/vec4;
    %pushi/vec4 3, 0, 5;
    %cmp/u;
    %jmp/1 T_10.3, 6;
    %dup/vec4;
    %pushi/vec4 4, 0, 5;
    %cmp/u;
    %jmp/1 T_10.4, 6;
    %dup/vec4;
    %pushi/vec4 5, 0, 5;
    %cmp/u;
    %jmp/1 T_10.5, 6;
    %dup/vec4;
    %pushi/vec4 6, 0, 5;
    %cmp/u;
    %jmp/1 T_10.6, 6;
    %dup/vec4;
    %pushi/vec4 7, 0, 5;
    %cmp/u;
    %jmp/1 T_10.7, 6;
    %dup/vec4;
    %pushi/vec4 8, 0, 5;
    %cmp/u;
    %jmp/1 T_10.8, 6;
    %dup/vec4;
    %pushi/vec4 9, 0, 5;
    %cmp/u;
    %jmp/1 T_10.9, 6;
    %dup/vec4;
    %pushi/vec4 10, 0, 5;
    %cmp/u;
    %jmp/1 T_10.10, 6;
    %dup/vec4;
    %pushi/vec4 11, 0, 5;
    %cmp/u;
    %jmp/1 T_10.11, 6;
    %dup/vec4;
    %pushi/vec4 12, 0, 5;
    %cmp/u;
    %jmp/1 T_10.12, 6;
    %dup/vec4;
    %pushi/vec4 13, 0, 5;
    %cmp/u;
    %jmp/1 T_10.13, 6;
    %dup/vec4;
    %pushi/vec4 14, 0, 5;
    %cmp/u;
    %jmp/1 T_10.14, 6;
    %dup/vec4;
    %pushi/vec4 15, 0, 5;
    %cmp/u;
    %jmp/1 T_10.15, 6;
    %dup/vec4;
    %pushi/vec4 16, 0, 5;
    %cmp/u;
    %jmp/1 T_10.16, 6;
    %dup/vec4;
    %pushi/vec4 17, 0, 5;
    %cmp/u;
    %jmp/1 T_10.17, 6;
    %dup/vec4;
    %pushi/vec4 18, 0, 5;
    %cmp/u;
    %jmp/1 T_10.18, 6;
    %dup/vec4;
    %pushi/vec4 30, 0, 5;
    %cmp/u;
    %jmp/1 T_10.19, 6;
    %dup/vec4;
    %pushi/vec4 31, 0, 5;
    %cmp/u;
    %jmp/1 T_10.20, 6;
    %pushi/vec4 0, 0, 32;
    %assign/vec4 v00000195cdc54b00_0, 0;
    %pushi/vec4 0, 0, 1;
    %store/vec4 v00000195cdc54920_0, 0, 1;
    %pushi/vec4 0, 0, 1;
    %store/vec4 v00000195cdc54a60_0, 0, 1;
    %jmp T_10.22;
T_10.0 ;
    %load/vec4 v00000195cdc53e80_0;
    %parti/s 1, 31, 6;
    %load/vec4 v00000195cdc53e80_0;
    %concat/vec4; draw_concat_vec4
    %load/vec4 v00000195cdc53f20_0;
    %parti/s 1, 31, 6;
    %load/vec4 v00000195cdc53f20_0;
    %concat/vec4; draw_concat_vec4
    %add;
    %assign/vec4 v00000195cdc550a0_0, 0;
    %load/vec4 v00000195cdc53e80_0;
    %load/vec4 v00000195cdc53f20_0;
    %add;
    %assign/vec4 v00000195cdc54b00_0, 0;
    %load/vec4 v00000195cdc550a0_0;
    %pad/u 32;
    %store/vec4 v00000195cdc54f60_0, 0, 32;
    %load/vec4 v00000195cdc550a0_0;
    %parti/s 32, 0, 2;
    %store/vec4 v00000195cdc54ce0_0, 0, 32;
    %load/vec4 v00000195cdc54f60_0;
    %load/vec4 v00000195cdc54ce0_0;
    %cmp/ne;
    %flag_get/vec4 4;
    %store/vec4 v00000195cdc54920_0, 0, 1;
    %jmp T_10.22;
T_10.1 ;
    %load/vec4 v00000195cdc53e80_0;
    %load/vec4 v00000195cdc53f20_0;
    %add;
    %assign/vec4 v00000195cdc54b00_0, 0;
    %pushi/vec4 0, 0, 1;
    %store/vec4 v00000195cdc54920_0, 0, 1;
    %jmp T_10.22;
T_10.2 ;
    %load/vec4 v00000195cdc53e80_0;
    %parti/s 1, 31, 6;
    %load/vec4 v00000195cdc53e80_0;
    %concat/vec4; draw_concat_vec4
    %load/vec4 v00000195cdc53f20_0;
    %parti/s 1, 31, 6;
    %load/vec4 v00000195cdc53f20_0;
    %concat/vec4; draw_concat_vec4
    %sub;
    %assign/vec4 v00000195cdc550a0_0, 0;
    %load/vec4 v00000195cdc53e80_0;
    %load/vec4 v00000195cdc53f20_0;
    %sub;
    %assign/vec4 v00000195cdc54b00_0, 0;
    %load/vec4 v00000195cdc550a0_0;
    %pad/u 32;
    %store/vec4 v00000195cdc54f60_0, 0, 32;
    %load/vec4 v00000195cdc550a0_0;
    %parti/s 32, 0, 2;
    %store/vec4 v00000195cdc54ce0_0, 0, 32;
    %load/vec4 v00000195cdc54f60_0;
    %load/vec4 v00000195cdc54ce0_0;
    %cmp/ne;
    %flag_get/vec4 4;
    %store/vec4 v00000195cdc54920_0, 0, 1;
    %jmp T_10.22;
T_10.3 ;
    %load/vec4 v00000195cdc53e80_0;
    %load/vec4 v00000195cdc53f20_0;
    %sub;
    %assign/vec4 v00000195cdc54b00_0, 0;
    %pushi/vec4 0, 0, 1;
    %store/vec4 v00000195cdc54920_0, 0, 1;
    %jmp T_10.22;
T_10.4 ;
    %load/vec4 v00000195cdc53e80_0;
    %load/vec4 v00000195cdc53f20_0;
    %and;
    %store/vec4 v00000195cdc54b00_0, 0, 32;
    %pushi/vec4 0, 0, 1;
    %store/vec4 v00000195cdc54920_0, 0, 1;
    %jmp T_10.22;
T_10.5 ;
    %load/vec4 v00000195cdc53e80_0;
    %load/vec4 v00000195cdc53f20_0;
    %or;
    %store/vec4 v00000195cdc54b00_0, 0, 32;
    %pushi/vec4 0, 0, 1;
    %store/vec4 v00000195cdc54920_0, 0, 1;
    %jmp T_10.22;
T_10.6 ;
    %load/vec4 v00000195cdc53e80_0;
    %load/vec4 v00000195cdc53f20_0;
    %xor;
    %store/vec4 v00000195cdc54b00_0, 0, 32;
    %pushi/vec4 0, 0, 1;
    %store/vec4 v00000195cdc54920_0, 0, 1;
    %jmp T_10.22;
T_10.7 ;
    %load/vec4 v00000195cdc53e80_0;
    %inv;
    %store/vec4 v00000195cdc54b00_0, 0, 32;
    %pushi/vec4 0, 0, 1;
    %store/vec4 v00000195cdc54920_0, 0, 1;
    %jmp T_10.22;
T_10.8 ;
    %load/vec4 v00000195cdc53f20_0;
    %ix/getv 4, v00000195cdc53a20_0;
    %shiftl 4;
    %store/vec4 v00000195cdc54b00_0, 0, 32;
    %pushi/vec4 0, 0, 1;
    %store/vec4 v00000195cdc54920_0, 0, 1;
    %jmp T_10.22;
T_10.9 ;
    %load/vec4 v00000195cdc53f20_0;
    %ix/getv 4, v00000195cdc53a20_0;
    %shiftr 4;
    %store/vec4 v00000195cdc54b00_0, 0, 32;
    %pushi/vec4 0, 0, 1;
    %store/vec4 v00000195cdc54920_0, 0, 1;
    %jmp T_10.22;
T_10.10 ;
    %load/vec4 v00000195cdc53f20_0;
    %ix/getv 4, v00000195cdc53a20_0;
    %shiftl 4;
    %store/vec4 v00000195cdc54b00_0, 0, 32;
    %pushi/vec4 0, 0, 1;
    %store/vec4 v00000195cdc54920_0, 0, 1;
    %jmp T_10.22;
T_10.11 ;
    %load/vec4 v00000195cdc53f20_0;
    %ix/getv 4, v00000195cdc53a20_0;
    %shiftr/s 4;
    %store/vec4 v00000195cdc54b00_0, 0, 32;
    %pushi/vec4 0, 0, 1;
    %store/vec4 v00000195cdc54920_0, 0, 1;
    %jmp T_10.22;
T_10.12 ;
    %load/vec4 v00000195cdc53e80_0;
    %load/vec4 v00000195cdc53f20_0;
    %cmp/s;
    %flag_get/vec4 5;
    %pad/u 32;
    %store/vec4 v00000195cdc54b00_0, 0, 32;
    %pushi/vec4 0, 0, 1;
    %store/vec4 v00000195cdc54920_0, 0, 1;
    %jmp T_10.22;
T_10.13 ;
    %load/vec4 v00000195cdc53e80_0;
    %load/vec4 v00000195cdc53f20_0;
    %cmp/u;
    %flag_get/vec4 5;
    %pad/u 32;
    %store/vec4 v00000195cdc54b00_0, 0, 32;
    %pushi/vec4 0, 0, 1;
    %store/vec4 v00000195cdc54920_0, 0, 1;
    %jmp T_10.22;
T_10.14 ;
    %load/vec4 v00000195cdc53e80_0;
    %load/vec4 v00000195cdc53f20_0;
    %or;
    %inv;
    %store/vec4 v00000195cdc54b00_0, 0, 32;
    %pushi/vec4 0, 0, 1;
    %store/vec4 v00000195cdc54920_0, 0, 1;
    %jmp T_10.22;
T_10.15 ;
    %load/vec4 v00000195cdc53f20_0;
    %ix/getv 4, v00000195cdc53e80_0;
    %shiftl 4;
    %store/vec4 v00000195cdc54b00_0, 0, 32;
    %pushi/vec4 0, 0, 1;
    %store/vec4 v00000195cdc54920_0, 0, 1;
    %jmp T_10.22;
T_10.16 ;
    %load/vec4 v00000195cdc53f20_0;
    %ix/getv 4, v00000195cdc53e80_0;
    %shiftr 4;
    %store/vec4 v00000195cdc54b00_0, 0, 32;
    %pushi/vec4 0, 0, 1;
    %store/vec4 v00000195cdc54920_0, 0, 1;
    %jmp T_10.22;
T_10.17 ;
    %load/vec4 v00000195cdc53f20_0;
    %ix/getv 4, v00000195cdc53e80_0;
    %shiftl 4;
    %store/vec4 v00000195cdc54b00_0, 0, 32;
    %pushi/vec4 0, 0, 1;
    %store/vec4 v00000195cdc54920_0, 0, 1;
    %jmp T_10.22;
T_10.18 ;
    %load/vec4 v00000195cdc53f20_0;
    %ix/getv 4, v00000195cdc53e80_0;
    %shiftr/s 4;
    %store/vec4 v00000195cdc54b00_0, 0, 32;
    %pushi/vec4 0, 0, 1;
    %store/vec4 v00000195cdc54920_0, 0, 1;
    %jmp T_10.22;
T_10.19 ;
    %load/vec4 v00000195cdc53f20_0;
    %assign/vec4 v00000195cdc54b00_0, 0;
    %pushi/vec4 0, 0, 1;
    %store/vec4 v00000195cdc54920_0, 0, 1;
    %jmp T_10.22;
T_10.20 ;
    %load/vec4 v00000195cdc53e80_0;
    %assign/vec4 v00000195cdc54b00_0, 0;
    %pushi/vec4 0, 0, 1;
    %store/vec4 v00000195cdc54920_0, 0, 1;
    %jmp T_10.22;
T_10.22 ;
    %pop/vec4 1;
    %load/vec4 v00000195cdc54b00_0;
    %cmpi/e 0, 0, 32;
    %jmp/0xz  T_10.23, 4;
    %pushi/vec4 1, 0, 1;
    %store/vec4 v00000195cdc54a60_0, 0, 1;
    %jmp T_10.24;
T_10.23 ;
    %pushi/vec4 0, 0, 1;
    %store/vec4 v00000195cdc54a60_0, 0, 1;
T_10.24 ;
    %load/vec4 v00000195cdc54b00_0;
    %cmpi/s 0, 0, 32;
    %flag_inv 5; GE is !LT
    %jmp/0xz  T_10.25, 5;
    %pushi/vec4 0, 0, 1;
    %store/vec4 v00000195cdc55320_0, 0, 1;
    %jmp T_10.26;
T_10.25 ;
    %pushi/vec4 1, 0, 1;
    %store/vec4 v00000195cdc55320_0, 0, 1;
T_10.26 ;
    %jmp T_10;
    .thread T_10, $push;
    .scope S_00000195cd7a6880;
T_11 ;
    %wait E_00000195cdc3daf0;
    %load/vec4 v00000195cdc55140_0;
    %cmpi/e 1, 0, 2;
    %jmp/0xz  T_11.0, 4;
    %load/vec4 v00000195cdc551e0_0;
    %ix/load 4, 0, 0;
    %flag_set/imm 4, 0;
    %store/vec4 v00000195cdc53700_0, 4, 16;
    %load/vec4 v00000195cdc551e0_0;
    %parti/s 1, 15, 5;
    %cmpi/e 1, 0, 1;
    %jmp/0xz  T_11.2, 4;
    %pushi/vec4 65535, 0, 16;
    %ix/load 4, 16, 0;
    %flag_set/imm 4, 0;
    %store/vec4 v00000195cdc53700_0, 4, 16;
    %jmp T_11.3;
T_11.2 ;
    %load/vec4 v00000195cdc551e0_0;
    %parti/s 1, 15, 5;
    %cmpi/e 0, 0, 1;
    %jmp/0xz  T_11.4, 4;
    %pushi/vec4 0, 0, 16;
    %ix/load 4, 16, 0;
    %flag_set/imm 4, 0;
    %store/vec4 v00000195cdc53700_0, 4, 16;
T_11.4 ;
T_11.3 ;
    %jmp T_11.1;
T_11.0 ;
    %load/vec4 v00000195cdc55140_0;
    %cmpi/e 0, 0, 2;
    %jmp/0xz  T_11.6, 4;
    %load/vec4 v00000195cdc551e0_0;
    %ix/load 4, 0, 0;
    %flag_set/imm 4, 0;
    %store/vec4 v00000195cdc53700_0, 4, 16;
    %pushi/vec4 0, 0, 16;
    %ix/load 4, 16, 0;
    %flag_set/imm 4, 0;
    %store/vec4 v00000195cdc53700_0, 4, 16;
    %jmp T_11.7;
T_11.6 ;
    %load/vec4 v00000195cdc55140_0;
    %cmpi/e 2, 0, 2;
    %jmp/0xz  T_11.8, 4;
    %load/vec4 v00000195cdc551e0_0;
    %ix/load 4, 16, 0;
    %flag_set/imm 4, 0;
    %store/vec4 v00000195cdc53700_0, 4, 16;
    %pushi/vec4 0, 0, 16;
    %ix/load 4, 0, 0;
    %flag_set/imm 4, 0;
    %store/vec4 v00000195cdc53700_0, 4, 16;
T_11.8 ;
T_11.7 ;
T_11.1 ;
    %jmp T_11;
    .thread T_11, $push;
    .scope S_00000195cd7a6a10;
T_12 ;
    %wait E_00000195cdc3d8b0;
    %load/vec4 v00000195cdc53ca0_0;
    %dup/vec4;
    %pushi/vec4 0, 0, 2;
    %cmp/u;
    %jmp/1 T_12.0, 6;
    %dup/vec4;
    %pushi/vec4 1, 0, 2;
    %cmp/u;
    %jmp/1 T_12.1, 6;
    %dup/vec4;
    %pushi/vec4 2, 0, 2;
    %cmp/u;
    %jmp/1 T_12.2, 6;
    %dup/vec4;
    %pushi/vec4 3, 0, 2;
    %cmp/u;
    %jmp/1 T_12.3, 6;
    %jmp T_12.4;
T_12.0 ;
    %load/vec4 v00000195cdc53c00_0;
    %assign/vec4 v00000195cd8a7240_0, 0;
    %jmp T_12.4;
T_12.1 ;
    %load/vec4 v00000195cdc53b60_0;
    %assign/vec4 v00000195cd8a7240_0, 0;
    %jmp T_12.4;
T_12.2 ;
    %load/vec4 v00000195cdc53980_0;
    %assign/vec4 v00000195cd8a7240_0, 0;
    %jmp T_12.4;
T_12.3 ;
    %load/vec4 v00000195cdc537a0_0;
    %assign/vec4 v00000195cd8a7240_0, 0;
    %jmp T_12.4;
T_12.4 ;
    %pop/vec4 1;
    %jmp T_12;
    .thread T_12, $push;
    .scope S_00000195cd7a6ba0;
T_13 ;
    %wait E_00000195cdc3dcf0;
    %load/vec4 v00000195cdcb8410_0;
    %dup/vec4;
    %pushi/vec4 0, 0, 2;
    %cmp/u;
    %jmp/1 T_13.0, 6;
    %dup/vec4;
    %pushi/vec4 1, 0, 2;
    %cmp/u;
    %jmp/1 T_13.1, 6;
    %dup/vec4;
    %pushi/vec4 2, 0, 2;
    %cmp/u;
    %jmp/1 T_13.2, 6;
    %dup/vec4;
    %pushi/vec4 3, 0, 2;
    %cmp/u;
    %jmp/1 T_13.3, 6;
    %jmp T_13.4;
T_13.0 ;
    %load/vec4 v00000195cdcb7830_0;
    %assign/vec4 v00000195cdcb9130_0, 0;
    %jmp T_13.4;
T_13.1 ;
    %load/vec4 v00000195cdcb7dd0_0;
    %assign/vec4 v00000195cdcb9130_0, 0;
    %jmp T_13.4;
T_13.2 ;
    %load/vec4 v00000195cd8a7920_0;
    %assign/vec4 v00000195cdcb9130_0, 0;
    %jmp T_13.4;
T_13.3 ;
    %load/vec4 v00000195cd8a7880_0;
    %assign/vec4 v00000195cdcb9130_0, 0;
    %jmp T_13.4;
T_13.4 ;
    %pop/vec4 1;
    %jmp T_13;
    .thread T_13, $push;
# The file index is used to find the file name in the following table.
:file_names 15;
    "N/A";
    "<interactive>";
    "./ExtUnit.v";
    "CPU.v";
    "./ExecUnit.v";
    "./ALU.v";
    "./MUX.v";
    "./IDUnit.v";
    "./ControlUnit.v";
    "./Regfile.v";
    "./ID_Ex.v";
    "./IF_ID.v";
    "./IUnit.v";
    "./InstructionMemory.v";
    "./PC.v";
