#! /c/Source/iverilog-install/bin/vvp
:ivl_version "12.0 (devel)" "(s20150603-1110-g18392a46)";
:ivl_delay_selection "TYPICAL";
:vpi_time_precision - 12;
:vpi_module "D:\iverilog\lib\ivl\system.vpi";
:vpi_module "D:\iverilog\lib\ivl\vhdl_sys.vpi";
:vpi_module "D:\iverilog\lib\ivl\vhdl_textio.vpi";
:vpi_module "D:\iverilog\lib\ivl\v2005_math.vpi";
:vpi_module "D:\iverilog\lib\ivl\va_math.vpi";
S_000001cd09d92300 .scope module, "tb_PipeLine_CPU" "tb_PipeLine_CPU" 2 5;
 .timescale -9 -12;
P_000001cd09d78970 .param/l "PERIOD" 0 2 8, +C4<00000000000000000000000000001010>;
v000001cd09de9b30_0 .var "clk", 0 0;
v000001cd09de9950_0 .var "rst", 0 0;
S_000001cd09d92490 .scope module, "u_PipeLine_CPU" "PipeLine_CPU" 2 29, 3 3 0, S_000001cd09d92300;
 .timescale 0 0;
    .port_info 0 /INPUT 1 "clk";
    .port_info 1 /INPUT 1 "rst";
v000001cd09dea0d0_0 .net "Instruction_ID", 31 0, v000001cd09d7ead0_0;  1 drivers
v000001cd09dea030_0 .net "Instruction_IF", 31 0, L_000001cd09d79d90;  1 drivers
v000001cd09dea530_0 .net "PC_Addr_ID", 31 0, v000001cd09d7e670_0;  1 drivers
v000001cd09de9a90_0 .net "PC_Addr_IF", 31 0, L_000001cd09dea170;  1 drivers
v000001cd09dea5d0_0 .net "clk", 0 0, v000001cd09de9b30_0;  1 drivers
v000001cd09de9130_0 .net "rst", 0 0, v000001cd09de9950_0;  1 drivers
S_000001cd09d92620 .scope module, "IF_ID" "IF_ID_206" 3 23, 4 2 0, S_000001cd09d92490;
 .timescale 0 0;
    .port_info 0 /INPUT 1 "clk";
    .port_info 1 /INPUT 1 "stall";
    .port_info 2 /INPUT 32 "Instruction_IN";
    .port_info 3 /INPUT 32 "PC_Addr_IN";
    .port_info 4 /OUTPUT 32 "Instruction";
    .port_info 5 /OUTPUT 32 "PC_Addr";
v000001cd09d7ead0_0 .var "Instruction", 31 0;
v000001cd09d7edf0_0 .net "Instruction_IN", 31 0, L_000001cd09d79d90;  alias, 1 drivers
v000001cd09d7e670_0 .var "PC_Addr", 31 0;
v000001cd09d7e710_0 .net "PC_Addr_IN", 31 0, L_000001cd09dea170;  alias, 1 drivers
v000001cd09d7e7b0_0 .net "clk", 0 0, v000001cd09de9b30_0;  alias, 1 drivers
L_000001cd09deb1c0 .functor BUFT 1, C4<0>, C4<0>, C4<0>, C4<0>;
v000001cd09d7e850_0 .net "stall", 0 0, L_000001cd09deb1c0;  1 drivers
E_000001cd09d78d30 .event posedge, v000001cd09d7e7b0_0;
S_000001cd09d864c0 .scope module, "IUnit" "IUnit206" 3 15, 5 5 0, S_000001cd09d92490;
 .timescale 0 0;
    .port_info 0 /INPUT 1 "clk";
    .port_info 1 /INPUT 1 "rst";
    .port_info 2 /INPUT 1 "PC_Src";
    .port_info 3 /INPUT 30 "Target_PC_Addr";
    .port_info 4 /OUTPUT 32 "PC_Addr";
    .port_info 5 /OUTPUT 32 "Instruction";
v000001cd09d7e350_0 .net "Instruction", 31 0, L_000001cd09d79d90;  alias, 1 drivers
v000001cd09d7e3f0_0 .net "PCSrc_MUX_out", 31 2, L_000001cd09de99f0;  1 drivers
v000001cd09dea3f0_0 .net "PC_Addr", 31 0, L_000001cd09dea170;  alias, 1 drivers
v000001cd09deac10_0 .net "PC_Plus_4", 31 2, L_000001cd09de91d0;  1 drivers
L_000001cd09deb178 .functor BUFT 1, C4<0>, C4<0>, C4<0>, C4<0>;
v000001cd09de9db0_0 .net "PC_Src", 0 0, L_000001cd09deb178;  1 drivers
v000001cd09deaf30_0 .net "PC_out", 31 2, v000001cd09d7ed50_0;  1 drivers
o000001cd09d96308 .functor BUFZ 30, C4<zzzzzzzzzzzzzzzzzzzzzzzzzzzzzz>; HiZ drive
v000001cd09de9bd0_0 .net "Target_PC_Addr", 31 2, o000001cd09d96308;  0 drivers
L_000001cd09deb058 .functor BUFT 1, C4<000000000000000000000000000001>, C4<0>, C4<0>, C4<0>;
v000001cd09de9e50_0 .net/2u *"_ivl_0", 29 0, L_000001cd09deb058;  1 drivers
L_000001cd09deb0a0 .functor BUFT 1, C4<00>, C4<0>, C4<0>, C4<0>;
v000001cd09de9090_0 .net/2u *"_ivl_4", 1 0, L_000001cd09deb0a0;  1 drivers
v000001cd09de9f90_0 .net "clk", 0 0, v000001cd09de9b30_0;  alias, 1 drivers
v000001cd09deaad0_0 .net "rst", 0 0, v000001cd09de9950_0;  alias, 1 drivers
L_000001cd09de91d0 .arith/sum 30, v000001cd09d7ed50_0, L_000001cd09deb058;
L_000001cd09dea170 .concat [ 2 30 0 0], L_000001cd09deb0a0, v000001cd09d7ed50_0;
L_000001cd09deab70 .part v000001cd09d7ed50_0, 0, 10;
S_000001cd09d86650 .scope module, "IM" "IM_4K_206" 5 36, 6 1 0, S_000001cd09d864c0;
 .timescale 0 0;
    .port_info 0 /INPUT 10 "Addr";
    .port_info 1 /OUTPUT 32 "Dout";
L_000001cd09d79d90 .functor BUFZ 32, L_000001cd09dea2b0, C4<00000000000000000000000000000000>, C4<00000000000000000000000000000000>, C4<00000000000000000000000000000000>;
v000001cd09d7e490_0 .net "Addr", 11 2, L_000001cd09deab70;  1 drivers
v000001cd09d7f110_0 .net "Dout", 31 0, L_000001cd09d79d90;  alias, 1 drivers
v000001cd09d7e5d0 .array "IM", 0 1023, 31 0;
v000001cd09d7e530_0 .net *"_ivl_0", 31 0, L_000001cd09dea2b0;  1 drivers
v000001cd09d7f1b0_0 .net *"_ivl_2", 11 0, L_000001cd09deacb0;  1 drivers
L_000001cd09deb130 .functor BUFT 1, C4<00>, C4<0>, C4<0>, C4<0>;
v000001cd09d7e2b0_0 .net *"_ivl_5", 1 0, L_000001cd09deb130;  1 drivers
L_000001cd09dea2b0 .array/port v000001cd09d7e5d0, L_000001cd09deacb0;
L_000001cd09deacb0 .concat [ 10 2 0 0], L_000001cd09deab70, L_000001cd09deb130;
S_000001cd09d867e0 .scope module, "MUX_PCSrc" "MUX206" 5 20, 7 1 0, S_000001cd09d864c0;
 .timescale 0 0;
    .port_info 0 /INPUT 30 "A";
    .port_info 1 /INPUT 30 "B";
    .port_info 2 /INPUT 1 "S";
    .port_info 3 /OUTPUT 30 "Y";
P_000001cd09d78df0 .param/l "WIDTH" 0 7 1, +C4<00000000000000000000000000011110>;
v000001cd09d7ecb0_0 .net "A", 29 0, o000001cd09d96308;  alias, 0 drivers
v000001cd09d7e8f0_0 .net "B", 29 0, L_000001cd09de91d0;  alias, 1 drivers
v000001cd09d7e990_0 .net "S", 0 0, L_000001cd09deb178;  alias, 1 drivers
v000001cd09d7ea30_0 .net "Y", 29 0, L_000001cd09de99f0;  alias, 1 drivers
L_000001cd09deb208 .functor BUFT 1, C4<00000000000000000000000000000000>, C4<0>, C4<0>, C4<0>;
v000001cd09d7eb70_0 .net *"_ivl_0", 31 0, L_000001cd09deb208;  1 drivers
L_000001cd09deb0e8 .functor BUFT 1, C4<00000000000000000000000000000001>, C4<0>, C4<0>, C4<0>;
v000001cd09d7ef30_0 .net/2u *"_ivl_4", 31 0, L_000001cd09deb0e8;  1 drivers
v000001cd09d7ec10_0 .net *"_ivl_6", 0 0, L_000001cd09dea210;  1 drivers
L_000001cd09dea210 .cmp/eq 32, L_000001cd09deb208, L_000001cd09deb0e8;
L_000001cd09de99f0 .functor MUXZ 30, L_000001cd09de91d0, o000001cd09d96308, L_000001cd09dea210, C4<>;
S_000001cd09d89050 .scope module, "PC" "PC206" 5 28, 8 1 0, S_000001cd09d864c0;
 .timescale 0 0;
    .port_info 0 /INPUT 1 "clk";
    .port_info 1 /INPUT 1 "rst";
    .port_info 2 /INPUT 30 "Next_I_Addr";
    .port_info 3 /OUTPUT 30 "I_Addr";
P_000001cd09d78670 .param/l "Init_Addr" 0 8 6, C4<00000000000000000000000000000000>;
v000001cd09d7ed50_0 .var "I_Addr", 31 2;
v000001cd09d7ee90_0 .net "Next_I_Addr", 31 2, L_000001cd09de99f0;  alias, 1 drivers
v000001cd09d7efd0_0 .net "clk", 0 0, v000001cd09de9b30_0;  alias, 1 drivers
v000001cd09d7f070_0 .net "rst", 0 0, v000001cd09de9950_0;  alias, 1 drivers
    .scope S_000001cd09d89050;
T_0 ;
    %wait E_000001cd09d78d30;
    %load/vec4 v000001cd09d7f070_0;
    %pad/u 32;
    %cmpi/e 1, 0, 32;
    %jmp/0xz  T_0.0, 4;
    %pushi/vec4 0, 0, 30;
    %assign/vec4 v000001cd09d7ed50_0, 0;
    %jmp T_0.1;
T_0.0 ;
    %load/vec4 v000001cd09d7ee90_0;
    %assign/vec4 v000001cd09d7ed50_0, 0;
T_0.1 ;
    %jmp T_0;
    .thread T_0;
    .scope S_000001cd09d86650;
T_1 ;
    %vpi_call 6 7 "$readmemb", "Code_36.txt", v000001cd09d7e5d0 {0 0 0};
    %end;
    .thread T_1;
    .scope S_000001cd09d92620;
T_2 ;
    %wait E_000001cd09d78d30;
    %load/vec4 v000001cd09d7e850_0;
    %nor/r;
    %flag_set/vec4 8;
    %jmp/0xz  T_2.0, 8;
    %load/vec4 v000001cd09d7edf0_0;
    %assign/vec4 v000001cd09d7ead0_0, 0;
    %load/vec4 v000001cd09d7e710_0;
    %assign/vec4 v000001cd09d7e670_0, 0;
T_2.0 ;
    %jmp T_2;
    .thread T_2;
    .scope S_000001cd09d92300;
T_3 ;
    %pushi/vec4 1, 0, 1;
    %store/vec4 v000001cd09de9b30_0, 0, 1;
    %pushi/vec4 1, 0, 1;
    %store/vec4 v000001cd09de9950_0, 0, 1;
    %end;
    .thread T_3;
    .scope S_000001cd09d92300;
T_4 ;
T_4.0 ;
    %delay 5000, 0;
    %load/vec4 v000001cd09de9b30_0;
    %inv;
    %store/vec4 v000001cd09de9b30_0, 0, 1;
    %jmp T_4.0;
    %end;
    .thread T_4;
    .scope S_000001cd09d92300;
T_5 ;
    %delay 5000, 0;
    %pushi/vec4 0, 0, 1;
    %store/vec4 v000001cd09de9950_0, 0, 1;
    %end;
    .thread T_5;
    .scope S_000001cd09d92300;
T_6 ;
    %vpi_call 2 36 "$dumpfile", "CPU_Wave.vcd" {0 0 0};
    %vpi_call 2 37 "$dumpvars", 32'sb00000000000000000000000000000100 {0 0 0};
    %delay 500000, 0;
    %vpi_call 2 39 "$finish" {0 0 0};
    %end;
    .thread T_6;
# The file index is used to find the file name in the following table.
:file_names 9;
    "N/A";
    "<interactive>";
    "CPU_tb.v";
    "./CPU.v";
    "./IF_ID.v";
    "./IUnit.v";
    "./InstructionMemory.v";
    "./MUX.v";
    "./PC.v";
