#! /c/Source/iverilog-install/bin/vvp
:ivl_version "12.0 (devel)" "(s20150603-1110-g18392a46)";
:ivl_delay_selection "TYPICAL";
:vpi_time_precision + 0;
:vpi_module "D:\iverilog\lib\ivl\system.vpi";
:vpi_module "D:\iverilog\lib\ivl\vhdl_sys.vpi";
:vpi_module "D:\iverilog\lib\ivl\vhdl_textio.vpi";
:vpi_module "D:\iverilog\lib\ivl\v2005_math.vpi";
:vpi_module "D:\iverilog\lib\ivl\va_math.vpi";
S_000001763f9beb40 .scope module, "IDUnit_206" "IDUnit_206" 2 5;
 .timescale 0 0;
    .port_info 0 /INPUT 1 "clk";
    .port_info 1 /INPUT 32 "busW";
    .port_info 2 /INPUT 5 "Rw_Wr";
    .port_info 3 /INPUT 1 "RegWr_Wr";
    .port_info 4 /INPUT 1 "OverFlow_Wr";
    .port_info 5 /INPUT 1 "Jal_Wr";
    .port_info 6 /INPUT 6 "func";
    .port_info 7 /INPUT 6 "OP";
    .port_info 8 /INPUT 5 "Rs";
    .port_info 9 /INPUT 5 "Rt";
    .port_info 10 /INPUT 5 "Rd";
    .port_info 11 /INPUT 5 "shamt";
    .port_info 12 /INPUT 16 "imm16";
    .port_info 13 /INPUT 26 "J_Target";
    .port_info 14 /INPUT 32 "PC_Addr";
    .port_info 15 /OUTPUT 32 "busA";
    .port_info 16 /OUTPUT 32 "busB";
    .port_info 17 /OUTPUT 32 "PC_Addr_out";
    .port_info 18 /OUTPUT 32 "J_Addr";
    .port_info 19 /OUTPUT 6 "func_out";
    .port_info 20 /OUTPUT 6 "OP_out";
    .port_info 21 /OUTPUT 16 "imm16_out";
    .port_info 22 /OUTPUT 1 "Branch";
    .port_info 23 /OUTPUT 1 "Jump";
    .port_info 24 /OUTPUT 1 "RegDst";
    .port_info 25 /OUTPUT 1 "ALUSrc";
    .port_info 26 /OUTPUT 5 "ALUCtr";
    .port_info 27 /OUTPUT 1 "MemToReg";
    .port_info 28 /OUTPUT 1 "RegWr";
    .port_info 29 /OUTPUT 1 "MemWr";
    .port_info 30 /OUTPUT 2 "ExtOp";
    .port_info 31 /OUTPUT 1 "Rtype";
    .port_info 32 /OUTPUT 1 "Jal";
    .port_info 33 /OUTPUT 1 "Rtype_J";
    .port_info 34 /OUTPUT 1 "Rtype_L";
    .port_info 35 /OUTPUT 1 "WrByte";
    .port_info 36 /OUTPUT 2 "LoadByte";
o000001763fd60c28 .functor BUFZ 32, C4<zzzzzzzzzzzzzzzzzzzzzzzzzzzzzzzz>; HiZ drive
L_000001763f9bfe60 .functor BUFZ 32, o000001763fd60c28, C4<00000000000000000000000000000000>, C4<00000000000000000000000000000000>, C4<00000000000000000000000000000000>;
o000001763fd60388 .functor BUFZ 6, C4<zzzzzz>; HiZ drive
L_000001763f9bfed0 .functor BUFZ 6, o000001763fd60388, C4<000000>, C4<000000>, C4<000000>;
o000001763fd60238 .functor BUFZ 6, C4<zzzzzz>; HiZ drive
L_000001763f9bf0d0 .functor BUFZ 6, o000001763fd60238, C4<000000>, C4<000000>, C4<000000>;
o000001763fd60da8 .functor BUFZ 16, C4<zzzzzzzzzzzzzzzz>; HiZ drive
L_000001763f9bf1b0 .functor BUFZ 16, o000001763fd60da8, C4<0000000000000000>, C4<0000000000000000>, C4<0000000000000000>;
o000001763fd60bf8 .functor BUFZ 1, C4<z>; HiZ drive
L_000001763fdec530 .functor NOT 1, o000001763fd60bf8, C4<0>, C4<0>, C4<0>;
o000001763fd60cb8 .functor BUFZ 1, C4<z>; HiZ drive
L_000001763fdecb50 .functor AND 1, L_000001763fdec530, o000001763fd60cb8, C4<1>, C4<1>;
v000001763fda2ba0_0 .net "ALUCtr", 4 0, v000001763f95d060_0;  1 drivers
v000001763fda38c0_0 .net "ALUSrc", 0 0, v000001763f95c980_0;  1 drivers
v000001763fda3c80_0 .net "Branch", 0 0, v000001763f95ce80_0;  1 drivers
v000001763fda2c40_0 .net "ExtOp", 1 0, v000001763f95c660_0;  1 drivers
v000001763fda2060_0 .net "J_Addr", 31 0, L_000001763fa0ead0;  1 drivers
o000001763fd60b98 .functor BUFZ 26, C4<zzzzzzzzzzzzzzzzzzzzzzzzzz>; HiZ drive
v000001763fda3d20_0 .net "J_Target", 25 0, o000001763fd60b98;  0 drivers
v000001763fda2600_0 .net "Jal", 0 0, v000001763f95c340_0;  1 drivers
o000001763fd606e8 .functor BUFZ 1, C4<z>; HiZ drive
v000001763fda2ce0_0 .net "Jal_Wr", 0 0, o000001763fd606e8;  0 drivers
v000001763fda22e0_0 .net "Jump", 0 0, v000001763f95cc00_0;  1 drivers
v000001763fda2d80_0 .net "LoadByte", 1 0, v000001763f95cde0_0;  1 drivers
v000001763fda2ec0_0 .net "MemToReg", 0 0, v000001763f95cac0_0;  1 drivers
v000001763fda3640_0 .net "MemWr", 0 0, v000001763f95c2a0_0;  1 drivers
v000001763fda36e0_0 .net "OP", 5 0, o000001763fd60238;  0 drivers
v000001763fda2f60_0 .net "OP_out", 5 0, L_000001763f9bf0d0;  1 drivers
v000001763fda3140_0 .net "OverFlow_Wr", 0 0, o000001763fd60bf8;  0 drivers
v000001763fda30a0_0 .net "PC_Addr", 31 0, o000001763fd60c28;  0 drivers
v000001763fda3960_0 .net "PC_Addr_out", 31 0, L_000001763f9bfe60;  1 drivers
o000001763fd60c88 .functor BUFZ 5, C4<zzzzz>; HiZ drive
v000001763fda21a0_0 .net "Rd", 4 0, o000001763fd60c88;  0 drivers
v000001763fda3a00_0 .net "RegDst", 0 0, v000001763f95c520_0;  1 drivers
v000001763fda3280_0 .net "RegWr", 0 0, v000001763f95c700_0;  1 drivers
v000001763fda3320_0 .net "RegWr_Wr", 0 0, o000001763fd60cb8;  0 drivers
o000001763fd60718 .functor BUFZ 5, C4<zzzzz>; HiZ drive
v000001763fda2240_0 .net "Rs", 4 0, o000001763fd60718;  0 drivers
o000001763fd60748 .functor BUFZ 5, C4<zzzzz>; HiZ drive
v000001763fda2420_0 .net "Rt", 4 0, o000001763fd60748;  0 drivers
v000001763fda3dc0_0 .net "Rtype", 0 0, v000001763f95c160_0;  1 drivers
v000001763fda2100_0 .net "Rtype_J", 0 0, v000001763f95cca0_0;  1 drivers
v000001763fda33c0_0 .net "Rtype_L", 0 0, v000001763f95c3e0_0;  1 drivers
o000001763fd60778 .functor BUFZ 5, C4<zzzzz>; HiZ drive
v000001763fda3460_0 .net "Rw_Wr", 4 0, o000001763fd60778;  0 drivers
v000001763fda3500_0 .net "WrByte", 0 0, v000001763f95cf20_0;  1 drivers
v000001763fda3aa0_0 .net *"_ivl_14", 0 0, L_000001763fdec530;  1 drivers
v000001763fda3e60_0 .net *"_ivl_3", 3 0, L_000001763fa0f930;  1 drivers
L_000001763fda4238 .functor BUFT 1, C4<00>, C4<0>, C4<0>, C4<0>;
v000001763fda24c0_0 .net/2u *"_ivl_4", 1 0, L_000001763fda4238;  1 drivers
v000001763fda2560_0 .net "busA", 31 0, L_000001763f9bf220;  1 drivers
v000001763fda26a0_0 .net "busB", 31 0, L_000001763f9bf290;  1 drivers
o000001763fd60958 .functor BUFZ 32, C4<zzzzzzzzzzzzzzzzzzzzzzzzzzzzzzzz>; HiZ drive
v000001763fda2740_0 .net "busW", 31 0, o000001763fd60958;  0 drivers
o000001763fd60988 .functor BUFZ 1, C4<z>; HiZ drive
v000001763fa0f570_0 .net "clk", 0 0, o000001763fd60988;  0 drivers
v000001763fa0ecb0_0 .net "func", 5 0, o000001763fd60388;  0 drivers
v000001763fa0f890_0 .net "func_out", 5 0, L_000001763f9bfed0;  1 drivers
v000001763fa0ef30_0 .net "imm16", 15 0, o000001763fd60da8;  0 drivers
v000001763fa0f430_0 .net "imm16_out", 15 0, L_000001763f9bf1b0;  1 drivers
o000001763fd60e08 .functor BUFZ 5, C4<zzzzz>; HiZ drive
v000001763fa0f070_0 .net "shamt", 4 0, o000001763fd60e08;  0 drivers
L_000001763fa0f930 .part o000001763fd60c28, 28, 4;
L_000001763fa0ead0 .concat [ 2 26 4 0], L_000001763fda4238, o000001763fd60b98, L_000001763fa0f930;
S_000001763f9c0680 .scope module, "ControlUnit" "Control_Unit206" 2 69, 3 1 0, S_000001763f9beb40;
 .timescale 0 0;
    .port_info 0 /INPUT 6 "OP";
    .port_info 1 /INPUT 6 "func";
    .port_info 2 /OUTPUT 1 "Branch";
    .port_info 3 /OUTPUT 1 "Jump";
    .port_info 4 /OUTPUT 1 "RegDst";
    .port_info 5 /OUTPUT 1 "ALUSrc";
    .port_info 6 /OUTPUT 5 "ALUCtr";
    .port_info 7 /OUTPUT 1 "MemToReg";
    .port_info 8 /OUTPUT 1 "RegWr";
    .port_info 9 /OUTPUT 1 "MemWr";
    .port_info 10 /OUTPUT 2 "ExtOp";
    .port_info 11 /OUTPUT 1 "Rtype";
    .port_info 12 /OUTPUT 1 "Jal";
    .port_info 13 /OUTPUT 1 "Rtype_J";
    .port_info 14 /OUTPUT 1 "Rtype_L";
    .port_info 15 /OUTPUT 1 "WrByte";
    .port_info 16 /OUTPUT 2 "LoadByte";
v000001763f95d060_0 .var "ALUCtr", 4 0;
v000001763f95c980_0 .var "ALUSrc", 0 0;
v000001763f95ce80_0 .var "Branch", 0 0;
v000001763f95c660_0 .var "ExtOp", 1 0;
v000001763f95c340_0 .var "Jal", 0 0;
v000001763f95cc00_0 .var "Jump", 0 0;
v000001763f95cde0_0 .var "LoadByte", 1 0;
v000001763f95cac0_0 .var "MemToReg", 0 0;
v000001763f95c2a0_0 .var "MemWr", 0 0;
v000001763f95ca20_0 .net "OP", 5 0, o000001763fd60238;  alias, 0 drivers
v000001763f95c520_0 .var "RegDst", 0 0;
v000001763f95c700_0 .var "RegWr", 0 0;
v000001763f95c160_0 .var "Rtype", 0 0;
v000001763f95cca0_0 .var "Rtype_J", 0 0;
v000001763f95c3e0_0 .var "Rtype_L", 0 0;
v000001763f95cf20_0 .var "WrByte", 0 0;
v000001763f95cfc0_0 .net "func", 5 0, o000001763fd60388;  alias, 0 drivers
E_000001763f9de2b0 .event anyedge, v000001763f95ca20_0, v000001763f95cfc0_0;
S_000001763f933080 .scope module, "Regfile" "Regfile206" 2 56, 4 1 0, S_000001763f9beb40;
 .timescale 0 0;
    .port_info 0 /INPUT 1 "clk";
    .port_info 1 /INPUT 5 "Rw";
    .port_info 2 /INPUT 5 "Ra";
    .port_info 3 /INPUT 5 "Rb";
    .port_info 4 /INPUT 1 "WrEn";
    .port_info 5 /INPUT 1 "Jal";
    .port_info 6 /INPUT 32 "busW";
    .port_info 7 /OUTPUT 32 "busA";
    .port_info 8 /OUTPUT 32 "busB";
L_000001763f9bf220 .functor BUFZ 32, L_000001763fa0e5d0, C4<00000000000000000000000000000000>, C4<00000000000000000000000000000000>, C4<00000000000000000000000000000000>;
L_000001763f9bf290 .functor BUFZ 32, L_000001763fa0e7b0, C4<00000000000000000000000000000000>, C4<00000000000000000000000000000000>, C4<00000000000000000000000000000000>;
v000001763fda3780_0 .net "Jal", 0 0, o000001763fd606e8;  alias, 0 drivers
v000001763fda2b00_0 .net "Ra", 4 0, o000001763fd60718;  alias, 0 drivers
v000001763fda3820_0 .net "Rb", 4 0, o000001763fd60748;  alias, 0 drivers
v000001763fda2880 .array "Register", 0 31, 31 0;
v000001763fda29c0_0 .net "Rw", 4 0, o000001763fd60778;  alias, 0 drivers
v000001763fda35a0_0 .net "WrEn", 0 0, L_000001763fdecb50;  1 drivers
v000001763fda2920_0 .net *"_ivl_0", 31 0, L_000001763fa0e5d0;  1 drivers
v000001763fda2e20_0 .net *"_ivl_10", 6 0, L_000001763fa0e850;  1 drivers
L_000001763fda42c8 .functor BUFT 1, C4<00>, C4<0>, C4<0>, C4<0>;
v000001763fda3be0_0 .net *"_ivl_13", 1 0, L_000001763fda42c8;  1 drivers
v000001763fda3f00_0 .net *"_ivl_2", 6 0, L_000001763fa0f110;  1 drivers
L_000001763fda4280 .functor BUFT 1, C4<00>, C4<0>, C4<0>, C4<0>;
v000001763fda27e0_0 .net *"_ivl_5", 1 0, L_000001763fda4280;  1 drivers
v000001763fda3b40_0 .net *"_ivl_8", 31 0, L_000001763fa0e7b0;  1 drivers
v000001763fda2380_0 .net "busA", 31 0, L_000001763f9bf220;  alias, 1 drivers
v000001763fda2a60_0 .net "busB", 31 0, L_000001763f9bf290;  alias, 1 drivers
v000001763fda3000_0 .net "busW", 31 0, o000001763fd60958;  alias, 0 drivers
v000001763fda31e0_0 .net "clk", 0 0, o000001763fd60988;  alias, 0 drivers
E_000001763f9de830 .event posedge, v000001763fda31e0_0;
L_000001763fa0e5d0 .array/port v000001763fda2880, L_000001763fa0f110;
L_000001763fa0f110 .concat [ 5 2 0 0], o000001763fd60718, L_000001763fda4280;
L_000001763fa0e7b0 .array/port v000001763fda2880, L_000001763fa0e850;
L_000001763fa0e850 .concat [ 5 2 0 0], o000001763fd60748, L_000001763fda42c8;
S_000001763f9bee00 .scope module, "MUX206" "MUX206" 5 3;
 .timescale 0 0;
    .port_info 0 /INPUT 32 "A";
    .port_info 1 /INPUT 32 "B";
    .port_info 2 /INPUT 1 "S";
    .port_info 3 /OUTPUT 32 "Y";
P_000001763f9de430 .param/l "WIDTH" 0 5 3, +C4<00000000000000000000000000100000>;
o000001763fd61528 .functor BUFZ 32, C4<zzzzzzzzzzzzzzzzzzzzzzzzzzzzzzzz>; HiZ drive
v000001763fa0f250_0 .net "A", 31 0, o000001763fd61528;  0 drivers
o000001763fd61558 .functor BUFZ 32, C4<zzzzzzzzzzzzzzzzzzzzzzzzzzzzzzzz>; HiZ drive
v000001763fa0f4d0_0 .net "B", 31 0, o000001763fd61558;  0 drivers
o000001763fd61588 .functor BUFZ 1, C4<z>; HiZ drive
v000001763fa0ea30_0 .net "S", 0 0, o000001763fd61588;  0 drivers
v000001763fa0ed50_0 .net "Y", 31 0, L_000001763fa0ec10;  1 drivers
v000001763fa0e3f0_0 .net *"_ivl_0", 31 0, L_000001763fa0e8f0;  1 drivers
L_000001763fda4310 .functor BUFT 1, C4<0000000000000000000000000000000>, C4<0>, C4<0>, C4<0>;
v000001763fa0eb70_0 .net *"_ivl_3", 30 0, L_000001763fda4310;  1 drivers
L_000001763fda4358 .functor BUFT 1, C4<00000000000000000000000000000001>, C4<0>, C4<0>, C4<0>;
v000001763fa0f610_0 .net/2u *"_ivl_4", 31 0, L_000001763fda4358;  1 drivers
v000001763fa0e210_0 .net *"_ivl_6", 0 0, L_000001763fa0f9d0;  1 drivers
L_000001763fa0e8f0 .concat [ 1 31 0 0], o000001763fd61588, L_000001763fda4310;
L_000001763fa0f9d0 .cmp/eq 32, L_000001763fa0e8f0, L_000001763fda4358;
L_000001763fa0ec10 .functor MUXZ 32, o000001763fd61558, o000001763fd61528, L_000001763fa0f9d0, C4<>;
    .scope S_000001763f933080;
T_0 ;
    %wait E_000001763f9de830;
    %load/vec4 v000001763fda35a0_0;
    %pad/u 32;
    %cmpi/e 1, 0, 32;
    %jmp/0xz  T_0.0, 4;
    %load/vec4 v000001763fda3780_0;
    %pad/u 32;
    %cmpi/e 1, 0, 32;
    %jmp/0xz  T_0.2, 4;
    %load/vec4 v000001763fda3000_0;
    %ix/load 3, 31, 0;
    %flag_set/imm 4, 0;
    %ix/load 4, 0, 0; Constant delay
    %assign/vec4/a/d v000001763fda2880, 0, 4;
    %jmp T_0.3;
T_0.2 ;
    %load/vec4 v000001763fda3000_0;
    %load/vec4 v000001763fda29c0_0;
    %pad/u 7;
    %ix/vec4 3;
    %ix/load 4, 0, 0; Constant delay
    %assign/vec4/a/d v000001763fda2880, 0, 4;
T_0.3 ;
T_0.0 ;
    %jmp T_0;
    .thread T_0;
    .scope S_000001763f933080;
T_1 ;
    %vpi_call 4 29 "$readmemh", "RegInit.txt", v000001763fda2880 {0 0 0};
    %end;
    .thread T_1;
    .scope S_000001763f9c0680;
T_2 ;
    %wait E_000001763f9de2b0;
    %load/vec4 v000001763f95ca20_0;
    %cmpi/e 0, 0, 6;
    %jmp/0xz  T_2.0, 4;
    %load/vec4 v000001763f95cfc0_0;
    %dup/vec4;
    %pushi/vec4 32, 0, 6;
    %cmp/u;
    %jmp/1 T_2.2, 6;
    %dup/vec4;
    %pushi/vec4 33, 0, 6;
    %cmp/u;
    %jmp/1 T_2.3, 6;
    %dup/vec4;
    %pushi/vec4 34, 0, 6;
    %cmp/u;
    %jmp/1 T_2.4, 6;
    %dup/vec4;
    %pushi/vec4 35, 0, 6;
    %cmp/u;
    %jmp/1 T_2.5, 6;
    %dup/vec4;
    %pushi/vec4 36, 0, 6;
    %cmp/u;
    %jmp/1 T_2.6, 6;
    %dup/vec4;
    %pushi/vec4 37, 0, 6;
    %cmp/u;
    %jmp/1 T_2.7, 6;
    %dup/vec4;
    %pushi/vec4 39, 0, 6;
    %cmp/u;
    %jmp/1 T_2.8, 6;
    %dup/vec4;
    %pushi/vec4 38, 0, 6;
    %cmp/u;
    %jmp/1 T_2.9, 6;
    %dup/vec4;
    %pushi/vec4 42, 0, 6;
    %cmp/u;
    %jmp/1 T_2.10, 6;
    %dup/vec4;
    %pushi/vec4 43, 0, 6;
    %cmp/u;
    %jmp/1 T_2.11, 6;
    %dup/vec4;
    %pushi/vec4 0, 0, 6;
    %cmp/u;
    %jmp/1 T_2.12, 6;
    %dup/vec4;
    %pushi/vec4 2, 0, 6;
    %cmp/u;
    %jmp/1 T_2.13, 6;
    %dup/vec4;
    %pushi/vec4 3, 0, 6;
    %cmp/u;
    %jmp/1 T_2.14, 6;
    %dup/vec4;
    %pushi/vec4 4, 0, 6;
    %cmp/u;
    %jmp/1 T_2.15, 6;
    %dup/vec4;
    %pushi/vec4 6, 0, 6;
    %cmp/u;
    %jmp/1 T_2.16, 6;
    %dup/vec4;
    %pushi/vec4 7, 0, 6;
    %cmp/u;
    %jmp/1 T_2.17, 6;
    %dup/vec4;
    %pushi/vec4 9, 0, 6;
    %cmp/u;
    %jmp/1 T_2.18, 6;
    %dup/vec4;
    %pushi/vec4 8, 0, 6;
    %cmp/u;
    %jmp/1 T_2.19, 6;
    %jmp T_2.20;
T_2.2 ;
    %pushi/vec4 0, 0, 1;
    %store/vec4 v000001763f95ce80_0, 0, 1;
    %pushi/vec4 0, 0, 1;
    %store/vec4 v000001763f95cc00_0, 0, 1;
    %pushi/vec4 1, 0, 1;
    %store/vec4 v000001763f95c520_0, 0, 1;
    %pushi/vec4 0, 0, 1;
    %store/vec4 v000001763f95c980_0, 0, 1;
    %pushi/vec4 0, 0, 5;
    %store/vec4 v000001763f95d060_0, 0, 5;
    %pushi/vec4 0, 0, 1;
    %store/vec4 v000001763f95cac0_0, 0, 1;
    %pushi/vec4 1, 0, 1;
    %store/vec4 v000001763f95c700_0, 0, 1;
    %pushi/vec4 0, 0, 1;
    %store/vec4 v000001763f95c2a0_0, 0, 1;
    %pushi/vec4 1, 1, 2;
    %store/vec4 v000001763f95c660_0, 0, 2;
    %pushi/vec4 1, 0, 1;
    %store/vec4 v000001763f95c160_0, 0, 1;
    %pushi/vec4 0, 0, 1;
    %store/vec4 v000001763f95c340_0, 0, 1;
    %pushi/vec4 0, 0, 1;
    %store/vec4 v000001763f95cca0_0, 0, 1;
    %pushi/vec4 0, 0, 1;
    %store/vec4 v000001763f95c3e0_0, 0, 1;
    %pushi/vec4 0, 0, 1;
    %store/vec4 v000001763f95cf20_0, 0, 1;
    %pushi/vec4 0, 0, 2;
    %store/vec4 v000001763f95cde0_0, 0, 2;
    %jmp T_2.20;
T_2.3 ;
    %pushi/vec4 0, 0, 1;
    %store/vec4 v000001763f95ce80_0, 0, 1;
    %pushi/vec4 0, 0, 1;
    %store/vec4 v000001763f95cc00_0, 0, 1;
    %pushi/vec4 1, 0, 1;
    %store/vec4 v000001763f95c520_0, 0, 1;
    %pushi/vec4 0, 0, 1;
    %store/vec4 v000001763f95c980_0, 0, 1;
    %pushi/vec4 1, 0, 5;
    %store/vec4 v000001763f95d060_0, 0, 5;
    %pushi/vec4 0, 0, 1;
    %store/vec4 v000001763f95cac0_0, 0, 1;
    %pushi/vec4 1, 0, 1;
    %store/vec4 v000001763f95c700_0, 0, 1;
    %pushi/vec4 0, 0, 1;
    %store/vec4 v000001763f95c2a0_0, 0, 1;
    %pushi/vec4 1, 1, 2;
    %store/vec4 v000001763f95c660_0, 0, 2;
    %pushi/vec4 1, 0, 1;
    %store/vec4 v000001763f95c160_0, 0, 1;
    %pushi/vec4 0, 0, 1;
    %store/vec4 v000001763f95c340_0, 0, 1;
    %pushi/vec4 0, 0, 1;
    %store/vec4 v000001763f95cca0_0, 0, 1;
    %pushi/vec4 0, 0, 1;
    %store/vec4 v000001763f95c3e0_0, 0, 1;
    %pushi/vec4 0, 0, 1;
    %store/vec4 v000001763f95cf20_0, 0, 1;
    %pushi/vec4 0, 0, 2;
    %store/vec4 v000001763f95cde0_0, 0, 2;
    %jmp T_2.20;
T_2.4 ;
    %pushi/vec4 0, 0, 1;
    %store/vec4 v000001763f95ce80_0, 0, 1;
    %pushi/vec4 0, 0, 1;
    %store/vec4 v000001763f95cc00_0, 0, 1;
    %pushi/vec4 1, 0, 1;
    %store/vec4 v000001763f95c520_0, 0, 1;
    %pushi/vec4 0, 0, 1;
    %store/vec4 v000001763f95c980_0, 0, 1;
    %pushi/vec4 2, 0, 5;
    %store/vec4 v000001763f95d060_0, 0, 5;
    %pushi/vec4 0, 0, 1;
    %store/vec4 v000001763f95cac0_0, 0, 1;
    %pushi/vec4 1, 0, 1;
    %store/vec4 v000001763f95c700_0, 0, 1;
    %pushi/vec4 0, 0, 1;
    %store/vec4 v000001763f95c2a0_0, 0, 1;
    %pushi/vec4 1, 1, 2;
    %store/vec4 v000001763f95c660_0, 0, 2;
    %pushi/vec4 1, 0, 1;
    %store/vec4 v000001763f95c160_0, 0, 1;
    %pushi/vec4 0, 0, 1;
    %store/vec4 v000001763f95c340_0, 0, 1;
    %pushi/vec4 0, 0, 1;
    %store/vec4 v000001763f95cca0_0, 0, 1;
    %pushi/vec4 0, 0, 1;
    %store/vec4 v000001763f95c3e0_0, 0, 1;
    %pushi/vec4 0, 0, 1;
    %store/vec4 v000001763f95cf20_0, 0, 1;
    %pushi/vec4 0, 0, 2;
    %store/vec4 v000001763f95cde0_0, 0, 2;
    %jmp T_2.20;
T_2.5 ;
    %pushi/vec4 0, 0, 1;
    %store/vec4 v000001763f95ce80_0, 0, 1;
    %pushi/vec4 0, 0, 1;
    %store/vec4 v000001763f95cc00_0, 0, 1;
    %pushi/vec4 1, 0, 1;
    %store/vec4 v000001763f95c520_0, 0, 1;
    %pushi/vec4 0, 0, 1;
    %store/vec4 v000001763f95c980_0, 0, 1;
    %pushi/vec4 3, 0, 5;
    %store/vec4 v000001763f95d060_0, 0, 5;
    %pushi/vec4 0, 0, 1;
    %store/vec4 v000001763f95cac0_0, 0, 1;
    %pushi/vec4 1, 0, 1;
    %store/vec4 v000001763f95c700_0, 0, 1;
    %pushi/vec4 0, 0, 1;
    %store/vec4 v000001763f95c2a0_0, 0, 1;
    %pushi/vec4 1, 1, 2;
    %store/vec4 v000001763f95c660_0, 0, 2;
    %pushi/vec4 1, 0, 1;
    %store/vec4 v000001763f95c160_0, 0, 1;
    %pushi/vec4 0, 0, 1;
    %store/vec4 v000001763f95c340_0, 0, 1;
    %pushi/vec4 0, 0, 1;
    %store/vec4 v000001763f95cca0_0, 0, 1;
    %pushi/vec4 0, 0, 1;
    %store/vec4 v000001763f95c3e0_0, 0, 1;
    %pushi/vec4 0, 0, 1;
    %store/vec4 v000001763f95cf20_0, 0, 1;
    %pushi/vec4 0, 0, 2;
    %store/vec4 v000001763f95cde0_0, 0, 2;
    %jmp T_2.20;
T_2.6 ;
    %pushi/vec4 0, 0, 1;
    %store/vec4 v000001763f95ce80_0, 0, 1;
    %pushi/vec4 0, 0, 1;
    %store/vec4 v000001763f95cc00_0, 0, 1;
    %pushi/vec4 1, 0, 1;
    %store/vec4 v000001763f95c520_0, 0, 1;
    %pushi/vec4 0, 0, 1;
    %store/vec4 v000001763f95c980_0, 0, 1;
    %pushi/vec4 4, 0, 5;
    %store/vec4 v000001763f95d060_0, 0, 5;
    %pushi/vec4 0, 0, 1;
    %store/vec4 v000001763f95cac0_0, 0, 1;
    %pushi/vec4 1, 0, 1;
    %store/vec4 v000001763f95c700_0, 0, 1;
    %pushi/vec4 0, 0, 1;
    %store/vec4 v000001763f95c2a0_0, 0, 1;
    %pushi/vec4 1, 1, 2;
    %store/vec4 v000001763f95c660_0, 0, 2;
    %pushi/vec4 1, 0, 1;
    %store/vec4 v000001763f95c160_0, 0, 1;
    %pushi/vec4 0, 0, 1;
    %store/vec4 v000001763f95c340_0, 0, 1;
    %pushi/vec4 0, 0, 1;
    %store/vec4 v000001763f95cca0_0, 0, 1;
    %pushi/vec4 0, 0, 1;
    %store/vec4 v000001763f95c3e0_0, 0, 1;
    %pushi/vec4 0, 0, 1;
    %store/vec4 v000001763f95cf20_0, 0, 1;
    %pushi/vec4 0, 0, 2;
    %store/vec4 v000001763f95cde0_0, 0, 2;
    %jmp T_2.20;
T_2.7 ;
    %pushi/vec4 0, 0, 1;
    %store/vec4 v000001763f95ce80_0, 0, 1;
    %pushi/vec4 0, 0, 1;
    %store/vec4 v000001763f95cc00_0, 0, 1;
    %pushi/vec4 1, 0, 1;
    %store/vec4 v000001763f95c520_0, 0, 1;
    %pushi/vec4 0, 0, 1;
    %store/vec4 v000001763f95c980_0, 0, 1;
    %pushi/vec4 5, 0, 5;
    %store/vec4 v000001763f95d060_0, 0, 5;
    %pushi/vec4 0, 0, 1;
    %store/vec4 v000001763f95cac0_0, 0, 1;
    %pushi/vec4 1, 0, 1;
    %store/vec4 v000001763f95c700_0, 0, 1;
    %pushi/vec4 0, 0, 1;
    %store/vec4 v000001763f95c2a0_0, 0, 1;
    %pushi/vec4 1, 1, 2;
    %store/vec4 v000001763f95c660_0, 0, 2;
    %pushi/vec4 1, 0, 1;
    %store/vec4 v000001763f95c160_0, 0, 1;
    %pushi/vec4 0, 0, 1;
    %store/vec4 v000001763f95c340_0, 0, 1;
    %pushi/vec4 0, 0, 1;
    %store/vec4 v000001763f95cca0_0, 0, 1;
    %pushi/vec4 0, 0, 1;
    %store/vec4 v000001763f95c3e0_0, 0, 1;
    %pushi/vec4 0, 0, 1;
    %store/vec4 v000001763f95cf20_0, 0, 1;
    %pushi/vec4 0, 0, 2;
    %store/vec4 v000001763f95cde0_0, 0, 2;
    %jmp T_2.20;
T_2.8 ;
    %pushi/vec4 0, 0, 1;
    %store/vec4 v000001763f95ce80_0, 0, 1;
    %pushi/vec4 0, 0, 1;
    %store/vec4 v000001763f95cc00_0, 0, 1;
    %pushi/vec4 1, 0, 1;
    %store/vec4 v000001763f95c520_0, 0, 1;
    %pushi/vec4 0, 0, 1;
    %store/vec4 v000001763f95c980_0, 0, 1;
    %pushi/vec4 14, 0, 5;
    %store/vec4 v000001763f95d060_0, 0, 5;
    %pushi/vec4 0, 0, 1;
    %store/vec4 v000001763f95cac0_0, 0, 1;
    %pushi/vec4 1, 0, 1;
    %store/vec4 v000001763f95c700_0, 0, 1;
    %pushi/vec4 0, 0, 1;
    %store/vec4 v000001763f95c2a0_0, 0, 1;
    %pushi/vec4 1, 1, 2;
    %store/vec4 v000001763f95c660_0, 0, 2;
    %pushi/vec4 1, 0, 1;
    %store/vec4 v000001763f95c160_0, 0, 1;
    %pushi/vec4 0, 0, 1;
    %store/vec4 v000001763f95c340_0, 0, 1;
    %pushi/vec4 0, 0, 1;
    %store/vec4 v000001763f95cca0_0, 0, 1;
    %pushi/vec4 0, 0, 1;
    %store/vec4 v000001763f95c3e0_0, 0, 1;
    %pushi/vec4 0, 0, 1;
    %store/vec4 v000001763f95cf20_0, 0, 1;
    %pushi/vec4 0, 0, 2;
    %store/vec4 v000001763f95cde0_0, 0, 2;
    %jmp T_2.20;
T_2.9 ;
    %pushi/vec4 0, 0, 1;
    %store/vec4 v000001763f95ce80_0, 0, 1;
    %pushi/vec4 0, 0, 1;
    %store/vec4 v000001763f95cc00_0, 0, 1;
    %pushi/vec4 1, 0, 1;
    %store/vec4 v000001763f95c520_0, 0, 1;
    %pushi/vec4 0, 0, 1;
    %store/vec4 v000001763f95c980_0, 0, 1;
    %pushi/vec4 6, 0, 5;
    %store/vec4 v000001763f95d060_0, 0, 5;
    %pushi/vec4 0, 0, 1;
    %store/vec4 v000001763f95cac0_0, 0, 1;
    %pushi/vec4 1, 0, 1;
    %store/vec4 v000001763f95c700_0, 0, 1;
    %pushi/vec4 0, 0, 1;
    %store/vec4 v000001763f95c2a0_0, 0, 1;
    %pushi/vec4 1, 1, 2;
    %store/vec4 v000001763f95c660_0, 0, 2;
    %pushi/vec4 1, 0, 1;
    %store/vec4 v000001763f95c160_0, 0, 1;
    %pushi/vec4 0, 0, 1;
    %store/vec4 v000001763f95c340_0, 0, 1;
    %pushi/vec4 0, 0, 1;
    %store/vec4 v000001763f95cca0_0, 0, 1;
    %pushi/vec4 0, 0, 1;
    %store/vec4 v000001763f95c3e0_0, 0, 1;
    %pushi/vec4 0, 0, 1;
    %store/vec4 v000001763f95cf20_0, 0, 1;
    %pushi/vec4 0, 0, 2;
    %store/vec4 v000001763f95cde0_0, 0, 2;
    %jmp T_2.20;
T_2.10 ;
    %pushi/vec4 0, 0, 1;
    %store/vec4 v000001763f95ce80_0, 0, 1;
    %pushi/vec4 0, 0, 1;
    %store/vec4 v000001763f95cc00_0, 0, 1;
    %pushi/vec4 1, 0, 1;
    %store/vec4 v000001763f95c520_0, 0, 1;
    %pushi/vec4 0, 0, 1;
    %store/vec4 v000001763f95c980_0, 0, 1;
    %pushi/vec4 12, 0, 5;
    %store/vec4 v000001763f95d060_0, 0, 5;
    %pushi/vec4 0, 0, 1;
    %store/vec4 v000001763f95cac0_0, 0, 1;
    %pushi/vec4 1, 0, 1;
    %store/vec4 v000001763f95c700_0, 0, 1;
    %pushi/vec4 0, 0, 1;
    %store/vec4 v000001763f95c2a0_0, 0, 1;
    %pushi/vec4 1, 1, 2;
    %store/vec4 v000001763f95c660_0, 0, 2;
    %pushi/vec4 1, 0, 1;
    %store/vec4 v000001763f95c160_0, 0, 1;
    %pushi/vec4 0, 0, 1;
    %store/vec4 v000001763f95c340_0, 0, 1;
    %pushi/vec4 0, 0, 1;
    %store/vec4 v000001763f95cca0_0, 0, 1;
    %pushi/vec4 0, 0, 1;
    %store/vec4 v000001763f95c3e0_0, 0, 1;
    %pushi/vec4 0, 0, 1;
    %store/vec4 v000001763f95cf20_0, 0, 1;
    %pushi/vec4 0, 0, 2;
    %store/vec4 v000001763f95cde0_0, 0, 2;
    %jmp T_2.20;
T_2.11 ;
    %pushi/vec4 0, 0, 1;
    %store/vec4 v000001763f95ce80_0, 0, 1;
    %pushi/vec4 0, 0, 1;
    %store/vec4 v000001763f95cc00_0, 0, 1;
    %pushi/vec4 1, 0, 1;
    %store/vec4 v000001763f95c520_0, 0, 1;
    %pushi/vec4 0, 0, 1;
    %store/vec4 v000001763f95c980_0, 0, 1;
    %pushi/vec4 13, 0, 5;
    %store/vec4 v000001763f95d060_0, 0, 5;
    %pushi/vec4 0, 0, 1;
    %store/vec4 v000001763f95cac0_0, 0, 1;
    %pushi/vec4 1, 0, 1;
    %store/vec4 v000001763f95c700_0, 0, 1;
    %pushi/vec4 0, 0, 1;
    %store/vec4 v000001763f95c2a0_0, 0, 1;
    %pushi/vec4 1, 1, 2;
    %store/vec4 v000001763f95c660_0, 0, 2;
    %pushi/vec4 1, 0, 1;
    %store/vec4 v000001763f95c160_0, 0, 1;
    %pushi/vec4 0, 0, 1;
    %store/vec4 v000001763f95c340_0, 0, 1;
    %pushi/vec4 0, 0, 1;
    %store/vec4 v000001763f95cca0_0, 0, 1;
    %pushi/vec4 0, 0, 1;
    %store/vec4 v000001763f95c3e0_0, 0, 1;
    %pushi/vec4 0, 0, 1;
    %store/vec4 v000001763f95cf20_0, 0, 1;
    %pushi/vec4 0, 0, 2;
    %store/vec4 v000001763f95cde0_0, 0, 2;
    %jmp T_2.20;
T_2.12 ;
    %pushi/vec4 0, 0, 1;
    %store/vec4 v000001763f95ce80_0, 0, 1;
    %pushi/vec4 0, 0, 1;
    %store/vec4 v000001763f95cc00_0, 0, 1;
    %pushi/vec4 1, 0, 1;
    %store/vec4 v000001763f95c520_0, 0, 1;
    %pushi/vec4 0, 0, 1;
    %store/vec4 v000001763f95c980_0, 0, 1;
    %pushi/vec4 8, 0, 5;
    %store/vec4 v000001763f95d060_0, 0, 5;
    %pushi/vec4 0, 0, 1;
    %store/vec4 v000001763f95cac0_0, 0, 1;
    %pushi/vec4 1, 0, 1;
    %store/vec4 v000001763f95c700_0, 0, 1;
    %pushi/vec4 0, 0, 1;
    %store/vec4 v000001763f95c2a0_0, 0, 1;
    %pushi/vec4 1, 1, 2;
    %store/vec4 v000001763f95c660_0, 0, 2;
    %pushi/vec4 1, 0, 1;
    %store/vec4 v000001763f95c160_0, 0, 1;
    %pushi/vec4 0, 0, 1;
    %store/vec4 v000001763f95c340_0, 0, 1;
    %pushi/vec4 0, 0, 1;
    %store/vec4 v000001763f95cca0_0, 0, 1;
    %pushi/vec4 0, 0, 1;
    %store/vec4 v000001763f95c3e0_0, 0, 1;
    %pushi/vec4 0, 0, 1;
    %store/vec4 v000001763f95cf20_0, 0, 1;
    %pushi/vec4 0, 0, 2;
    %store/vec4 v000001763f95cde0_0, 0, 2;
    %jmp T_2.20;
T_2.13 ;
    %pushi/vec4 0, 0, 1;
    %store/vec4 v000001763f95ce80_0, 0, 1;
    %pushi/vec4 0, 0, 1;
    %store/vec4 v000001763f95cc00_0, 0, 1;
    %pushi/vec4 1, 0, 1;
    %store/vec4 v000001763f95c520_0, 0, 1;
    %pushi/vec4 0, 0, 1;
    %store/vec4 v000001763f95c980_0, 0, 1;
    %pushi/vec4 9, 0, 5;
    %store/vec4 v000001763f95d060_0, 0, 5;
    %pushi/vec4 0, 0, 1;
    %store/vec4 v000001763f95cac0_0, 0, 1;
    %pushi/vec4 1, 0, 1;
    %store/vec4 v000001763f95c700_0, 0, 1;
    %pushi/vec4 0, 0, 1;
    %store/vec4 v000001763f95c2a0_0, 0, 1;
    %pushi/vec4 1, 1, 2;
    %store/vec4 v000001763f95c660_0, 0, 2;
    %pushi/vec4 1, 0, 1;
    %store/vec4 v000001763f95c160_0, 0, 1;
    %pushi/vec4 0, 0, 1;
    %store/vec4 v000001763f95c340_0, 0, 1;
    %pushi/vec4 0, 0, 1;
    %store/vec4 v000001763f95cca0_0, 0, 1;
    %pushi/vec4 0, 0, 1;
    %store/vec4 v000001763f95c3e0_0, 0, 1;
    %pushi/vec4 0, 0, 1;
    %store/vec4 v000001763f95cf20_0, 0, 1;
    %pushi/vec4 0, 0, 2;
    %store/vec4 v000001763f95cde0_0, 0, 2;
    %jmp T_2.20;
T_2.14 ;
    %pushi/vec4 0, 0, 1;
    %store/vec4 v000001763f95ce80_0, 0, 1;
    %pushi/vec4 0, 0, 1;
    %store/vec4 v000001763f95cc00_0, 0, 1;
    %pushi/vec4 1, 0, 1;
    %store/vec4 v000001763f95c520_0, 0, 1;
    %pushi/vec4 0, 0, 1;
    %store/vec4 v000001763f95c980_0, 0, 1;
    %pushi/vec4 11, 0, 5;
    %store/vec4 v000001763f95d060_0, 0, 5;
    %pushi/vec4 0, 0, 1;
    %store/vec4 v000001763f95cac0_0, 0, 1;
    %pushi/vec4 1, 0, 1;
    %store/vec4 v000001763f95c700_0, 0, 1;
    %pushi/vec4 0, 0, 1;
    %store/vec4 v000001763f95c2a0_0, 0, 1;
    %pushi/vec4 1, 1, 2;
    %store/vec4 v000001763f95c660_0, 0, 2;
    %pushi/vec4 1, 0, 1;
    %store/vec4 v000001763f95c160_0, 0, 1;
    %pushi/vec4 0, 0, 1;
    %store/vec4 v000001763f95c340_0, 0, 1;
    %pushi/vec4 0, 0, 1;
    %store/vec4 v000001763f95cca0_0, 0, 1;
    %pushi/vec4 0, 0, 1;
    %store/vec4 v000001763f95c3e0_0, 0, 1;
    %pushi/vec4 0, 0, 1;
    %store/vec4 v000001763f95cf20_0, 0, 1;
    %pushi/vec4 0, 0, 2;
    %store/vec4 v000001763f95cde0_0, 0, 2;
    %jmp T_2.20;
T_2.15 ;
    %pushi/vec4 0, 0, 1;
    %store/vec4 v000001763f95ce80_0, 0, 1;
    %pushi/vec4 0, 0, 1;
    %store/vec4 v000001763f95cc00_0, 0, 1;
    %pushi/vec4 1, 0, 1;
    %store/vec4 v000001763f95c520_0, 0, 1;
    %pushi/vec4 0, 0, 1;
    %store/vec4 v000001763f95c980_0, 0, 1;
    %pushi/vec4 15, 0, 5;
    %store/vec4 v000001763f95d060_0, 0, 5;
    %pushi/vec4 0, 0, 1;
    %store/vec4 v000001763f95cac0_0, 0, 1;
    %pushi/vec4 1, 0, 1;
    %store/vec4 v000001763f95c700_0, 0, 1;
    %pushi/vec4 0, 0, 1;
    %store/vec4 v000001763f95c2a0_0, 0, 1;
    %pushi/vec4 1, 1, 2;
    %store/vec4 v000001763f95c660_0, 0, 2;
    %pushi/vec4 1, 0, 1;
    %store/vec4 v000001763f95c160_0, 0, 1;
    %pushi/vec4 0, 0, 1;
    %store/vec4 v000001763f95c340_0, 0, 1;
    %pushi/vec4 0, 0, 1;
    %store/vec4 v000001763f95cca0_0, 0, 1;
    %pushi/vec4 0, 0, 1;
    %store/vec4 v000001763f95c3e0_0, 0, 1;
    %pushi/vec4 0, 0, 1;
    %store/vec4 v000001763f95cf20_0, 0, 1;
    %pushi/vec4 0, 0, 2;
    %store/vec4 v000001763f95cde0_0, 0, 2;
    %jmp T_2.20;
T_2.16 ;
    %pushi/vec4 0, 0, 1;
    %store/vec4 v000001763f95ce80_0, 0, 1;
    %pushi/vec4 0, 0, 1;
    %store/vec4 v000001763f95cc00_0, 0, 1;
    %pushi/vec4 1, 0, 1;
    %store/vec4 v000001763f95c520_0, 0, 1;
    %pushi/vec4 0, 0, 1;
    %store/vec4 v000001763f95c980_0, 0, 1;
    %pushi/vec4 16, 0, 5;
    %store/vec4 v000001763f95d060_0, 0, 5;
    %pushi/vec4 0, 0, 1;
    %store/vec4 v000001763f95cac0_0, 0, 1;
    %pushi/vec4 1, 0, 1;
    %store/vec4 v000001763f95c700_0, 0, 1;
    %pushi/vec4 0, 0, 1;
    %store/vec4 v000001763f95c2a0_0, 0, 1;
    %pushi/vec4 1, 1, 2;
    %store/vec4 v000001763f95c660_0, 0, 2;
    %pushi/vec4 1, 0, 1;
    %store/vec4 v000001763f95c160_0, 0, 1;
    %pushi/vec4 0, 0, 1;
    %store/vec4 v000001763f95c340_0, 0, 1;
    %pushi/vec4 0, 0, 1;
    %store/vec4 v000001763f95cca0_0, 0, 1;
    %pushi/vec4 0, 0, 1;
    %store/vec4 v000001763f95c3e0_0, 0, 1;
    %pushi/vec4 0, 0, 1;
    %store/vec4 v000001763f95cf20_0, 0, 1;
    %pushi/vec4 0, 0, 2;
    %store/vec4 v000001763f95cde0_0, 0, 2;
    %jmp T_2.20;
T_2.17 ;
    %pushi/vec4 0, 0, 1;
    %store/vec4 v000001763f95ce80_0, 0, 1;
    %pushi/vec4 0, 0, 1;
    %store/vec4 v000001763f95cc00_0, 0, 1;
    %pushi/vec4 1, 0, 1;
    %store/vec4 v000001763f95c520_0, 0, 1;
    %pushi/vec4 0, 0, 1;
    %store/vec4 v000001763f95c980_0, 0, 1;
    %pushi/vec4 18, 0, 5;
    %store/vec4 v000001763f95d060_0, 0, 5;
    %pushi/vec4 0, 0, 1;
    %store/vec4 v000001763f95cac0_0, 0, 1;
    %pushi/vec4 1, 0, 1;
    %store/vec4 v000001763f95c700_0, 0, 1;
    %pushi/vec4 0, 0, 1;
    %store/vec4 v000001763f95c2a0_0, 0, 1;
    %pushi/vec4 1, 1, 2;
    %store/vec4 v000001763f95c660_0, 0, 2;
    %pushi/vec4 1, 0, 1;
    %store/vec4 v000001763f95c160_0, 0, 1;
    %pushi/vec4 0, 0, 1;
    %store/vec4 v000001763f95c340_0, 0, 1;
    %pushi/vec4 0, 0, 1;
    %store/vec4 v000001763f95cca0_0, 0, 1;
    %pushi/vec4 0, 0, 1;
    %store/vec4 v000001763f95c3e0_0, 0, 1;
    %pushi/vec4 0, 0, 1;
    %store/vec4 v000001763f95cf20_0, 0, 1;
    %pushi/vec4 0, 0, 2;
    %store/vec4 v000001763f95cde0_0, 0, 2;
    %jmp T_2.20;
T_2.18 ;
    %pushi/vec4 0, 0, 1;
    %store/vec4 v000001763f95ce80_0, 0, 1;
    %pushi/vec4 0, 0, 1;
    %store/vec4 v000001763f95cc00_0, 0, 1;
    %pushi/vec4 1, 0, 1;
    %store/vec4 v000001763f95c520_0, 0, 1;
    %pushi/vec4 0, 0, 1;
    %store/vec4 v000001763f95c980_0, 0, 1;
    %pushi/vec4 31, 0, 5;
    %store/vec4 v000001763f95d060_0, 0, 5;
    %pushi/vec4 0, 0, 1;
    %store/vec4 v000001763f95cac0_0, 0, 1;
    %pushi/vec4 1, 0, 1;
    %store/vec4 v000001763f95c700_0, 0, 1;
    %pushi/vec4 0, 0, 1;
    %store/vec4 v000001763f95c2a0_0, 0, 1;
    %pushi/vec4 1, 1, 2;
    %store/vec4 v000001763f95c660_0, 0, 2;
    %pushi/vec4 1, 0, 1;
    %store/vec4 v000001763f95c160_0, 0, 1;
    %pushi/vec4 0, 0, 1;
    %store/vec4 v000001763f95c340_0, 0, 1;
    %pushi/vec4 1, 0, 1;
    %store/vec4 v000001763f95cca0_0, 0, 1;
    %pushi/vec4 1, 0, 1;
    %store/vec4 v000001763f95c3e0_0, 0, 1;
    %pushi/vec4 0, 0, 1;
    %store/vec4 v000001763f95cf20_0, 0, 1;
    %pushi/vec4 0, 0, 2;
    %store/vec4 v000001763f95cde0_0, 0, 2;
    %jmp T_2.20;
T_2.19 ;
    %pushi/vec4 0, 0, 1;
    %store/vec4 v000001763f95ce80_0, 0, 1;
    %pushi/vec4 0, 0, 1;
    %store/vec4 v000001763f95cc00_0, 0, 1;
    %pushi/vec4 1, 0, 1;
    %store/vec4 v000001763f95c520_0, 0, 1;
    %pushi/vec4 0, 0, 1;
    %store/vec4 v000001763f95c980_0, 0, 1;
    %pushi/vec4 31, 0, 5;
    %store/vec4 v000001763f95d060_0, 0, 5;
    %pushi/vec4 0, 0, 1;
    %store/vec4 v000001763f95cac0_0, 0, 1;
    %pushi/vec4 0, 0, 1;
    %store/vec4 v000001763f95c700_0, 0, 1;
    %pushi/vec4 0, 0, 1;
    %store/vec4 v000001763f95c2a0_0, 0, 1;
    %pushi/vec4 1, 1, 2;
    %store/vec4 v000001763f95c660_0, 0, 2;
    %pushi/vec4 1, 0, 1;
    %store/vec4 v000001763f95c160_0, 0, 1;
    %pushi/vec4 0, 0, 1;
    %store/vec4 v000001763f95c340_0, 0, 1;
    %pushi/vec4 1, 0, 1;
    %store/vec4 v000001763f95cca0_0, 0, 1;
    %pushi/vec4 0, 0, 1;
    %store/vec4 v000001763f95c3e0_0, 0, 1;
    %pushi/vec4 0, 0, 1;
    %store/vec4 v000001763f95cf20_0, 0, 1;
    %pushi/vec4 0, 0, 2;
    %store/vec4 v000001763f95cde0_0, 0, 2;
    %jmp T_2.20;
T_2.20 ;
    %pop/vec4 1;
    %jmp T_2.1;
T_2.0 ;
    %load/vec4 v000001763f95ca20_0;
    %dup/vec4;
    %pushi/vec4 8, 0, 6;
    %cmp/u;
    %jmp/1 T_2.21, 6;
    %dup/vec4;
    %pushi/vec4 9, 0, 6;
    %cmp/u;
    %jmp/1 T_2.22, 6;
    %dup/vec4;
    %pushi/vec4 13, 0, 6;
    %cmp/u;
    %jmp/1 T_2.23, 6;
    %dup/vec4;
    %pushi/vec4 12, 0, 6;
    %cmp/u;
    %jmp/1 T_2.24, 6;
    %dup/vec4;
    %pushi/vec4 14, 0, 6;
    %cmp/u;
    %jmp/1 T_2.25, 6;
    %dup/vec4;
    %pushi/vec4 10, 0, 6;
    %cmp/u;
    %jmp/1 T_2.26, 6;
    %dup/vec4;
    %pushi/vec4 11, 0, 6;
    %cmp/u;
    %jmp/1 T_2.27, 6;
    %dup/vec4;
    %pushi/vec4 4, 0, 6;
    %cmp/u;
    %jmp/1 T_2.28, 6;
    %dup/vec4;
    %pushi/vec4 5, 0, 6;
    %cmp/u;
    %jmp/1 T_2.29, 6;
    %dup/vec4;
    %pushi/vec4 1, 0, 6;
    %cmp/u;
    %jmp/1 T_2.30, 6;
    %dup/vec4;
    %pushi/vec4 6, 0, 6;
    %cmp/u;
    %jmp/1 T_2.31, 6;
    %dup/vec4;
    %pushi/vec4 7, 0, 6;
    %cmp/u;
    %jmp/1 T_2.32, 6;
    %dup/vec4;
    %pushi/vec4 35, 0, 6;
    %cmp/u;
    %jmp/1 T_2.33, 6;
    %dup/vec4;
    %pushi/vec4 43, 0, 6;
    %cmp/u;
    %jmp/1 T_2.34, 6;
    %dup/vec4;
    %pushi/vec4 40, 0, 6;
    %cmp/u;
    %jmp/1 T_2.35, 6;
    %dup/vec4;
    %pushi/vec4 32, 0, 6;
    %cmp/u;
    %jmp/1 T_2.36, 6;
    %dup/vec4;
    %pushi/vec4 36, 0, 6;
    %cmp/u;
    %jmp/1 T_2.37, 6;
    %dup/vec4;
    %pushi/vec4 15, 0, 6;
    %cmp/u;
    %jmp/1 T_2.38, 6;
    %dup/vec4;
    %pushi/vec4 2, 0, 6;
    %cmp/u;
    %jmp/1 T_2.39, 6;
    %dup/vec4;
    %pushi/vec4 3, 0, 6;
    %cmp/u;
    %jmp/1 T_2.40, 6;
    %jmp T_2.41;
T_2.21 ;
    %pushi/vec4 0, 0, 1;
    %store/vec4 v000001763f95ce80_0, 0, 1;
    %pushi/vec4 0, 0, 1;
    %store/vec4 v000001763f95cc00_0, 0, 1;
    %pushi/vec4 0, 0, 1;
    %store/vec4 v000001763f95c520_0, 0, 1;
    %pushi/vec4 1, 0, 1;
    %store/vec4 v000001763f95c980_0, 0, 1;
    %pushi/vec4 0, 0, 5;
    %store/vec4 v000001763f95d060_0, 0, 5;
    %pushi/vec4 0, 0, 1;
    %store/vec4 v000001763f95cac0_0, 0, 1;
    %pushi/vec4 1, 0, 1;
    %store/vec4 v000001763f95c700_0, 0, 1;
    %pushi/vec4 0, 0, 1;
    %store/vec4 v000001763f95c2a0_0, 0, 1;
    %pushi/vec4 1, 0, 2;
    %store/vec4 v000001763f95c660_0, 0, 2;
    %pushi/vec4 0, 0, 1;
    %store/vec4 v000001763f95c160_0, 0, 1;
    %pushi/vec4 0, 0, 1;
    %store/vec4 v000001763f95c340_0, 0, 1;
    %pushi/vec4 0, 0, 1;
    %store/vec4 v000001763f95cca0_0, 0, 1;
    %pushi/vec4 0, 0, 1;
    %store/vec4 v000001763f95c3e0_0, 0, 1;
    %pushi/vec4 0, 0, 1;
    %store/vec4 v000001763f95cf20_0, 0, 1;
    %pushi/vec4 0, 0, 2;
    %store/vec4 v000001763f95cde0_0, 0, 2;
    %jmp T_2.41;
T_2.22 ;
    %pushi/vec4 0, 0, 1;
    %store/vec4 v000001763f95ce80_0, 0, 1;
    %pushi/vec4 0, 0, 1;
    %store/vec4 v000001763f95cc00_0, 0, 1;
    %pushi/vec4 0, 0, 1;
    %store/vec4 v000001763f95c520_0, 0, 1;
    %pushi/vec4 1, 0, 1;
    %store/vec4 v000001763f95c980_0, 0, 1;
    %pushi/vec4 1, 0, 5;
    %store/vec4 v000001763f95d060_0, 0, 5;
    %pushi/vec4 0, 0, 1;
    %store/vec4 v000001763f95cac0_0, 0, 1;
    %pushi/vec4 1, 0, 1;
    %store/vec4 v000001763f95c700_0, 0, 1;
    %pushi/vec4 0, 0, 1;
    %store/vec4 v000001763f95c2a0_0, 0, 1;
    %pushi/vec4 1, 0, 2;
    %store/vec4 v000001763f95c660_0, 0, 2;
    %pushi/vec4 0, 0, 1;
    %store/vec4 v000001763f95c160_0, 0, 1;
    %pushi/vec4 0, 0, 1;
    %store/vec4 v000001763f95c340_0, 0, 1;
    %pushi/vec4 0, 0, 1;
    %store/vec4 v000001763f95cca0_0, 0, 1;
    %pushi/vec4 0, 0, 1;
    %store/vec4 v000001763f95c3e0_0, 0, 1;
    %pushi/vec4 0, 0, 1;
    %store/vec4 v000001763f95cf20_0, 0, 1;
    %pushi/vec4 0, 0, 2;
    %store/vec4 v000001763f95cde0_0, 0, 2;
    %jmp T_2.41;
T_2.23 ;
    %pushi/vec4 0, 0, 1;
    %store/vec4 v000001763f95ce80_0, 0, 1;
    %pushi/vec4 0, 0, 1;
    %store/vec4 v000001763f95cc00_0, 0, 1;
    %pushi/vec4 0, 0, 1;
    %store/vec4 v000001763f95c520_0, 0, 1;
    %pushi/vec4 1, 0, 1;
    %store/vec4 v000001763f95c980_0, 0, 1;
    %pushi/vec4 5, 0, 5;
    %store/vec4 v000001763f95d060_0, 0, 5;
    %pushi/vec4 0, 0, 1;
    %store/vec4 v000001763f95cac0_0, 0, 1;
    %pushi/vec4 1, 0, 1;
    %store/vec4 v000001763f95c700_0, 0, 1;
    %pushi/vec4 0, 0, 1;
    %store/vec4 v000001763f95c2a0_0, 0, 1;
    %pushi/vec4 0, 0, 2;
    %store/vec4 v000001763f95c660_0, 0, 2;
    %pushi/vec4 0, 0, 1;
    %store/vec4 v000001763f95c160_0, 0, 1;
    %pushi/vec4 0, 0, 1;
    %store/vec4 v000001763f95c340_0, 0, 1;
    %pushi/vec4 0, 0, 1;
    %store/vec4 v000001763f95cca0_0, 0, 1;
    %pushi/vec4 0, 0, 1;
    %store/vec4 v000001763f95c3e0_0, 0, 1;
    %pushi/vec4 0, 0, 1;
    %store/vec4 v000001763f95cf20_0, 0, 1;
    %pushi/vec4 0, 0, 2;
    %store/vec4 v000001763f95cde0_0, 0, 2;
    %jmp T_2.41;
T_2.24 ;
    %pushi/vec4 0, 0, 1;
    %store/vec4 v000001763f95ce80_0, 0, 1;
    %pushi/vec4 0, 0, 1;
    %store/vec4 v000001763f95cc00_0, 0, 1;
    %pushi/vec4 0, 0, 1;
    %store/vec4 v000001763f95c520_0, 0, 1;
    %pushi/vec4 1, 0, 1;
    %store/vec4 v000001763f95c980_0, 0, 1;
    %pushi/vec4 4, 0, 5;
    %store/vec4 v000001763f95d060_0, 0, 5;
    %pushi/vec4 0, 0, 1;
    %store/vec4 v000001763f95cac0_0, 0, 1;
    %pushi/vec4 1, 0, 1;
    %store/vec4 v000001763f95c700_0, 0, 1;
    %pushi/vec4 0, 0, 1;
    %store/vec4 v000001763f95c2a0_0, 0, 1;
    %pushi/vec4 0, 0, 2;
    %store/vec4 v000001763f95c660_0, 0, 2;
    %pushi/vec4 0, 0, 1;
    %store/vec4 v000001763f95c160_0, 0, 1;
    %pushi/vec4 0, 0, 1;
    %store/vec4 v000001763f95c340_0, 0, 1;
    %pushi/vec4 0, 0, 1;
    %store/vec4 v000001763f95cca0_0, 0, 1;
    %pushi/vec4 0, 0, 1;
    %store/vec4 v000001763f95c3e0_0, 0, 1;
    %pushi/vec4 0, 0, 1;
    %store/vec4 v000001763f95cf20_0, 0, 1;
    %pushi/vec4 0, 0, 2;
    %store/vec4 v000001763f95cde0_0, 0, 2;
    %jmp T_2.41;
T_2.25 ;
    %pushi/vec4 0, 0, 1;
    %store/vec4 v000001763f95ce80_0, 0, 1;
    %pushi/vec4 0, 0, 1;
    %store/vec4 v000001763f95cc00_0, 0, 1;
    %pushi/vec4 0, 0, 1;
    %store/vec4 v000001763f95c520_0, 0, 1;
    %pushi/vec4 1, 0, 1;
    %store/vec4 v000001763f95c980_0, 0, 1;
    %pushi/vec4 6, 0, 5;
    %store/vec4 v000001763f95d060_0, 0, 5;
    %pushi/vec4 0, 0, 1;
    %store/vec4 v000001763f95cac0_0, 0, 1;
    %pushi/vec4 1, 0, 1;
    %store/vec4 v000001763f95c700_0, 0, 1;
    %pushi/vec4 0, 0, 1;
    %store/vec4 v000001763f95c2a0_0, 0, 1;
    %pushi/vec4 0, 0, 2;
    %store/vec4 v000001763f95c660_0, 0, 2;
    %pushi/vec4 0, 0, 1;
    %store/vec4 v000001763f95c160_0, 0, 1;
    %pushi/vec4 0, 0, 1;
    %store/vec4 v000001763f95c340_0, 0, 1;
    %pushi/vec4 0, 0, 1;
    %store/vec4 v000001763f95cca0_0, 0, 1;
    %pushi/vec4 0, 0, 1;
    %store/vec4 v000001763f95c3e0_0, 0, 1;
    %pushi/vec4 0, 0, 1;
    %store/vec4 v000001763f95cf20_0, 0, 1;
    %pushi/vec4 0, 0, 2;
    %store/vec4 v000001763f95cde0_0, 0, 2;
    %jmp T_2.41;
T_2.26 ;
    %pushi/vec4 0, 0, 1;
    %store/vec4 v000001763f95ce80_0, 0, 1;
    %pushi/vec4 0, 0, 1;
    %store/vec4 v000001763f95cc00_0, 0, 1;
    %pushi/vec4 0, 0, 1;
    %store/vec4 v000001763f95c520_0, 0, 1;
    %pushi/vec4 1, 0, 1;
    %store/vec4 v000001763f95c980_0, 0, 1;
    %pushi/vec4 12, 0, 5;
    %store/vec4 v000001763f95d060_0, 0, 5;
    %pushi/vec4 0, 0, 1;
    %store/vec4 v000001763f95cac0_0, 0, 1;
    %pushi/vec4 1, 0, 1;
    %store/vec4 v000001763f95c700_0, 0, 1;
    %pushi/vec4 0, 0, 1;
    %store/vec4 v000001763f95c2a0_0, 0, 1;
    %pushi/vec4 1, 0, 2;
    %store/vec4 v000001763f95c660_0, 0, 2;
    %pushi/vec4 0, 0, 1;
    %store/vec4 v000001763f95c160_0, 0, 1;
    %pushi/vec4 0, 0, 1;
    %store/vec4 v000001763f95c340_0, 0, 1;
    %pushi/vec4 0, 0, 1;
    %store/vec4 v000001763f95cca0_0, 0, 1;
    %pushi/vec4 0, 0, 1;
    %store/vec4 v000001763f95c3e0_0, 0, 1;
    %pushi/vec4 0, 0, 1;
    %store/vec4 v000001763f95cf20_0, 0, 1;
    %pushi/vec4 0, 0, 2;
    %store/vec4 v000001763f95cde0_0, 0, 2;
    %jmp T_2.41;
T_2.27 ;
    %pushi/vec4 0, 0, 1;
    %store/vec4 v000001763f95ce80_0, 0, 1;
    %pushi/vec4 0, 0, 1;
    %store/vec4 v000001763f95cc00_0, 0, 1;
    %pushi/vec4 0, 0, 1;
    %store/vec4 v000001763f95c520_0, 0, 1;
    %pushi/vec4 1, 0, 1;
    %store/vec4 v000001763f95c980_0, 0, 1;
    %pushi/vec4 13, 0, 5;
    %store/vec4 v000001763f95d060_0, 0, 5;
    %pushi/vec4 0, 0, 1;
    %store/vec4 v000001763f95cac0_0, 0, 1;
    %pushi/vec4 1, 0, 1;
    %store/vec4 v000001763f95c700_0, 0, 1;
    %pushi/vec4 0, 0, 1;
    %store/vec4 v000001763f95c2a0_0, 0, 1;
    %pushi/vec4 1, 0, 2;
    %store/vec4 v000001763f95c660_0, 0, 2;
    %pushi/vec4 0, 0, 1;
    %store/vec4 v000001763f95c160_0, 0, 1;
    %pushi/vec4 0, 0, 1;
    %store/vec4 v000001763f95c340_0, 0, 1;
    %pushi/vec4 0, 0, 1;
    %store/vec4 v000001763f95cca0_0, 0, 1;
    %pushi/vec4 0, 0, 1;
    %store/vec4 v000001763f95c3e0_0, 0, 1;
    %pushi/vec4 0, 0, 1;
    %store/vec4 v000001763f95cf20_0, 0, 1;
    %pushi/vec4 0, 0, 2;
    %store/vec4 v000001763f95cde0_0, 0, 2;
    %jmp T_2.41;
T_2.28 ;
    %pushi/vec4 1, 0, 1;
    %store/vec4 v000001763f95ce80_0, 0, 1;
    %pushi/vec4 0, 0, 1;
    %store/vec4 v000001763f95cc00_0, 0, 1;
    %pushi/vec4 1, 1, 1;
    %store/vec4 v000001763f95c520_0, 0, 1;
    %pushi/vec4 0, 0, 1;
    %store/vec4 v000001763f95c980_0, 0, 1;
    %pushi/vec4 2, 0, 5;
    %store/vec4 v000001763f95d060_0, 0, 5;
    %pushi/vec4 1, 1, 1;
    %store/vec4 v000001763f95cac0_0, 0, 1;
    %pushi/vec4 0, 0, 1;
    %store/vec4 v000001763f95c700_0, 0, 1;
    %pushi/vec4 0, 0, 1;
    %store/vec4 v000001763f95c2a0_0, 0, 1;
    %pushi/vec4 1, 1, 2;
    %store/vec4 v000001763f95c660_0, 0, 2;
    %pushi/vec4 0, 0, 1;
    %store/vec4 v000001763f95c160_0, 0, 1;
    %pushi/vec4 0, 0, 1;
    %store/vec4 v000001763f95c340_0, 0, 1;
    %pushi/vec4 0, 0, 1;
    %store/vec4 v000001763f95cca0_0, 0, 1;
    %pushi/vec4 0, 0, 1;
    %store/vec4 v000001763f95c3e0_0, 0, 1;
    %pushi/vec4 0, 0, 1;
    %store/vec4 v000001763f95cf20_0, 0, 1;
    %pushi/vec4 0, 0, 2;
    %store/vec4 v000001763f95cde0_0, 0, 2;
    %jmp T_2.41;
T_2.29 ;
    %pushi/vec4 1, 0, 1;
    %store/vec4 v000001763f95ce80_0, 0, 1;
    %pushi/vec4 0, 0, 1;
    %store/vec4 v000001763f95cc00_0, 0, 1;
    %pushi/vec4 1, 1, 1;
    %store/vec4 v000001763f95c520_0, 0, 1;
    %pushi/vec4 0, 0, 1;
    %store/vec4 v000001763f95c980_0, 0, 1;
    %pushi/vec4 2, 0, 5;
    %store/vec4 v000001763f95d060_0, 0, 5;
    %pushi/vec4 1, 1, 1;
    %store/vec4 v000001763f95cac0_0, 0, 1;
    %pushi/vec4 0, 0, 1;
    %store/vec4 v000001763f95c700_0, 0, 1;
    %pushi/vec4 0, 0, 1;
    %store/vec4 v000001763f95c2a0_0, 0, 1;
    %pushi/vec4 1, 1, 2;
    %store/vec4 v000001763f95c660_0, 0, 2;
    %pushi/vec4 0, 0, 1;
    %store/vec4 v000001763f95c160_0, 0, 1;
    %pushi/vec4 0, 0, 1;
    %store/vec4 v000001763f95c340_0, 0, 1;
    %pushi/vec4 0, 0, 1;
    %store/vec4 v000001763f95cca0_0, 0, 1;
    %pushi/vec4 0, 0, 1;
    %store/vec4 v000001763f95c3e0_0, 0, 1;
    %pushi/vec4 0, 0, 1;
    %store/vec4 v000001763f95cf20_0, 0, 1;
    %pushi/vec4 0, 0, 2;
    %store/vec4 v000001763f95cde0_0, 0, 2;
    %jmp T_2.41;
T_2.30 ;
    %pushi/vec4 1, 0, 1;
    %store/vec4 v000001763f95ce80_0, 0, 1;
    %pushi/vec4 0, 0, 1;
    %store/vec4 v000001763f95cc00_0, 0, 1;
    %pushi/vec4 1, 1, 1;
    %store/vec4 v000001763f95c520_0, 0, 1;
    %pushi/vec4 0, 0, 1;
    %store/vec4 v000001763f95c980_0, 0, 1;
    %pushi/vec4 31, 0, 5;
    %store/vec4 v000001763f95d060_0, 0, 5;
    %pushi/vec4 1, 1, 1;
    %store/vec4 v000001763f95cac0_0, 0, 1;
    %pushi/vec4 0, 0, 1;
    %store/vec4 v000001763f95c700_0, 0, 1;
    %pushi/vec4 0, 0, 1;
    %store/vec4 v000001763f95c2a0_0, 0, 1;
    %pushi/vec4 1, 1, 2;
    %store/vec4 v000001763f95c660_0, 0, 2;
    %pushi/vec4 0, 0, 1;
    %store/vec4 v000001763f95c160_0, 0, 1;
    %pushi/vec4 0, 0, 1;
    %store/vec4 v000001763f95c340_0, 0, 1;
    %pushi/vec4 0, 0, 1;
    %store/vec4 v000001763f95cca0_0, 0, 1;
    %pushi/vec4 0, 0, 1;
    %store/vec4 v000001763f95c3e0_0, 0, 1;
    %pushi/vec4 0, 0, 1;
    %store/vec4 v000001763f95cf20_0, 0, 1;
    %pushi/vec4 0, 0, 2;
    %store/vec4 v000001763f95cde0_0, 0, 2;
    %jmp T_2.41;
T_2.31 ;
    %pushi/vec4 1, 0, 1;
    %store/vec4 v000001763f95ce80_0, 0, 1;
    %pushi/vec4 0, 0, 1;
    %store/vec4 v000001763f95cc00_0, 0, 1;
    %pushi/vec4 1, 1, 1;
    %store/vec4 v000001763f95c520_0, 0, 1;
    %pushi/vec4 0, 0, 1;
    %store/vec4 v000001763f95c980_0, 0, 1;
    %pushi/vec4 31, 0, 5;
    %store/vec4 v000001763f95d060_0, 0, 5;
    %pushi/vec4 1, 1, 1;
    %store/vec4 v000001763f95cac0_0, 0, 1;
    %pushi/vec4 0, 0, 1;
    %store/vec4 v000001763f95c700_0, 0, 1;
    %pushi/vec4 0, 0, 1;
    %store/vec4 v000001763f95c2a0_0, 0, 1;
    %pushi/vec4 1, 1, 2;
    %store/vec4 v000001763f95c660_0, 0, 2;
    %pushi/vec4 0, 0, 1;
    %store/vec4 v000001763f95c160_0, 0, 1;
    %pushi/vec4 0, 0, 1;
    %store/vec4 v000001763f95c340_0, 0, 1;
    %pushi/vec4 0, 0, 1;
    %store/vec4 v000001763f95cca0_0, 0, 1;
    %pushi/vec4 0, 0, 1;
    %store/vec4 v000001763f95c3e0_0, 0, 1;
    %pushi/vec4 0, 0, 1;
    %store/vec4 v000001763f95cf20_0, 0, 1;
    %pushi/vec4 0, 0, 2;
    %store/vec4 v000001763f95cde0_0, 0, 2;
    %jmp T_2.41;
T_2.32 ;
    %pushi/vec4 1, 0, 1;
    %store/vec4 v000001763f95ce80_0, 0, 1;
    %pushi/vec4 0, 0, 1;
    %store/vec4 v000001763f95cc00_0, 0, 1;
    %pushi/vec4 1, 1, 1;
    %store/vec4 v000001763f95c520_0, 0, 1;
    %pushi/vec4 0, 0, 1;
    %store/vec4 v000001763f95c980_0, 0, 1;
    %pushi/vec4 31, 0, 5;
    %store/vec4 v000001763f95d060_0, 0, 5;
    %pushi/vec4 1, 1, 1;
    %store/vec4 v000001763f95cac0_0, 0, 1;
    %pushi/vec4 0, 0, 1;
    %store/vec4 v000001763f95c700_0, 0, 1;
    %pushi/vec4 0, 0, 1;
    %store/vec4 v000001763f95c2a0_0, 0, 1;
    %pushi/vec4 1, 1, 2;
    %store/vec4 v000001763f95c660_0, 0, 2;
    %pushi/vec4 0, 0, 1;
    %store/vec4 v000001763f95c160_0, 0, 1;
    %pushi/vec4 0, 0, 1;
    %store/vec4 v000001763f95c340_0, 0, 1;
    %pushi/vec4 0, 0, 1;
    %store/vec4 v000001763f95cca0_0, 0, 1;
    %pushi/vec4 0, 0, 1;
    %store/vec4 v000001763f95c3e0_0, 0, 1;
    %pushi/vec4 0, 0, 1;
    %store/vec4 v000001763f95cf20_0, 0, 1;
    %pushi/vec4 0, 0, 2;
    %store/vec4 v000001763f95cde0_0, 0, 2;
    %jmp T_2.41;
T_2.33 ;
    %pushi/vec4 0, 0, 1;
    %store/vec4 v000001763f95ce80_0, 0, 1;
    %pushi/vec4 0, 0, 1;
    %store/vec4 v000001763f95cc00_0, 0, 1;
    %pushi/vec4 0, 0, 1;
    %store/vec4 v000001763f95c520_0, 0, 1;
    %pushi/vec4 1, 0, 1;
    %store/vec4 v000001763f95c980_0, 0, 1;
    %pushi/vec4 1, 0, 5;
    %store/vec4 v000001763f95d060_0, 0, 5;
    %pushi/vec4 1, 0, 1;
    %store/vec4 v000001763f95cac0_0, 0, 1;
    %pushi/vec4 1, 0, 1;
    %store/vec4 v000001763f95c700_0, 0, 1;
    %pushi/vec4 0, 0, 1;
    %store/vec4 v000001763f95c2a0_0, 0, 1;
    %pushi/vec4 1, 0, 2;
    %store/vec4 v000001763f95c660_0, 0, 2;
    %pushi/vec4 0, 0, 1;
    %store/vec4 v000001763f95c160_0, 0, 1;
    %pushi/vec4 0, 0, 1;
    %store/vec4 v000001763f95c340_0, 0, 1;
    %pushi/vec4 0, 0, 1;
    %store/vec4 v000001763f95cca0_0, 0, 1;
    %pushi/vec4 0, 0, 1;
    %store/vec4 v000001763f95c3e0_0, 0, 1;
    %pushi/vec4 0, 0, 1;
    %store/vec4 v000001763f95cf20_0, 0, 1;
    %pushi/vec4 0, 0, 2;
    %store/vec4 v000001763f95cde0_0, 0, 2;
    %jmp T_2.41;
T_2.34 ;
    %pushi/vec4 0, 0, 1;
    %store/vec4 v000001763f95ce80_0, 0, 1;
    %pushi/vec4 0, 0, 1;
    %store/vec4 v000001763f95cc00_0, 0, 1;
    %pushi/vec4 1, 1, 1;
    %store/vec4 v000001763f95c520_0, 0, 1;
    %pushi/vec4 1, 0, 1;
    %store/vec4 v000001763f95c980_0, 0, 1;
    %pushi/vec4 1, 0, 5;
    %store/vec4 v000001763f95d060_0, 0, 5;
    %pushi/vec4 0, 0, 1;
    %store/vec4 v000001763f95cac0_0, 0, 1;
    %pushi/vec4 0, 0, 1;
    %store/vec4 v000001763f95c700_0, 0, 1;
    %pushi/vec4 1, 0, 1;
    %store/vec4 v000001763f95c2a0_0, 0, 1;
    %pushi/vec4 1, 0, 2;
    %store/vec4 v000001763f95c660_0, 0, 2;
    %pushi/vec4 0, 0, 1;
    %store/vec4 v000001763f95c160_0, 0, 1;
    %pushi/vec4 0, 0, 1;
    %store/vec4 v000001763f95c340_0, 0, 1;
    %pushi/vec4 0, 0, 1;
    %store/vec4 v000001763f95cca0_0, 0, 1;
    %pushi/vec4 0, 0, 1;
    %store/vec4 v000001763f95c3e0_0, 0, 1;
    %pushi/vec4 0, 0, 1;
    %store/vec4 v000001763f95cf20_0, 0, 1;
    %pushi/vec4 0, 0, 2;
    %store/vec4 v000001763f95cde0_0, 0, 2;
    %jmp T_2.41;
T_2.35 ;
    %pushi/vec4 0, 0, 1;
    %store/vec4 v000001763f95ce80_0, 0, 1;
    %pushi/vec4 0, 0, 1;
    %store/vec4 v000001763f95cc00_0, 0, 1;
    %pushi/vec4 0, 0, 1;
    %store/vec4 v000001763f95c520_0, 0, 1;
    %pushi/vec4 1, 0, 1;
    %store/vec4 v000001763f95c980_0, 0, 1;
    %pushi/vec4 1, 0, 5;
    %store/vec4 v000001763f95d060_0, 0, 5;
    %pushi/vec4 1, 1, 1;
    %store/vec4 v000001763f95cac0_0, 0, 1;
    %pushi/vec4 0, 0, 1;
    %store/vec4 v000001763f95c700_0, 0, 1;
    %pushi/vec4 1, 0, 1;
    %store/vec4 v000001763f95c2a0_0, 0, 1;
    %pushi/vec4 1, 0, 2;
    %store/vec4 v000001763f95c660_0, 0, 2;
    %pushi/vec4 0, 0, 1;
    %store/vec4 v000001763f95c160_0, 0, 1;
    %pushi/vec4 0, 0, 1;
    %store/vec4 v000001763f95c340_0, 0, 1;
    %pushi/vec4 0, 0, 1;
    %store/vec4 v000001763f95cca0_0, 0, 1;
    %pushi/vec4 0, 0, 1;
    %store/vec4 v000001763f95c3e0_0, 0, 1;
    %pushi/vec4 1, 0, 1;
    %store/vec4 v000001763f95cf20_0, 0, 1;
    %pushi/vec4 0, 0, 2;
    %store/vec4 v000001763f95cde0_0, 0, 2;
    %jmp T_2.41;
T_2.36 ;
    %pushi/vec4 0, 0, 1;
    %store/vec4 v000001763f95ce80_0, 0, 1;
    %pushi/vec4 0, 0, 1;
    %store/vec4 v000001763f95cc00_0, 0, 1;
    %pushi/vec4 0, 0, 1;
    %store/vec4 v000001763f95c520_0, 0, 1;
    %pushi/vec4 1, 0, 1;
    %store/vec4 v000001763f95c980_0, 0, 1;
    %pushi/vec4 1, 0, 5;
    %store/vec4 v000001763f95d060_0, 0, 5;
    %pushi/vec4 1, 0, 1;
    %store/vec4 v000001763f95cac0_0, 0, 1;
    %pushi/vec4 1, 0, 1;
    %store/vec4 v000001763f95c700_0, 0, 1;
    %pushi/vec4 0, 0, 1;
    %store/vec4 v000001763f95c2a0_0, 0, 1;
    %pushi/vec4 1, 0, 2;
    %store/vec4 v000001763f95c660_0, 0, 2;
    %pushi/vec4 0, 0, 1;
    %store/vec4 v000001763f95c160_0, 0, 1;
    %pushi/vec4 0, 0, 1;
    %store/vec4 v000001763f95c340_0, 0, 1;
    %pushi/vec4 0, 0, 1;
    %store/vec4 v000001763f95cca0_0, 0, 1;
    %pushi/vec4 0, 0, 1;
    %store/vec4 v000001763f95c3e0_0, 0, 1;
    %pushi/vec4 0, 0, 1;
    %store/vec4 v000001763f95cf20_0, 0, 1;
    %pushi/vec4 3, 0, 2;
    %store/vec4 v000001763f95cde0_0, 0, 2;
    %jmp T_2.41;
T_2.37 ;
    %pushi/vec4 0, 0, 1;
    %store/vec4 v000001763f95ce80_0, 0, 1;
    %pushi/vec4 0, 0, 1;
    %store/vec4 v000001763f95cc00_0, 0, 1;
    %pushi/vec4 0, 0, 1;
    %store/vec4 v000001763f95c520_0, 0, 1;
    %pushi/vec4 1, 0, 1;
    %store/vec4 v000001763f95c980_0, 0, 1;
    %pushi/vec4 1, 0, 5;
    %store/vec4 v000001763f95d060_0, 0, 5;
    %pushi/vec4 1, 0, 1;
    %store/vec4 v000001763f95cac0_0, 0, 1;
    %pushi/vec4 1, 0, 1;
    %store/vec4 v000001763f95c700_0, 0, 1;
    %pushi/vec4 0, 0, 1;
    %store/vec4 v000001763f95c2a0_0, 0, 1;
    %pushi/vec4 1, 0, 2;
    %store/vec4 v000001763f95c660_0, 0, 2;
    %pushi/vec4 0, 0, 1;
    %store/vec4 v000001763f95c160_0, 0, 1;
    %pushi/vec4 0, 0, 1;
    %store/vec4 v000001763f95c340_0, 0, 1;
    %pushi/vec4 0, 0, 1;
    %store/vec4 v000001763f95cca0_0, 0, 1;
    %pushi/vec4 0, 0, 1;
    %store/vec4 v000001763f95c3e0_0, 0, 1;
    %pushi/vec4 0, 0, 1;
    %store/vec4 v000001763f95cf20_0, 0, 1;
    %pushi/vec4 2, 0, 2;
    %store/vec4 v000001763f95cde0_0, 0, 2;
    %jmp T_2.41;
T_2.38 ;
    %pushi/vec4 0, 0, 1;
    %store/vec4 v000001763f95ce80_0, 0, 1;
    %pushi/vec4 0, 0, 1;
    %store/vec4 v000001763f95cc00_0, 0, 1;
    %pushi/vec4 0, 0, 1;
    %store/vec4 v000001763f95c520_0, 0, 1;
    %pushi/vec4 1, 0, 1;
    %store/vec4 v000001763f95c980_0, 0, 1;
    %pushi/vec4 30, 0, 5;
    %store/vec4 v000001763f95d060_0, 0, 5;
    %pushi/vec4 0, 0, 1;
    %store/vec4 v000001763f95cac0_0, 0, 1;
    %pushi/vec4 1, 0, 1;
    %store/vec4 v000001763f95c700_0, 0, 1;
    %pushi/vec4 0, 0, 1;
    %store/vec4 v000001763f95c2a0_0, 0, 1;
    %pushi/vec4 2, 0, 2;
    %store/vec4 v000001763f95c660_0, 0, 2;
    %pushi/vec4 0, 0, 1;
    %store/vec4 v000001763f95c160_0, 0, 1;
    %pushi/vec4 0, 0, 1;
    %store/vec4 v000001763f95c340_0, 0, 1;
    %pushi/vec4 0, 0, 1;
    %store/vec4 v000001763f95cca0_0, 0, 1;
    %pushi/vec4 0, 0, 1;
    %store/vec4 v000001763f95c3e0_0, 0, 1;
    %pushi/vec4 0, 0, 1;
    %store/vec4 v000001763f95cf20_0, 0, 1;
    %pushi/vec4 0, 0, 2;
    %store/vec4 v000001763f95cde0_0, 0, 2;
    %jmp T_2.41;
T_2.39 ;
    %pushi/vec4 0, 0, 1;
    %store/vec4 v000001763f95ce80_0, 0, 1;
    %pushi/vec4 1, 0, 1;
    %store/vec4 v000001763f95cc00_0, 0, 1;
    %pushi/vec4 1, 1, 1;
    %store/vec4 v000001763f95c520_0, 0, 1;
    %pushi/vec4 1, 1, 1;
    %store/vec4 v000001763f95c980_0, 0, 1;
    %pushi/vec4 31, 31, 5;
    %store/vec4 v000001763f95d060_0, 0, 5;
    %pushi/vec4 1, 1, 1;
    %store/vec4 v000001763f95cac0_0, 0, 1;
    %pushi/vec4 0, 0, 1;
    %store/vec4 v000001763f95c700_0, 0, 1;
    %pushi/vec4 0, 0, 1;
    %store/vec4 v000001763f95c2a0_0, 0, 1;
    %pushi/vec4 1, 1, 2;
    %store/vec4 v000001763f95c660_0, 0, 2;
    %pushi/vec4 0, 0, 1;
    %store/vec4 v000001763f95c160_0, 0, 1;
    %pushi/vec4 0, 0, 1;
    %store/vec4 v000001763f95c340_0, 0, 1;
    %pushi/vec4 0, 0, 1;
    %store/vec4 v000001763f95cca0_0, 0, 1;
    %pushi/vec4 0, 0, 1;
    %store/vec4 v000001763f95c3e0_0, 0, 1;
    %pushi/vec4 0, 0, 1;
    %store/vec4 v000001763f95cf20_0, 0, 1;
    %pushi/vec4 0, 0, 2;
    %store/vec4 v000001763f95cde0_0, 0, 2;
    %jmp T_2.41;
T_2.40 ;
    %pushi/vec4 0, 0, 1;
    %store/vec4 v000001763f95ce80_0, 0, 1;
    %pushi/vec4 1, 0, 1;
    %store/vec4 v000001763f95cc00_0, 0, 1;
    %pushi/vec4 1, 1, 1;
    %store/vec4 v000001763f95c520_0, 0, 1;
    %pushi/vec4 1, 1, 1;
    %store/vec4 v000001763f95c980_0, 0, 1;
    %pushi/vec4 31, 31, 5;
    %store/vec4 v000001763f95d060_0, 0, 5;
    %pushi/vec4 1, 1, 1;
    %store/vec4 v000001763f95cac0_0, 0, 1;
    %pushi/vec4 1, 0, 1;
    %store/vec4 v000001763f95c700_0, 0, 1;
    %pushi/vec4 0, 0, 1;
    %store/vec4 v000001763f95c2a0_0, 0, 1;
    %pushi/vec4 1, 1, 2;
    %store/vec4 v000001763f95c660_0, 0, 2;
    %pushi/vec4 0, 0, 1;
    %store/vec4 v000001763f95c160_0, 0, 1;
    %pushi/vec4 1, 0, 1;
    %store/vec4 v000001763f95c340_0, 0, 1;
    %pushi/vec4 0, 0, 1;
    %store/vec4 v000001763f95cca0_0, 0, 1;
    %pushi/vec4 0, 0, 1;
    %store/vec4 v000001763f95c3e0_0, 0, 1;
    %pushi/vec4 0, 0, 1;
    %store/vec4 v000001763f95cf20_0, 0, 1;
    %pushi/vec4 0, 0, 2;
    %store/vec4 v000001763f95cde0_0, 0, 2;
    %jmp T_2.41;
T_2.41 ;
    %pop/vec4 1;
T_2.1 ;
    %jmp T_2;
    .thread T_2, $push;
# The file index is used to find the file name in the following table.
:file_names 6;
    "N/A";
    "<interactive>";
    "IDUnit.v";
    "./ControlUnit.v";
    "./Regfile.v";
    "./MUX.v";
